[0.006s] Invoking command in '/home/merlabros2/RBE595/build/franka_moveit_config': CMAKE_PREFIX_PATH=${CMAKE_PREFIX_PATH}:/home/merlabros2/RBE595/install/camera_module:/opt/ros/humble /usr/bin/cmake /home/merlabros2/RBE595/src/franka_moveit_config -DAMENT_CMAKE_SYMLINK_INSTALL=1 -DCMAKE_INSTALL_PREFIX=/home/merlabros2/RBE595/install/franka_moveit_config
[0.034s] -- The C compiler identification is GNU 11.4.0
[0.068s] -- The CXX compiler identification is GNU 11.4.0
[0.071s] -- Detecting C compiler ABI info
[0.109s] -- Detecting C compiler ABI info - done
[0.115s] -- Check for working C compiler: /usr/bin/cc - skipped
[0.115s] -- Detecting C compile features
[0.115s] -- Detecting C compile features - done
[0.117s] -- Detecting CXX compiler ABI info
[0.164s] -- Detecting CXX compiler ABI info - done
[0.168s] -- Check for working CXX compiler: /usr/bin/c++ - skipped
[0.168s] -- Detecting CXX compile features
[0.168s] -- Detecting CXX compile features - done
[0.169s] -- Found ament_cmake: 1.3.12 (/opt/ros/humble/share/ament_cmake/cmake)
[0.489s] -- Found Python3: /usr/bin/python3 (found version "3.10.12") found components: Interpreter 
[0.517s] -- Override CMake install command with custom implementation using symlinks instead of copying resources
[0.569s] -- Configuring done
[0.571s] -- Generating done
[0.572s] -- Build files have been written to: /home/merlabros2/RBE595/build/franka_moveit_config
[0.575s] Invoked command in '/home/merlabros2/RBE595/build/franka_moveit_config' returned '0': CMAKE_PREFIX_PATH=${CMAKE_PREFIX_PATH}:/home/merlabros2/RBE595/install/camera_module:/opt/ros/humble /usr/bin/cmake /home/merlabros2/RBE595/src/franka_moveit_config -DAMENT_CMAKE_SYMLINK_INSTALL=1 -DCMAKE_INSTALL_PREFIX=/home/merlabros2/RBE595/install/franka_moveit_config
[0.576s] Invoking command in '/home/merlabros2/RBE595/build/franka_moveit_config': CMAKE_PREFIX_PATH=${CMAKE_PREFIX_PATH}:/home/merlabros2/RBE595/install/camera_module:/opt/ros/humble /usr/bin/cmake --build /home/merlabros2/RBE595/build/franka_moveit_config -- -j32 -l32
[0.598s] Invoked command in '/home/merlabros2/RBE595/build/franka_moveit_config' returned '0': CMAKE_PREFIX_PATH=${CMAKE_PREFIX_PATH}:/home/merlabros2/RBE595/install/camera_module:/opt/ros/humble /usr/bin/cmake --build /home/merlabros2/RBE595/build/franka_moveit_config -- -j32 -l32
[0.604s] Invoking command in '/home/merlabros2/RBE595/build/franka_moveit_config': CMAKE_PREFIX_PATH=${CMAKE_PREFIX_PATH}:/home/merlabros2/RBE595/install/camera_module:/opt/ros/humble /usr/bin/cmake --install /home/merlabros2/RBE595/build/franka_moveit_config
[0.608s] -- Install configuration: ""
[0.608s] -- Execute custom install script
[0.608s] -- Symlinking: /home/merlabros2/RBE595/install/franka_moveit_config/share/ament_index/resource_index/package_run_dependencies/franka_moveit_config
[0.613s] -- Symlinking: /home/merlabros2/RBE595/install/franka_moveit_config/share/ament_index/resource_index/parent_prefix_path/franka_moveit_config
[0.618s] -- Symlinking: /home/merlabros2/RBE595/install/franka_moveit_config/share/franka_moveit_config/environment/ament_prefix_path.sh
[0.622s] -- Symlinking: /home/merlabros2/RBE595/install/franka_moveit_config/share/franka_moveit_config/environment/ament_prefix_path.dsv
[0.627s] -- Symlinking: /home/merlabros2/RBE595/install/franka_moveit_config/share/franka_moveit_config/environment/path.sh
[0.632s] -- Symlinking: /home/merlabros2/RBE595/install/franka_moveit_config/share/franka_moveit_config/environment/path.dsv
[0.637s] -- Symlinking: /home/merlabros2/RBE595/install/franka_moveit_config/share/franka_moveit_config/local_setup.bash
[0.642s] -- Symlinking: /home/merlabros2/RBE595/install/franka_moveit_config/share/franka_moveit_config/local_setup.sh
[0.646s] -- Symlinking: /home/merlabros2/RBE595/install/franka_moveit_config/share/franka_moveit_config/local_setup.zsh
[0.650s] -- Symlinking: /home/merlabros2/RBE595/install/franka_moveit_config/share/franka_moveit_config/local_setup.dsv
[0.654s] -- Symlinking: /home/merlabros2/RBE595/install/franka_moveit_config/share/franka_moveit_config/package.dsv
[0.657s] -- Symlinking: /home/merlabros2/RBE595/install/franka_moveit_config/share/ament_index/resource_index/packages/franka_moveit_config
[0.662s] -- Symlinking: /home/merlabros2/RBE595/install/franka_moveit_config/share/franka_moveit_config/cmake/franka_moveit_configConfig.cmake
[0.666s] -- Symlinking: /home/merlabros2/RBE595/install/franka_moveit_config/share/franka_moveit_config/cmake/franka_moveit_configConfig-version.cmake
[0.671s] -- Symlinking: /home/merlabros2/RBE595/install/franka_moveit_config/share/franka_moveit_config/package.xml
[0.676s] -- Symlinking: /home/merlabros2/RBE595/install/franka_moveit_config/share/franka_moveit_config/launch/demo.launch.py
[0.680s] -- Symlinking: /home/merlabros2/RBE595/install/franka_moveit_config/share/franka_moveit_config/launch/move_group.launch.py
[0.685s] -- Symlinking: /home/merlabros2/RBE595/install/franka_moveit_config/share/franka_moveit_config/launch/moveit_rviz.launch.py
[0.688s] -- Symlinking: /home/merlabros2/RBE595/install/franka_moveit_config/share/franka_moveit_config/launch/rsp.launch.py
[0.693s] -- Symlinking: /home/merlabros2/RBE595/install/franka_moveit_config/share/franka_moveit_config/launch/setup_assistant.launch.py
[0.698s] -- Symlinking: /home/merlabros2/RBE595/install/franka_moveit_config/share/franka_moveit_config/launch/spawn_controllers.launch.py
[0.702s] -- Symlinking: /home/merlabros2/RBE595/install/franka_moveit_config/share/franka_moveit_config/launch/static_virtual_joint_tfs.launch.py
[0.706s] -- Symlinking: /home/merlabros2/RBE595/install/franka_moveit_config/share/franka_moveit_config/launch/warehouse_db.launch.py
[0.711s] -- Symlinking: /home/merlabros2/RBE595/install/franka_moveit_config/share/franka_moveit_config/config/bio_ik_kinematics.yaml
[0.716s] -- Symlinking: /home/merlabros2/RBE595/install/franka_moveit_config/share/franka_moveit_config/config/chomp_planning.yaml
[0.719s] -- Symlinking: /home/merlabros2/RBE595/install/franka_moveit_config/share/franka_moveit_config/config/gripper_moveit_controllers.yaml
[0.724s] -- Symlinking: /home/merlabros2/RBE595/install/franka_moveit_config/share/franka_moveit_config/config/hand.xacro
[0.728s] -- Symlinking: /home/merlabros2/RBE595/install/franka_moveit_config/share/franka_moveit_config/config/hard_joint_limits.yaml
[0.732s] -- Symlinking: /home/merlabros2/RBE595/install/franka_moveit_config/share/franka_moveit_config/config/initial_positions.yaml
[0.737s] -- Symlinking: /home/merlabros2/RBE595/install/franka_moveit_config/share/franka_moveit_config/config/joint_limits.yaml
[0.742s] -- Symlinking: /home/merlabros2/RBE595/install/franka_moveit_config/share/franka_moveit_config/config/kinematics.yaml
[0.745s] -- Symlinking: /home/merlabros2/RBE595/install/franka_moveit_config/share/franka_moveit_config/config/lerp_planning.yaml
[0.749s] -- Symlinking: /home/merlabros2/RBE595/install/franka_moveit_config/share/franka_moveit_config/config/moveit.rviz
[0.754s] -- Symlinking: /home/merlabros2/RBE595/install/franka_moveit_config/share/franka_moveit_config/config/moveit_controllers.yaml
[0.759s] -- Symlinking: /home/merlabros2/RBE595/install/franka_moveit_config/share/franka_moveit_config/config/ompl_planning.yaml
[0.763s] -- Symlinking: /home/merlabros2/RBE595/install/franka_moveit_config/share/franka_moveit_config/config/panda.ros2_control.xacro
[0.768s] -- Symlinking: /home/merlabros2/RBE595/install/franka_moveit_config/share/franka_moveit_config/config/panda.srdf
[0.771s] -- Symlinking: /home/merlabros2/RBE595/install/franka_moveit_config/share/franka_moveit_config/config/panda.urdf.xacro
[0.776s] -- Symlinking: /home/merlabros2/RBE595/install/franka_moveit_config/share/franka_moveit_config/config/panda_arm.srdf.xacro
[0.780s] -- Symlinking: /home/merlabros2/RBE595/install/franka_moveit_config/share/franka_moveit_config/config/panda_arm.xacro
[0.783s] -- Symlinking: /home/merlabros2/RBE595/install/franka_moveit_config/share/franka_moveit_config/config/panda_arm_hand.srdf.xacro
[0.787s] -- Symlinking: /home/merlabros2/RBE595/install/franka_moveit_config/share/franka_moveit_config/config/panda_hand_control.xacro
[0.790s] -- Symlinking: /home/merlabros2/RBE595/install/franka_moveit_config/share/franka_moveit_config/config/pilz_cartesian_limits.yaml
[0.794s] -- Symlinking: /home/merlabros2/RBE595/install/franka_moveit_config/share/franka_moveit_config/config/pilz_industrial_motion_planner_planning.yaml
[0.798s] -- Symlinking: /home/merlabros2/RBE595/install/franka_moveit_config/share/franka_moveit_config/config/ros2_controllers.yaml
[0.802s] -- Symlinking: /home/merlabros2/RBE595/install/franka_moveit_config/share/franka_moveit_config/config/sensors_kinect_depthmap.yaml
[0.807s] -- Symlinking: /home/merlabros2/RBE595/install/franka_moveit_config/share/franka_moveit_config/config/sensors_kinect_pointcloud.yaml
[0.812s] -- Symlinking: /home/merlabros2/RBE595/install/franka_moveit_config/share/franka_moveit_config/config/stomp_planning
[0.815s] -- Symlinking: /home/merlabros2/RBE595/install/franka_moveit_config/share/franka_moveit_config/config/track_ik_kinematics.yaml
[0.819s] -- Symlinking: /home/merlabros2/RBE595/install/franka_moveit_config/share/franka_moveit_config/config/trajopt_planning.yaml
[0.824s] -- Symlinking: /home/merlabros2/RBE595/install/franka_moveit_config/share/franka_moveit_config/.setup_assistant
[0.828s] Invoked command in '/home/merlabros2/RBE595/build/franka_moveit_config' returned '0': CMAKE_PREFIX_PATH=${CMAKE_PREFIX_PATH}:/home/merlabros2/RBE595/install/camera_module:/opt/ros/humble /usr/bin/cmake --install /home/merlabros2/RBE595/build/franka_moveit_config
