-- The C compiler identification is GNU 11.4.0
-- The CXX compiler identification is GNU 11.4.0
-- Detecting C compiler ABI info
-- Detecting C compiler ABI info - done
-- Check for working C compiler: /usr/bin/cc - skipped
-- Detecting C compile features
-- Detecting C compile features - done
-- Detecting CXX compiler ABI info
-- Detecting CXX compiler ABI info - done
-- Check for working CXX compiler: /usr/bin/c++ - skipped
-- Detecting CXX compile features
-- Detecting CXX compile features - done
-- Found ament_cmake: 1.3.12 (/opt/ros/humble/share/ament_cmake/cmake)
-- Found Python3: /usr/bin/python3 (found version "3.10.12") found components: Interpreter 
-- Override CMake install command with custom implementation using symlinks instead of copying resources
-- Found rclcpp: 16.0.15 (/opt/ros/humble/share/rclcpp/cmake)
-- Found rosidl_generator_c: 3.1.7 (/opt/ros/humble/share/rosidl_generator_c/cmake)
-- Found rosidl_adapter: 3.1.7 (/opt/ros/humble/share/rosidl_adapter/cmake)
-- Found rosidl_generator_cpp: 3.1.7 (/opt/ros/humble/share/rosidl_generator_cpp/cmake)
-- Using all available rosidl_typesupport_c: rosidl_typesupport_fastrtps_c;rosidl_typesupport_introspection_c
-- Using all available rosidl_typesupport_cpp: rosidl_typesupport_fastrtps_cpp;rosidl_typesupport_introspection_cpp
-- Found rmw_implementation_cmake: 6.1.2 (/opt/ros/humble/share/rmw_implementation_cmake/cmake)
-- Found rmw_fastrtps_cpp: 6.2.8 (/opt/ros/humble/share/rmw_fastrtps_cpp/cmake)
-- Found OpenSSL: /usr/lib/x86_64-linux-gnu/libcrypto.so (found version "3.0.2")  
-- Found FastRTPS: /opt/ros/humble/include  
-- Using RMW implementation 'rmw_fastrtps_cpp' as default
-- Looking for pthread.h
-- Looking for pthread.h - found
-- Performing Test CMAKE_HAVE_LIBC_PTHREAD
-- Performing Test CMAKE_HAVE_LIBC_PTHREAD - Success
-- Found Threads: TRUE  
-- Found rclcpp_action: 16.0.15 (/opt/ros/humble/share/rclcpp_action/cmake)
-- Found geometry_msgs: 4.9.0 (/opt/ros/humble/share/geometry_msgs/cmake)
-- Found moveit_ros_planning_interface: 2.5.9 (/opt/ros/humble/share/moveit_ros_planning_interface/cmake)
-- Found Boost: /usr/lib/x86_64-linux-gnu/cmake/Boost-1.74.0/BoostConfig.cmake (found version "1.74.0") found components: date_time filesystem program_options system thread 
-- Found Boost: /usr/lib/x86_64-linux-gnu/cmake/Boost-1.74.0/BoostConfig.cmake (found version "1.74.0") found components: chrono date_time filesystem iostreams program_options regex serialization system thread 
-- Found parameter_traits: 0.5.0 (/opt/ros/humble/share/parameter_traits/cmake)
-- Found rclcpp_lifecycle: 16.0.15 (/opt/ros/humble/share/rclcpp_lifecycle/cmake)
-- Found Boost: /usr/lib/x86_64-linux-gnu/cmake/Boost-1.74.0/BoostConfig.cmake (found version "1.74.0") found components: filesystem 
-- library: /usr/lib/x86_64-linux-gnu/libcurl.so
-- Found Eigen3: TRUE (found version "3.4.0") 
-- Ensuring Eigen3 include directory is part of orocos-kdl CMake target
-- Found Boost: /usr/lib/x86_64-linux-gnu/cmake/Boost-1.74.0/BoostConfig.cmake (found version "1.74.0") found components: system filesystem date_time program_options thread chrono 
-- Found Boost: /usr/lib/x86_64-linux-gnu/cmake/Boost-1.74.0/BoostConfig.cmake (found version "1.74.0") found components: thread system filesystem regex date_time program_options 
-- Found Boost: /usr/lib/x86_64-linux-gnu/cmake/Boost-1.74.0/BoostConfig.cmake (found version "1.74.0") found components: system filesystem date_time program_options thread 
-- Found franka_msgs: 1.0.0 (/opt/ros/humble/share/franka_msgs/cmake)
-- Found rosidl_default_generators: 1.2.0 (/opt/ros/humble/share/rosidl_default_generators/cmake)
-- Found ament_cmake_ros: 0.10.0 (/opt/ros/humble/share/ament_cmake_ros/cmake)
-- Using all available rosidl_typesupport_c: rosidl_typesupport_fastrtps_c;rosidl_typesupport_introspection_c
-- Using all available rosidl_typesupport_cpp: rosidl_typesupport_fastrtps_cpp;rosidl_typesupport_introspection_cpp
-- Found PythonInterp: /usr/bin/python3 (found suitable version "3.10.12", minimum required is "3.6") 
-- Found python_cmake_module: 0.10.0 (/opt/ros/humble/share/python_cmake_module/cmake)
-- Found PythonLibs: /usr/lib/x86_64-linux-gnu/libpython3.10.so (found suitable version "3.10.12", minimum required is "3.5") 
-- Using PYTHON_EXECUTABLE: /usr/bin/python3
-- Using PYTHON_INCLUDE_DIRS: /usr/include/python3.10
-- Using PYTHON_LIBRARIES: /usr/lib/x86_64-linux-gnu/libpython3.10.so
-- Found PythonExtra: .so  
[0mCMake Deprecation Warning at /opt/ros/humble/share/rosidl_cmake/cmake/rosidl_target_interfaces.cmake:32 (message):
  Use rosidl_get_typesupport_target() and target_link_libraries() instead of
  rosidl_target_interfaces()
Call Stack (most recent call first):
  CMakeLists.txt:37 (rosidl_target_interfaces)

[0m
-- Configuring done
-- Generating done
-- Build files have been written to: /home/merlabros2/RBE595/build/franka_control
[  3%] [34m[1mGenerating C code for ROS interfaces[0m
[  6%] [34m[1mGenerating C++ code for ROS interfaces[0m
[  6%] Built target ament_cmake_python_symlink_franka_control
[  6%] Built target franka_control__cpp
[  9%] [32mBuilding C object CMakeFiles/franka_control__rosidl_generator_c.dir/rosidl_generator_c/franka_control/srv/detail/panda_srv__functions.c.o[0m
[ 12%] [34m[1mGenerating C++ type support dispatch for ROS interfaces[0m
[ 15%] [34m[1mGenerating C++ introspection for ROS interfaces[0m
[ 18%] [34m[1mGenerating C++ type support for eProsima Fast-RTPS[0m
running egg_info
creating franka_control.egg-info
writing franka_control.egg-info/PKG-INFO
writing dependency_links to franka_control.egg-info/dependency_links.txt
writing top-level names to franka_control.egg-info/top_level.txt
writing manifest file 'franka_control.egg-info/SOURCES.txt'
[ 21%] [32m[1mLinking C shared library libfranka_control__rosidl_generator_c.so[0m
reading manifest file 'franka_control.egg-info/SOURCES.txt'
writing manifest file 'franka_control.egg-info/SOURCES.txt'
[ 21%] Built target franka_control__rosidl_generator_c
[ 24%] [34m[1mGenerating C type support for eProsima Fast-RTPS[0m
[ 27%] [34m[1mGenerating C type support dispatch for ROS interfaces[0m
[ 30%] [34m[1mGenerating C introspection for ROS interfaces[0m
[ 30%] Built target ament_cmake_python_build_franka_control_egg
[ 33%] [32mBuilding CXX object CMakeFiles/franka_control__rosidl_typesupport_introspection_cpp.dir/rosidl_typesupport_introspection_cpp/franka_control/srv/detail/panda_srv__type_support.cpp.o[0m
[ 36%] [32mBuilding CXX object CMakeFiles/franka_control__rosidl_typesupport_cpp.dir/rosidl_typesupport_cpp/franka_control/srv/panda_srv__type_support.cpp.o[0m
[ 39%] [32mBuilding CXX object CMakeFiles/franka_control__rosidl_typesupport_fastrtps_cpp.dir/rosidl_typesupport_fastrtps_cpp/franka_control/srv/detail/dds_fastrtps/panda_srv__type_support.cpp.o[0m
[ 42%] [32mBuilding CXX object CMakeFiles/franka_control__rosidl_typesupport_c.dir/rosidl_typesupport_c/franka_control/srv/panda_srv__type_support.cpp.o[0m
[ 45%] [32mBuilding CXX object CMakeFiles/franka_control__rosidl_typesupport_fastrtps_c.dir/rosidl_typesupport_fastrtps_c/franka_control/srv/detail/panda_srv__type_support_c.cpp.o[0m
[ 48%] [32mBuilding C object CMakeFiles/franka_control__rosidl_typesupport_introspection_c.dir/rosidl_typesupport_introspection_c/franka_control/srv/detail/panda_srv__type_support.c.o[0m
[ 51%] [32m[1mLinking CXX shared library libfranka_control__rosidl_typesupport_c.so[0m
[ 54%] [32m[1mLinking C shared library libfranka_control__rosidl_typesupport_introspection_c.so[0m
[ 54%] Built target franka_control__rosidl_typesupport_c
[ 54%] Built target franka_control__rosidl_typesupport_introspection_c
[ 57%] [32m[1mLinking CXX shared library libfranka_control__rosidl_typesupport_cpp.so[0m
[ 57%] Built target franka_control__rosidl_typesupport_cpp
[ 60%] [32m[1mLinking CXX shared library libfranka_control__rosidl_typesupport_introspection_cpp.so[0m
[ 63%] [32m[1mLinking CXX shared library libfranka_control__rosidl_typesupport_fastrtps_cpp.so[0m
[ 63%] Built target franka_control__rosidl_typesupport_introspection_cpp
[ 66%] [32m[1mLinking CXX shared library libfranka_control__rosidl_typesupport_fastrtps_c.so[0m
[ 66%] Built target franka_control__rosidl_typesupport_fastrtps_cpp
[ 66%] Built target franka_control__rosidl_typesupport_fastrtps_c
[ 66%] Built target franka_control
[ 69%] [34m[1mGenerating Python code for ROS interfaces[0m
[ 72%] [32mBuilding CXX object CMakeFiles/panda_control_node.dir/src/panda_control_node.cpp.o[0m
[ 72%] Built target franka_control__py
[ 75%] [32mBuilding C object CMakeFiles/franka_control__rosidl_generator_py.dir/rosidl_generator_py/franka_control/srv/_panda_srv_s.c.o[0m
[ 78%] [32m[1mLinking C shared library rosidl_generator_py/franka_control/libfranka_control__rosidl_generator_py.so[0m
[ 78%] Built target franka_control__rosidl_generator_py
[ 81%] [32mBuilding C object CMakeFiles/franka_control__rosidl_typesupport_introspection_c__pyext.dir/rosidl_generator_py/franka_control/_franka_control_s.ep.rosidl_typesupport_introspection_c.c.o[0m
[ 84%] [32mBuilding C object CMakeFiles/franka_control__rosidl_typesupport_c__pyext.dir/rosidl_generator_py/franka_control/_franka_control_s.ep.rosidl_typesupport_c.c.o[0m
[ 87%] [32mBuilding C object CMakeFiles/franka_control__rosidl_typesupport_fastrtps_c__pyext.dir/rosidl_generator_py/franka_control/_franka_control_s.ep.rosidl_typesupport_fastrtps_c.c.o[0m
[ 90%] [32m[1mLinking C shared library rosidl_generator_py/franka_control/franka_control_s__rosidl_typesupport_c.cpython-310-x86_64-linux-gnu.so[0m
[ 93%] [32m[1mLinking C shared library rosidl_generator_py/franka_control/franka_control_s__rosidl_typesupport_introspection_c.cpython-310-x86_64-linux-gnu.so[0m
[ 96%] [32m[1mLinking C shared library rosidl_generator_py/franka_control/franka_control_s__rosidl_typesupport_fastrtps_c.cpython-310-x86_64-linux-gnu.so[0m
[ 96%] Built target franka_control__rosidl_typesupport_c__pyext
[ 96%] Built target franka_control__rosidl_typesupport_fastrtps_c__pyext
[ 96%] Built target franka_control__rosidl_typesupport_introspection_c__pyext
[100%] [32m[1mLinking CXX executable panda_control_node[0m
[100%] Built target panda_control_node
-- Install configuration: ""
-- Execute custom install script
-- Symlinking: /home/merlabros2/RBE595/install/franka_control/share/ament_index/resource_index/rosidl_interfaces/franka_control
-- Symlinking: /home/merlabros2/RBE595/install/franka_control/include/franka_control/franka_control/msg/rosidl_generator_c__visibility_control.h
-- Symlinking: /home/merlabros2/RBE595/install/franka_control/include/franka_control/franka_control/srv/detail/panda_srv__functions.h
-- Symlinking: /home/merlabros2/RBE595/install/franka_control/include/franka_control/franka_control/srv/detail/panda_srv__struct.h
-- Symlinking: /home/merlabros2/RBE595/install/franka_control/include/franka_control/franka_control/srv/detail/panda_srv__type_support.h
-- Symlinking: /home/merlabros2/RBE595/install/franka_control/include/franka_control/franka_control/srv/panda_srv.h
-- Symlinking: /home/merlabros2/RBE595/install/franka_control/share/franka_control/environment/library_path.sh
-- Symlinking: /home/merlabros2/RBE595/install/franka_control/share/franka_control/environment/library_path.dsv
-- Symlinking: /home/merlabros2/RBE595/install/franka_control/include/franka_control/franka_control/msg/rosidl_typesupport_fastrtps_c__visibility_control.h
-- Symlinking: /home/merlabros2/RBE595/install/franka_control/include/franka_control/franka_control/srv/detail/panda_srv__rosidl_typesupport_fastrtps_c.h
-- Symlinking: /home/merlabros2/RBE595/install/franka_control/include/franka_control/franka_control/msg/rosidl_generator_cpp__visibility_control.hpp
-- Symlinking: /home/merlabros2/RBE595/install/franka_control/include/franka_control/franka_control/srv/detail/panda_srv__builder.hpp
-- Symlinking: /home/merlabros2/RBE595/install/franka_control/include/franka_control/franka_control/srv/detail/panda_srv__struct.hpp
-- Symlinking: /home/merlabros2/RBE595/install/franka_control/include/franka_control/franka_control/srv/detail/panda_srv__traits.hpp
-- Symlinking: /home/merlabros2/RBE595/install/franka_control/include/franka_control/franka_control/srv/detail/panda_srv__type_support.hpp
-- Symlinking: /home/merlabros2/RBE595/install/franka_control/include/franka_control/franka_control/srv/panda_srv.hpp
-- Symlinking: /home/merlabros2/RBE595/install/franka_control/include/franka_control/franka_control/msg/rosidl_typesupport_fastrtps_cpp__visibility_control.h
-- Symlinking: /home/merlabros2/RBE595/install/franka_control/include/franka_control/franka_control/srv/detail/panda_srv__rosidl_typesupport_fastrtps_cpp.hpp
-- Symlinking: /home/merlabros2/RBE595/install/franka_control/include/franka_control/franka_control/msg/rosidl_typesupport_introspection_c__visibility_control.h
-- Symlinking: /home/merlabros2/RBE595/install/franka_control/include/franka_control/franka_control/srv/detail/panda_srv__rosidl_typesupport_introspection_c.h
-- Symlinking: /home/merlabros2/RBE595/install/franka_control/include/franka_control/franka_control/srv/detail/panda_srv__rosidl_typesupport_introspection_cpp.hpp
-- Symlinking: /home/merlabros2/RBE595/install/franka_control/share/franka_control/environment/pythonpath.sh
-- Symlinking: /home/merlabros2/RBE595/install/franka_control/share/franka_control/environment/pythonpath.dsv
-- Symlinking: /home/merlabros2/RBE595/install/franka_control/local/lib/python3.10/dist-packages/franka_control-0.0.1-py3.10.egg-info/PKG-INFO
-- Symlinking: /home/merlabros2/RBE595/install/franka_control/local/lib/python3.10/dist-packages/franka_control-0.0.1-py3.10.egg-info/SOURCES.txt
-- Symlinking: /home/merlabros2/RBE595/install/franka_control/local/lib/python3.10/dist-packages/franka_control-0.0.1-py3.10.egg-info/dependency_links.txt
-- Symlinking: /home/merlabros2/RBE595/install/franka_control/local/lib/python3.10/dist-packages/franka_control-0.0.1-py3.10.egg-info/top_level.txt
-- Symlinking: /home/merlabros2/RBE595/install/franka_control/local/lib/python3.10/dist-packages/franka_control/__init__.py
-- Symlinking: /home/merlabros2/RBE595/install/franka_control/local/lib/python3.10/dist-packages/franka_control/_franka_control_s.ep.rosidl_typesupport_c.c
-- Symlinking: /home/merlabros2/RBE595/install/franka_control/local/lib/python3.10/dist-packages/franka_control/_franka_control_s.ep.rosidl_typesupport_fastrtps_c.c
-- Symlinking: /home/merlabros2/RBE595/install/franka_control/local/lib/python3.10/dist-packages/franka_control/_franka_control_s.ep.rosidl_typesupport_introspection_c.c
-- Symlinking: /home/merlabros2/RBE595/install/franka_control/local/lib/python3.10/dist-packages/franka_control/franka_control_s__rosidl_typesupport_c.cpython-310-x86_64-linux-gnu.so
-- Symlinking: /home/merlabros2/RBE595/install/franka_control/local/lib/python3.10/dist-packages/franka_control/franka_control_s__rosidl_typesupport_fastrtps_c.cpython-310-x86_64-linux-gnu.so
-- Symlinking: /home/merlabros2/RBE595/install/franka_control/local/lib/python3.10/dist-packages/franka_control/franka_control_s__rosidl_typesupport_introspection_c.cpython-310-x86_64-linux-gnu.so
-- Symlinking: /home/merlabros2/RBE595/install/franka_control/local/lib/python3.10/dist-packages/franka_control/libfranka_control__rosidl_generator_py.so
-- Symlinking: /home/merlabros2/RBE595/install/franka_control/local/lib/python3.10/dist-packages/franka_control/srv/__init__.py
-- Symlinking: /home/merlabros2/RBE595/install/franka_control/local/lib/python3.10/dist-packages/franka_control/srv/_panda_srv.py
-- Symlinking: /home/merlabros2/RBE595/install/franka_control/local/lib/python3.10/dist-packages/franka_control/srv/_panda_srv_s.c
-- Up-to-date symlink: /home/merlabros2/RBE595/install/franka_control/local/lib/python3.10/dist-packages/franka_control/franka_control_s__rosidl_typesupport_fastrtps_c.cpython-310-x86_64-linux-gnu.so
-- Up-to-date symlink: /home/merlabros2/RBE595/install/franka_control/local/lib/python3.10/dist-packages/franka_control/franka_control_s__rosidl_typesupport_introspection_c.cpython-310-x86_64-linux-gnu.so
-- Up-to-date symlink: /home/merlabros2/RBE595/install/franka_control/local/lib/python3.10/dist-packages/franka_control/franka_control_s__rosidl_typesupport_c.cpython-310-x86_64-linux-gnu.so
-- Symlinking: /home/merlabros2/RBE595/install/franka_control/share/franka_control/srv/PandaSrv.idl
-- Symlinking: /home/merlabros2/RBE595/install/franka_control/share/franka_control/srv/PandaSrv.srv
-- Symlinking: /home/merlabros2/RBE595/install/franka_control/share/franka_control/srv/PandaSrv_Request.msg
-- Symlinking: /home/merlabros2/RBE595/install/franka_control/share/franka_control/srv/PandaSrv_Response.msg
-- Symlinking: /home/merlabros2/RBE595/install/franka_control/lib/franka_control/panda_control_node
-- Symlinking: /home/merlabros2/RBE595/install/franka_control/share/ament_index/resource_index/package_run_dependencies/franka_control
-- Symlinking: /home/merlabros2/RBE595/install/franka_control/share/ament_index/resource_index/parent_prefix_path/franka_control
-- Symlinking: /home/merlabros2/RBE595/install/franka_control/share/franka_control/environment/ament_prefix_path.sh
-- Symlinking: /home/merlabros2/RBE595/install/franka_control/share/franka_control/environment/ament_prefix_path.dsv
-- Symlinking: /home/merlabros2/RBE595/install/franka_control/share/franka_control/environment/path.sh
-- Symlinking: /home/merlabros2/RBE595/install/franka_control/share/franka_control/environment/path.dsv
-- Symlinking: /home/merlabros2/RBE595/install/franka_control/share/franka_control/local_setup.bash
-- Symlinking: /home/merlabros2/RBE595/install/franka_control/share/franka_control/local_setup.sh
-- Symlinking: /home/merlabros2/RBE595/install/franka_control/share/franka_control/local_setup.zsh
-- Symlinking: /home/merlabros2/RBE595/install/franka_control/share/franka_control/local_setup.dsv
-- Symlinking: /home/merlabros2/RBE595/install/franka_control/share/franka_control/package.dsv
-- Symlinking: /home/merlabros2/RBE595/install/franka_control/share/ament_index/resource_index/packages/franka_control
-- Symlinking: /home/merlabros2/RBE595/install/franka_control/share/franka_control/cmake/rosidl_cmake-extras.cmake
-- Symlinking: /home/merlabros2/RBE595/install/franka_control/share/franka_control/cmake/ament_cmake_export_dependencies-extras.cmake
-- Symlinking: /home/merlabros2/RBE595/install/franka_control/share/franka_control/cmake/ament_cmake_export_include_directories-extras.cmake
-- Symlinking: /home/merlabros2/RBE595/install/franka_control/share/franka_control/cmake/ament_cmake_export_libraries-extras.cmake
-- Symlinking: /home/merlabros2/RBE595/install/franka_control/share/franka_control/cmake/ament_cmake_export_targets-extras.cmake
-- Symlinking: /home/merlabros2/RBE595/install/franka_control/share/franka_control/cmake/rosidl_cmake_export_typesupport_targets-extras.cmake
-- Symlinking: /home/merlabros2/RBE595/install/franka_control/share/franka_control/cmake/rosidl_cmake_export_typesupport_libraries-extras.cmake
-- Symlinking: /home/merlabros2/RBE595/install/franka_control/share/franka_control/cmake/franka_controlConfig.cmake
-- Symlinking: /home/merlabros2/RBE595/install/franka_control/share/franka_control/cmake/franka_controlConfig-version.cmake
-- Symlinking: /home/merlabros2/RBE595/install/franka_control/share/franka_control/package.xml
-- Installing: /home/merlabros2/RBE595/install/franka_control/lib/libfranka_control__rosidl_generator_c.so
-- Set runtime path of "/home/merlabros2/RBE595/install/franka_control/lib/libfranka_control__rosidl_generator_c.so" to ""
-- Installing: /home/merlabros2/RBE595/install/franka_control/lib/libfranka_control__rosidl_typesupport_fastrtps_c.so
-- Set runtime path of "/home/merlabros2/RBE595/install/franka_control/lib/libfranka_control__rosidl_typesupport_fastrtps_c.so" to ""
-- Installing: /home/merlabros2/RBE595/install/franka_control/lib/libfranka_control__rosidl_typesupport_fastrtps_cpp.so
-- Set runtime path of "/home/merlabros2/RBE595/install/franka_control/lib/libfranka_control__rosidl_typesupport_fastrtps_cpp.so" to ""
-- Installing: /home/merlabros2/RBE595/install/franka_control/lib/libfranka_control__rosidl_typesupport_introspection_c.so
-- Set runtime path of "/home/merlabros2/RBE595/install/franka_control/lib/libfranka_control__rosidl_typesupport_introspection_c.so" to ""
-- Installing: /home/merlabros2/RBE595/install/franka_control/lib/libfranka_control__rosidl_typesupport_c.so
-- Set runtime path of "/home/merlabros2/RBE595/install/franka_control/lib/libfranka_control__rosidl_typesupport_c.so" to ""
-- Installing: /home/merlabros2/RBE595/install/franka_control/lib/libfranka_control__rosidl_typesupport_introspection_cpp.so
-- Set runtime path of "/home/merlabros2/RBE595/install/franka_control/lib/libfranka_control__rosidl_typesupport_introspection_cpp.so" to ""
-- Installing: /home/merlabros2/RBE595/install/franka_control/lib/libfranka_control__rosidl_typesupport_cpp.so
-- Set runtime path of "/home/merlabros2/RBE595/install/franka_control/lib/libfranka_control__rosidl_typesupport_cpp.so" to ""
Listing '/home/merlabros2/RBE595/install/franka_control/local/lib/python3.10/dist-packages/franka_control'...
Compiling '/home/merlabros2/RBE595/install/franka_control/local/lib/python3.10/dist-packages/franka_control/__init__.py'...
Listing '/home/merlabros2/RBE595/install/franka_control/local/lib/python3.10/dist-packages/franka_control/srv'...
Compiling '/home/merlabros2/RBE595/install/franka_control/local/lib/python3.10/dist-packages/franka_control/srv/__init__.py'...
Compiling '/home/merlabros2/RBE595/install/franka_control/local/lib/python3.10/dist-packages/franka_control/srv/_panda_srv.py'...
-- Installing: /home/merlabros2/RBE595/install/franka_control/lib/libfranka_control__rosidl_generator_py.so
-- Set runtime path of "/home/merlabros2/RBE595/install/franka_control/lib/libfranka_control__rosidl_generator_py.so" to ""
-- Installing: /home/merlabros2/RBE595/install/franka_control/share/franka_control/cmake/export_franka_control__rosidl_generator_cExport.cmake
-- Installing: /home/merlabros2/RBE595/install/franka_control/share/franka_control/cmake/export_franka_control__rosidl_generator_cExport-noconfig.cmake
-- Installing: /home/merlabros2/RBE595/install/franka_control/share/franka_control/cmake/export_franka_control__rosidl_typesupport_fastrtps_cExport.cmake
-- Installing: /home/merlabros2/RBE595/install/franka_control/share/franka_control/cmake/export_franka_control__rosidl_typesupport_fastrtps_cExport-noconfig.cmake
-- Installing: /home/merlabros2/RBE595/install/franka_control/share/franka_control/cmake/export_franka_control__rosidl_generator_cppExport.cmake
-- Installing: /home/merlabros2/RBE595/install/franka_control/share/franka_control/cmake/export_franka_control__rosidl_typesupport_fastrtps_cppExport.cmake
-- Installing: /home/merlabros2/RBE595/install/franka_control/share/franka_control/cmake/export_franka_control__rosidl_typesupport_fastrtps_cppExport-noconfig.cmake
-- Installing: /home/merlabros2/RBE595/install/franka_control/share/franka_control/cmake/franka_control__rosidl_typesupport_introspection_cExport.cmake
-- Installing: /home/merlabros2/RBE595/install/franka_control/share/franka_control/cmake/franka_control__rosidl_typesupport_introspection_cExport-noconfig.cmake
-- Installing: /home/merlabros2/RBE595/install/franka_control/share/franka_control/cmake/franka_control__rosidl_typesupport_cExport.cmake
-- Installing: /home/merlabros2/RBE595/install/franka_control/share/franka_control/cmake/franka_control__rosidl_typesupport_cExport-noconfig.cmake
-- Installing: /home/merlabros2/RBE595/install/franka_control/share/franka_control/cmake/franka_control__rosidl_typesupport_introspection_cppExport.cmake
-- Installing: /home/merlabros2/RBE595/install/franka_control/share/franka_control/cmake/franka_control__rosidl_typesupport_introspection_cppExport-noconfig.cmake
-- Installing: /home/merlabros2/RBE595/install/franka_control/share/franka_control/cmake/franka_control__rosidl_typesupport_cppExport.cmake
-- Installing: /home/merlabros2/RBE595/install/franka_control/share/franka_control/cmake/franka_control__rosidl_typesupport_cppExport-noconfig.cmake
-- Installing: /home/merlabros2/RBE595/install/franka_control/share/franka_control/cmake/export_franka_control__rosidl_generator_pyExport.cmake
-- Installing: /home/merlabros2/RBE595/install/franka_control/share/franka_control/cmake/export_franka_control__rosidl_generator_pyExport-noconfig.cmake
