[0.007s] Invoking command in '/home/merlabros2/RBE595/build/camera_interfaces': CMAKE_PREFIX_PATH=${CMAKE_PREFIX_PATH}:/home/merlabros2/RBE595/install/camera_module:/opt/ros/humble /usr/bin/cmake /home/merlabros2/RBE595/src/camera_interfaces -DAMENT_CMAKE_SYMLINK_INSTALL=1 -DCMAKE_INSTALL_PREFIX=/home/merlabros2/RBE595/install/camera_interfaces
[0.034s] -- The C compiler identification is GNU 11.4.0
[0.064s] -- The CXX compiler identification is GNU 11.4.0
[0.068s] -- Detecting C compiler ABI info
[0.107s] -- Detecting C compiler ABI info - done
[0.111s] -- Check for working C compiler: /usr/bin/cc - skipped
[0.111s] -- Detecting C compile features
[0.112s] -- Detecting C compile features - done
[0.114s] -- Detecting CXX compiler ABI info
[0.162s] -- Detecting CXX compiler ABI info - done
[0.166s] -- Check for working CXX compiler: /usr/bin/c++ - skipped
[0.166s] -- Detecting CXX compile features
[0.166s] -- Detecting CXX compile features - done
[0.167s] -- Found ament_cmake: 1.3.12 (/opt/ros/humble/share/ament_cmake/cmake)
[0.485s] -- Found Python3: /usr/bin/python3 (found version "3.10.12") found components: Interpreter 
[0.517s] -- Override CMake install command with custom implementation using symlinks instead of copying resources
[0.533s] -- Found rosidl_default_generators: 1.2.0 (/opt/ros/humble/share/rosidl_default_generators/cmake)
[0.534s] -- Using all available rosidl_typesupport_c: rosidl_typesupport_fastrtps_c;rosidl_typesupport_introspection_c
[0.537s] -- Found rosidl_adapter: 3.1.7 (/opt/ros/humble/share/rosidl_adapter/cmake)
[0.555s] -- Using all available rosidl_typesupport_cpp: rosidl_typesupport_fastrtps_cpp;rosidl_typesupport_introspection_cpp
[0.569s] -- Found sensor_msgs: 4.9.0 (/opt/ros/humble/share/sensor_msgs/cmake)
[0.736s] -- Found ament_cmake_ros: 0.10.0 (/opt/ros/humble/share/ament_cmake_ros/cmake)
[0.875s] -- Using all available rosidl_typesupport_c: rosidl_typesupport_fastrtps_c;rosidl_typesupport_introspection_c
[1.053s] -- Using all available rosidl_typesupport_cpp: rosidl_typesupport_fastrtps_cpp;rosidl_typesupport_introspection_cpp
[1.063s] -- Found PythonInterp: /usr/bin/python3 (found suitable version "3.10.12", minimum required is "3.6") 
[1.064s] -- Found python_cmake_module: 0.10.0 (/opt/ros/humble/share/python_cmake_module/cmake)
[1.077s] -- Found PythonLibs: /usr/lib/x86_64-linux-gnu/libpython3.10.so (found suitable version "3.10.12", minimum required is "3.5") 
[1.077s] -- Using PYTHON_EXECUTABLE: /usr/bin/python3
[1.077s] -- Using PYTHON_INCLUDE_DIRS: /usr/include/python3.10
[1.077s] -- Using PYTHON_LIBRARIES: /usr/lib/x86_64-linux-gnu/libpython3.10.so
[1.087s] -- Found PythonExtra: .so  
[1.123s] -- Configuring done
[1.136s] -- Generating done
[1.141s] -- Build files have been written to: /home/merlabros2/RBE595/build/camera_interfaces
[1.145s] Invoked command in '/home/merlabros2/RBE595/build/camera_interfaces' returned '0': CMAKE_PREFIX_PATH=${CMAKE_PREFIX_PATH}:/home/merlabros2/RBE595/install/camera_module:/opt/ros/humble /usr/bin/cmake /home/merlabros2/RBE595/src/camera_interfaces -DAMENT_CMAKE_SYMLINK_INSTALL=1 -DCMAKE_INSTALL_PREFIX=/home/merlabros2/RBE595/install/camera_interfaces
[1.146s] Invoking command in '/home/merlabros2/RBE595/build/camera_interfaces': CMAKE_PREFIX_PATH=${CMAKE_PREFIX_PATH}:/home/merlabros2/RBE595/install/camera_module:/opt/ros/humble /usr/bin/cmake --build /home/merlabros2/RBE595/build/camera_interfaces -- -j32 -l32
[1.169s] [  3%] [34m[1mGenerating C code for ROS interfaces[0m
[1.174s] [  6%] [34m[1mGenerating C++ code for ROS interfaces[0m
[1.179s] [  6%] Built target ament_cmake_python_symlink_camera_interfaces
[1.294s] [  6%] Built target camera_interfaces__cpp
[1.300s] [  9%] [34m[1mGenerating C++ type support dispatch for ROS interfaces[0m
[1.300s] [ 12%] [34m[1mGenerating C++ type support for eProsima Fast-RTPS[0m
[1.300s] [ 16%] [34m[1mGenerating C++ introspection for ROS interfaces[0m
[1.302s] [ 19%] [32mBuilding C object CMakeFiles/camera_interfaces__rosidl_generator_c.dir/rosidl_generator_c/camera_interfaces/srv/detail/camera_srv__functions.c.o[0m
[1.329s] running egg_info
[1.329s] creating camera_interfaces.egg-info
[1.330s] [ 22%] [32m[1mLinking C shared library libcamera_interfaces__rosidl_generator_c.so[0m
[1.335s] writing camera_interfaces.egg-info/PKG-INFO
[1.335s] writing dependency_links to camera_interfaces.egg-info/dependency_links.txt
[1.335s] writing top-level names to camera_interfaces.egg-info/top_level.txt
[1.335s] writing manifest file 'camera_interfaces.egg-info/SOURCES.txt'
[1.354s] [ 22%] Built target camera_interfaces__rosidl_generator_c
[1.357s] reading manifest file 'camera_interfaces.egg-info/SOURCES.txt'
[1.357s] writing manifest file 'camera_interfaces.egg-info/SOURCES.txt'
[1.361s] [ 25%] [34m[1mGenerating C type support dispatch for ROS interfaces[0m
[1.361s] [ 32%] [34m[1mGenerating C type support for eProsima Fast-RTPS[0m
[1.361s] [ 32%] [34m[1mGenerating C introspection for ROS interfaces[0m
[1.376s] [ 32%] Built target ament_cmake_python_build_camera_interfaces_egg
[1.415s] [ 35%] [32mBuilding CXX object CMakeFiles/camera_interfaces__rosidl_typesupport_cpp.dir/rosidl_typesupport_cpp/camera_interfaces/srv/camera_srv__type_support.cpp.o[0m
[1.426s] [ 38%] [32mBuilding CXX object CMakeFiles/camera_interfaces__rosidl_typesupport_introspection_cpp.dir/rosidl_typesupport_introspection_cpp/camera_interfaces/srv/detail/camera_srv__type_support.cpp.o[0m
[1.461s] [ 41%] [32mBuilding CXX object CMakeFiles/camera_interfaces__rosidl_typesupport_fastrtps_cpp.dir/rosidl_typesupport_fastrtps_cpp/camera_interfaces/srv/detail/dds_fastrtps/camera_srv__type_support.cpp.o[0m
[1.469s] [ 45%] [32mBuilding CXX object CMakeFiles/camera_interfaces__rosidl_typesupport_c.dir/rosidl_typesupport_c/camera_interfaces/srv/camera_srv__type_support.cpp.o[0m
[1.488s] [ 48%] [32m[1mLinking CXX shared library libcamera_interfaces__rosidl_typesupport_c.so[0m
[1.494s] [ 51%] [32mBuilding CXX object CMakeFiles/camera_interfaces__rosidl_typesupport_fastrtps_c.dir/rosidl_typesupport_fastrtps_c/camera_interfaces/srv/detail/camera_srv__type_support_c.cpp.o[0m
[1.495s] [ 54%] [32mBuilding C object CMakeFiles/camera_interfaces__rosidl_typesupport_introspection_c.dir/rosidl_typesupport_introspection_c/camera_interfaces/srv/detail/camera_srv__type_support.c.o[0m
[1.512s] [ 54%] Built target camera_interfaces__rosidl_typesupport_c
[1.521s] [ 58%] [32m[1mLinking C shared library libcamera_interfaces__rosidl_typesupport_introspection_c.so[0m
[1.524s] [ 61%] [32m[1mLinking CXX shared library libcamera_interfaces__rosidl_typesupport_cpp.so[0m
[1.540s] [ 61%] Built target camera_interfaces__rosidl_typesupport_introspection_c
[1.548s] [ 61%] Built target camera_interfaces__rosidl_typesupport_cpp
[1.584s] [ 64%] [32m[1mLinking CXX shared library libcamera_interfaces__rosidl_typesupport_introspection_cpp.so[0m
[1.616s] [ 64%] Built target camera_interfaces__rosidl_typesupport_introspection_cpp
[1.633s] [ 67%] [32m[1mLinking CXX shared library libcamera_interfaces__rosidl_typesupport_fastrtps_c.so[0m
[1.661s] [ 70%] [32m[1mLinking CXX shared library libcamera_interfaces__rosidl_typesupport_fastrtps_cpp.so[0m
[1.672s] [ 70%] Built target camera_interfaces__rosidl_typesupport_fastrtps_c
[1.703s] [ 70%] Built target camera_interfaces__rosidl_typesupport_fastrtps_cpp
[1.712s] [ 70%] Built target camera_interfaces
[1.723s] [ 74%] [34m[1mGenerating Python code for ROS interfaces[0m
[1.892s] [ 74%] Built target camera_interfaces__py
[1.904s] [ 77%] [32mBuilding C object CMakeFiles/camera_interfaces__rosidl_generator_py.dir/rosidl_generator_py/camera_interfaces/srv/_camera_srv_s.c.o[0m
[1.955s] [ 80%] [32m[1mLinking C shared library rosidl_generator_py/camera_interfaces/libcamera_interfaces__rosidl_generator_py.so[0m
[1.975s] [ 80%] Built target camera_interfaces__rosidl_generator_py
[1.988s] [ 87%] [32mBuilding C object CMakeFiles/camera_interfaces__rosidl_typesupport_introspection_c__pyext.dir/rosidl_generator_py/camera_interfaces/_camera_interfaces_s.ep.rosidl_typesupport_introspection_c.c.o[0m
[1.988s] [ 87%] [32mBuilding C object CMakeFiles/camera_interfaces__rosidl_typesupport_fastrtps_c__pyext.dir/rosidl_generator_py/camera_interfaces/_camera_interfaces_s.ep.rosidl_typesupport_fastrtps_c.c.o[0m
[1.989s] [ 90%] [32mBuilding C object CMakeFiles/camera_interfaces__rosidl_typesupport_c__pyext.dir/rosidl_generator_py/camera_interfaces/_camera_interfaces_s.ep.rosidl_typesupport_c.c.o[0m
[2.040s] [ 93%] [32m[1mLinking C shared library rosidl_generator_py/camera_interfaces/camera_interfaces_s__rosidl_typesupport_c.cpython-310-x86_64-linux-gnu.so[0m
[2.051s] [ 96%] [32m[1mLinking C shared library rosidl_generator_py/camera_interfaces/camera_interfaces_s__rosidl_typesupport_fastrtps_c.cpython-310-x86_64-linux-gnu.so[0m
[2.053s] [100%] [32m[1mLinking C shared library rosidl_generator_py/camera_interfaces/camera_interfaces_s__rosidl_typesupport_introspection_c.cpython-310-x86_64-linux-gnu.so[0m
[2.064s] [100%] Built target camera_interfaces__rosidl_typesupport_c__pyext
[2.073s] [100%] Built target camera_interfaces__rosidl_typesupport_fastrtps_c__pyext
[2.074s] [100%] Built target camera_interfaces__rosidl_typesupport_introspection_c__pyext
[2.081s] Invoked command in '/home/merlabros2/RBE595/build/camera_interfaces' returned '0': CMAKE_PREFIX_PATH=${CMAKE_PREFIX_PATH}:/home/merlabros2/RBE595/install/camera_module:/opt/ros/humble /usr/bin/cmake --build /home/merlabros2/RBE595/build/camera_interfaces -- -j32 -l32
[2.082s] Invoking command in '/home/merlabros2/RBE595/build/camera_interfaces': CMAKE_PREFIX_PATH=${CMAKE_PREFIX_PATH}:/home/merlabros2/RBE595/install/camera_module:/opt/ros/humble /usr/bin/cmake --install /home/merlabros2/RBE595/build/camera_interfaces
[2.087s] -- Install configuration: ""
[2.087s] -- Execute custom install script
[2.087s] -- Symlinking: /home/merlabros2/RBE595/install/camera_interfaces/share/ament_index/resource_index/rosidl_interfaces/camera_interfaces
[2.092s] -- Symlinking: /home/merlabros2/RBE595/install/camera_interfaces/include/camera_interfaces/camera_interfaces/msg/rosidl_generator_c__visibility_control.h
[2.097s] -- Symlinking: /home/merlabros2/RBE595/install/camera_interfaces/include/camera_interfaces/camera_interfaces/srv/camera_srv.h
[2.102s] -- Symlinking: /home/merlabros2/RBE595/install/camera_interfaces/include/camera_interfaces/camera_interfaces/srv/detail/camera_srv__functions.h
[2.107s] -- Symlinking: /home/merlabros2/RBE595/install/camera_interfaces/include/camera_interfaces/camera_interfaces/srv/detail/camera_srv__struct.h
[2.112s] -- Symlinking: /home/merlabros2/RBE595/install/camera_interfaces/include/camera_interfaces/camera_interfaces/srv/detail/camera_srv__type_support.h
[2.117s] -- Symlinking: /home/merlabros2/RBE595/install/camera_interfaces/share/camera_interfaces/environment/library_path.sh
[2.121s] -- Symlinking: /home/merlabros2/RBE595/install/camera_interfaces/share/camera_interfaces/environment/library_path.dsv
[2.126s] -- Symlinking: /home/merlabros2/RBE595/install/camera_interfaces/include/camera_interfaces/camera_interfaces/msg/rosidl_typesupport_fastrtps_c__visibility_control.h
[2.130s] -- Symlinking: /home/merlabros2/RBE595/install/camera_interfaces/include/camera_interfaces/camera_interfaces/srv/detail/camera_srv__rosidl_typesupport_fastrtps_c.h
[2.134s] -- Symlinking: /home/merlabros2/RBE595/install/camera_interfaces/include/camera_interfaces/camera_interfaces/msg/rosidl_typesupport_introspection_c__visibility_control.h
[2.137s] -- Symlinking: /home/merlabros2/RBE595/install/camera_interfaces/include/camera_interfaces/camera_interfaces/srv/detail/camera_srv__rosidl_typesupport_introspection_c.h
[2.142s] -- Symlinking: /home/merlabros2/RBE595/install/camera_interfaces/include/camera_interfaces/camera_interfaces/msg/rosidl_generator_cpp__visibility_control.hpp
[2.147s] -- Symlinking: /home/merlabros2/RBE595/install/camera_interfaces/include/camera_interfaces/camera_interfaces/srv/camera_srv.hpp
[2.154s] -- Symlinking: /home/merlabros2/RBE595/install/camera_interfaces/include/camera_interfaces/camera_interfaces/srv/detail/camera_srv__builder.hpp
[2.161s] -- Symlinking: /home/merlabros2/RBE595/install/camera_interfaces/include/camera_interfaces/camera_interfaces/srv/detail/camera_srv__struct.hpp
[2.167s] -- Symlinking: /home/merlabros2/RBE595/install/camera_interfaces/include/camera_interfaces/camera_interfaces/srv/detail/camera_srv__traits.hpp
[2.171s] -- Symlinking: /home/merlabros2/RBE595/install/camera_interfaces/include/camera_interfaces/camera_interfaces/srv/detail/camera_srv__type_support.hpp
[2.175s] -- Symlinking: /home/merlabros2/RBE595/install/camera_interfaces/include/camera_interfaces/camera_interfaces/msg/rosidl_typesupport_fastrtps_cpp__visibility_control.h
[2.180s] -- Symlinking: /home/merlabros2/RBE595/install/camera_interfaces/include/camera_interfaces/camera_interfaces/srv/detail/camera_srv__rosidl_typesupport_fastrtps_cpp.hpp
[2.184s] -- Symlinking: /home/merlabros2/RBE595/install/camera_interfaces/include/camera_interfaces/camera_interfaces/srv/detail/camera_srv__rosidl_typesupport_introspection_cpp.hpp
[2.190s] -- Symlinking: /home/merlabros2/RBE595/install/camera_interfaces/share/camera_interfaces/environment/pythonpath.sh
[2.194s] -- Symlinking: /home/merlabros2/RBE595/install/camera_interfaces/share/camera_interfaces/environment/pythonpath.dsv
[2.198s] -- Symlinking: /home/merlabros2/RBE595/install/camera_interfaces/local/lib/python3.10/dist-packages/camera_interfaces-0.0.1-py3.10.egg-info/PKG-INFO
[2.202s] -- Symlinking: /home/merlabros2/RBE595/install/camera_interfaces/local/lib/python3.10/dist-packages/camera_interfaces-0.0.1-py3.10.egg-info/SOURCES.txt
[2.207s] -- Symlinking: /home/merlabros2/RBE595/install/camera_interfaces/local/lib/python3.10/dist-packages/camera_interfaces-0.0.1-py3.10.egg-info/dependency_links.txt
[2.210s] -- Symlinking: /home/merlabros2/RBE595/install/camera_interfaces/local/lib/python3.10/dist-packages/camera_interfaces-0.0.1-py3.10.egg-info/top_level.txt
[2.213s] -- Symlinking: /home/merlabros2/RBE595/install/camera_interfaces/local/lib/python3.10/dist-packages/camera_interfaces/__init__.py
[2.217s] -- Symlinking: /home/merlabros2/RBE595/install/camera_interfaces/local/lib/python3.10/dist-packages/camera_interfaces/_camera_interfaces_s.ep.rosidl_typesupport_c.c
[2.222s] -- Symlinking: /home/merlabros2/RBE595/install/camera_interfaces/local/lib/python3.10/dist-packages/camera_interfaces/_camera_interfaces_s.ep.rosidl_typesupport_fastrtps_c.c
[2.227s] -- Symlinking: /home/merlabros2/RBE595/install/camera_interfaces/local/lib/python3.10/dist-packages/camera_interfaces/_camera_interfaces_s.ep.rosidl_typesupport_introspection_c.c
[2.231s] -- Symlinking: /home/merlabros2/RBE595/install/camera_interfaces/local/lib/python3.10/dist-packages/camera_interfaces/camera_interfaces_s__rosidl_typesupport_c.cpython-310-x86_64-linux-gnu.so
[2.235s] -- Symlinking: /home/merlabros2/RBE595/install/camera_interfaces/local/lib/python3.10/dist-packages/camera_interfaces/camera_interfaces_s__rosidl_typesupport_fastrtps_c.cpython-310-x86_64-linux-gnu.so
[2.239s] -- Symlinking: /home/merlabros2/RBE595/install/camera_interfaces/local/lib/python3.10/dist-packages/camera_interfaces/camera_interfaces_s__rosidl_typesupport_introspection_c.cpython-310-x86_64-linux-gnu.so
[2.243s] -- Symlinking: /home/merlabros2/RBE595/install/camera_interfaces/local/lib/python3.10/dist-packages/camera_interfaces/libcamera_interfaces__rosidl_generator_py.so
[2.248s] -- Symlinking: /home/merlabros2/RBE595/install/camera_interfaces/local/lib/python3.10/dist-packages/camera_interfaces/srv/__init__.py
[2.251s] -- Symlinking: /home/merlabros2/RBE595/install/camera_interfaces/local/lib/python3.10/dist-packages/camera_interfaces/srv/_camera_srv.py
[2.256s] -- Symlinking: /home/merlabros2/RBE595/install/camera_interfaces/local/lib/python3.10/dist-packages/camera_interfaces/srv/_camera_srv_s.c
[2.260s] -- Up-to-date symlink: /home/merlabros2/RBE595/install/camera_interfaces/local/lib/python3.10/dist-packages/camera_interfaces/camera_interfaces_s__rosidl_typesupport_fastrtps_c.cpython-310-x86_64-linux-gnu.so
[2.261s] -- Up-to-date symlink: /home/merlabros2/RBE595/install/camera_interfaces/local/lib/python3.10/dist-packages/camera_interfaces/camera_interfaces_s__rosidl_typesupport_introspection_c.cpython-310-x86_64-linux-gnu.so
[2.261s] -- Up-to-date symlink: /home/merlabros2/RBE595/install/camera_interfaces/local/lib/python3.10/dist-packages/camera_interfaces/camera_interfaces_s__rosidl_typesupport_c.cpython-310-x86_64-linux-gnu.so
[2.261s] -- Symlinking: /home/merlabros2/RBE595/install/camera_interfaces/share/camera_interfaces/srv/CameraSrv.idl
[2.264s] -- Symlinking: /home/merlabros2/RBE595/install/camera_interfaces/share/camera_interfaces/srv/CameraSrv.srv
[2.267s] -- Symlinking: /home/merlabros2/RBE595/install/camera_interfaces/share/camera_interfaces/srv/CameraSrv_Request.msg
[2.272s] -- Symlinking: /home/merlabros2/RBE595/install/camera_interfaces/share/camera_interfaces/srv/CameraSrv_Response.msg
[2.275s] -- Symlinking: /home/merlabros2/RBE595/install/camera_interfaces/share/ament_index/resource_index/package_run_dependencies/camera_interfaces
[2.280s] -- Symlinking: /home/merlabros2/RBE595/install/camera_interfaces/share/ament_index/resource_index/parent_prefix_path/camera_interfaces
[2.283s] -- Symlinking: /home/merlabros2/RBE595/install/camera_interfaces/share/camera_interfaces/environment/ament_prefix_path.sh
[2.287s] -- Symlinking: /home/merlabros2/RBE595/install/camera_interfaces/share/camera_interfaces/environment/ament_prefix_path.dsv
[2.291s] -- Symlinking: /home/merlabros2/RBE595/install/camera_interfaces/share/camera_interfaces/environment/path.sh
[2.296s] -- Symlinking: /home/merlabros2/RBE595/install/camera_interfaces/share/camera_interfaces/environment/path.dsv
[2.300s] -- Symlinking: /home/merlabros2/RBE595/install/camera_interfaces/share/camera_interfaces/local_setup.bash
[2.304s] -- Symlinking: /home/merlabros2/RBE595/install/camera_interfaces/share/camera_interfaces/local_setup.sh
[2.308s] -- Symlinking: /home/merlabros2/RBE595/install/camera_interfaces/share/camera_interfaces/local_setup.zsh
[2.312s] -- Symlinking: /home/merlabros2/RBE595/install/camera_interfaces/share/camera_interfaces/local_setup.dsv
[2.315s] -- Symlinking: /home/merlabros2/RBE595/install/camera_interfaces/share/camera_interfaces/package.dsv
[2.319s] -- Symlinking: /home/merlabros2/RBE595/install/camera_interfaces/share/ament_index/resource_index/packages/camera_interfaces
[2.324s] -- Symlinking: /home/merlabros2/RBE595/install/camera_interfaces/share/camera_interfaces/cmake/rosidl_cmake-extras.cmake
[2.328s] -- Symlinking: /home/merlabros2/RBE595/install/camera_interfaces/share/camera_interfaces/cmake/ament_cmake_export_dependencies-extras.cmake
[2.331s] -- Symlinking: /home/merlabros2/RBE595/install/camera_interfaces/share/camera_interfaces/cmake/ament_cmake_export_include_directories-extras.cmake
[2.336s] -- Symlinking: /home/merlabros2/RBE595/install/camera_interfaces/share/camera_interfaces/cmake/ament_cmake_export_libraries-extras.cmake
[2.341s] -- Symlinking: /home/merlabros2/RBE595/install/camera_interfaces/share/camera_interfaces/cmake/ament_cmake_export_targets-extras.cmake
[2.345s] -- Symlinking: /home/merlabros2/RBE595/install/camera_interfaces/share/camera_interfaces/cmake/rosidl_cmake_export_typesupport_targets-extras.cmake
[2.350s] -- Symlinking: /home/merlabros2/RBE595/install/camera_interfaces/share/camera_interfaces/cmake/rosidl_cmake_export_typesupport_libraries-extras.cmake
[2.355s] -- Symlinking: /home/merlabros2/RBE595/install/camera_interfaces/share/camera_interfaces/cmake/camera_interfacesConfig.cmake
[2.359s] -- Symlinking: /home/merlabros2/RBE595/install/camera_interfaces/share/camera_interfaces/cmake/camera_interfacesConfig-version.cmake
[2.364s] -- Symlinking: /home/merlabros2/RBE595/install/camera_interfaces/share/camera_interfaces/package.xml
[2.369s] -- Installing: /home/merlabros2/RBE595/install/camera_interfaces/lib/libcamera_interfaces__rosidl_generator_c.so
[2.370s] -- Set runtime path of "/home/merlabros2/RBE595/install/camera_interfaces/lib/libcamera_interfaces__rosidl_generator_c.so" to ""
[2.370s] -- Installing: /home/merlabros2/RBE595/install/camera_interfaces/lib/libcamera_interfaces__rosidl_typesupport_fastrtps_c.so
[2.370s] -- Set runtime path of "/home/merlabros2/RBE595/install/camera_interfaces/lib/libcamera_interfaces__rosidl_typesupport_fastrtps_c.so" to ""
[2.370s] -- Installing: /home/merlabros2/RBE595/install/camera_interfaces/lib/libcamera_interfaces__rosidl_typesupport_introspection_c.so
[2.370s] -- Set runtime path of "/home/merlabros2/RBE595/install/camera_interfaces/lib/libcamera_interfaces__rosidl_typesupport_introspection_c.so" to ""
[2.370s] -- Installing: /home/merlabros2/RBE595/install/camera_interfaces/lib/libcamera_interfaces__rosidl_typesupport_c.so
[2.370s] -- Set runtime path of "/home/merlabros2/RBE595/install/camera_interfaces/lib/libcamera_interfaces__rosidl_typesupport_c.so" to ""
[2.370s] -- Installing: /home/merlabros2/RBE595/install/camera_interfaces/lib/libcamera_interfaces__rosidl_typesupport_fastrtps_cpp.so
[2.370s] -- Set runtime path of "/home/merlabros2/RBE595/install/camera_interfaces/lib/libcamera_interfaces__rosidl_typesupport_fastrtps_cpp.so" to ""
[2.370s] -- Installing: /home/merlabros2/RBE595/install/camera_interfaces/lib/libcamera_interfaces__rosidl_typesupport_introspection_cpp.so
[2.370s] -- Set runtime path of "/home/merlabros2/RBE595/install/camera_interfaces/lib/libcamera_interfaces__rosidl_typesupport_introspection_cpp.so" to ""
[2.370s] -- Installing: /home/merlabros2/RBE595/install/camera_interfaces/lib/libcamera_interfaces__rosidl_typesupport_cpp.so
[2.370s] -- Set runtime path of "/home/merlabros2/RBE595/install/camera_interfaces/lib/libcamera_interfaces__rosidl_typesupport_cpp.so" to ""
[2.387s] Listing '/home/merlabros2/RBE595/install/camera_interfaces/local/lib/python3.10/dist-packages/camera_interfaces'...
[2.387s] Compiling '/home/merlabros2/RBE595/install/camera_interfaces/local/lib/python3.10/dist-packages/camera_interfaces/__init__.py'...
[2.387s] Listing '/home/merlabros2/RBE595/install/camera_interfaces/local/lib/python3.10/dist-packages/camera_interfaces/srv'...
[2.387s] Compiling '/home/merlabros2/RBE595/install/camera_interfaces/local/lib/python3.10/dist-packages/camera_interfaces/srv/__init__.py'...
[2.387s] Compiling '/home/merlabros2/RBE595/install/camera_interfaces/local/lib/python3.10/dist-packages/camera_interfaces/srv/_camera_srv.py'...
[2.389s] -- Installing: /home/merlabros2/RBE595/install/camera_interfaces/lib/libcamera_interfaces__rosidl_generator_py.so
[2.389s] -- Set runtime path of "/home/merlabros2/RBE595/install/camera_interfaces/lib/libcamera_interfaces__rosidl_generator_py.so" to ""
[2.389s] -- Installing: /home/merlabros2/RBE595/install/camera_interfaces/share/camera_interfaces/cmake/export_camera_interfaces__rosidl_generator_cExport.cmake
[2.389s] -- Installing: /home/merlabros2/RBE595/install/camera_interfaces/share/camera_interfaces/cmake/export_camera_interfaces__rosidl_generator_cExport-noconfig.cmake
[2.389s] -- Installing: /home/merlabros2/RBE595/install/camera_interfaces/share/camera_interfaces/cmake/export_camera_interfaces__rosidl_typesupport_fastrtps_cExport.cmake
[2.389s] -- Installing: /home/merlabros2/RBE595/install/camera_interfaces/share/camera_interfaces/cmake/export_camera_interfaces__rosidl_typesupport_fastrtps_cExport-noconfig.cmake
[2.389s] -- Installing: /home/merlabros2/RBE595/install/camera_interfaces/share/camera_interfaces/cmake/camera_interfaces__rosidl_typesupport_introspection_cExport.cmake
[2.389s] -- Installing: /home/merlabros2/RBE595/install/camera_interfaces/share/camera_interfaces/cmake/camera_interfaces__rosidl_typesupport_introspection_cExport-noconfig.cmake
[2.389s] -- Installing: /home/merlabros2/RBE595/install/camera_interfaces/share/camera_interfaces/cmake/camera_interfaces__rosidl_typesupport_cExport.cmake
[2.389s] -- Installing: /home/merlabros2/RBE595/install/camera_interfaces/share/camera_interfaces/cmake/camera_interfaces__rosidl_typesupport_cExport-noconfig.cmake
[2.389s] -- Installing: /home/merlabros2/RBE595/install/camera_interfaces/share/camera_interfaces/cmake/export_camera_interfaces__rosidl_generator_cppExport.cmake
[2.389s] -- Installing: /home/merlabros2/RBE595/install/camera_interfaces/share/camera_interfaces/cmake/export_camera_interfaces__rosidl_typesupport_fastrtps_cppExport.cmake
[2.389s] -- Installing: /home/merlabros2/RBE595/install/camera_interfaces/share/camera_interfaces/cmake/export_camera_interfaces__rosidl_typesupport_fastrtps_cppExport-noconfig.cmake
[2.389s] -- Installing: /home/merlabros2/RBE595/install/camera_interfaces/share/camera_interfaces/cmake/camera_interfaces__rosidl_typesupport_introspection_cppExport.cmake
[2.389s] -- Installing: /home/merlabros2/RBE595/install/camera_interfaces/share/camera_interfaces/cmake/camera_interfaces__rosidl_typesupport_introspection_cppExport-noconfig.cmake
[2.389s] -- Installing: /home/merlabros2/RBE595/install/camera_interfaces/share/camera_interfaces/cmake/camera_interfaces__rosidl_typesupport_cppExport.cmake
[2.389s] -- Installing: /home/merlabros2/RBE595/install/camera_interfaces/share/camera_interfaces/cmake/camera_interfaces__rosidl_typesupport_cppExport-noconfig.cmake
[2.389s] -- Installing: /home/merlabros2/RBE595/install/camera_interfaces/share/camera_interfaces/cmake/export_camera_interfaces__rosidl_generator_pyExport.cmake
[2.389s] -- Installing: /home/merlabros2/RBE595/install/camera_interfaces/share/camera_interfaces/cmake/export_camera_interfaces__rosidl_generator_pyExport-noconfig.cmake
[2.391s] Invoked command in '/home/merlabros2/RBE595/build/camera_interfaces' returned '0': CMAKE_PREFIX_PATH=${CMAKE_PREFIX_PATH}:/home/merlabros2/RBE595/install/camera_module:/opt/ros/humble /usr/bin/cmake --install /home/merlabros2/RBE595/build/camera_interfaces
