[0.033s] Invoking command in '/home/merlabros2/RBE595/build/franka_moveit_config': CMAKE_PREFIX_PATH=${CMAKE_PREFIX_PATH}:/home/merlabros2/ws_moveit2/install/moveit_configs_utils:/home/merlabros2/ws_moveit2/install/launch_param_builder:/opt/ros/humble /usr/bin/cmake --build /home/merlabros2/RBE595/build/franka_moveit_config -- -j32 -l32
[0.058s] Invoked command in '/home/merlabros2/RBE595/build/franka_moveit_config' returned '0': CMAKE_PREFIX_PATH=${CMAKE_PREFIX_PATH}:/home/merlabros2/ws_moveit2/install/moveit_configs_utils:/home/merlabros2/ws_moveit2/install/launch_param_builder:/opt/ros/humble /usr/bin/cmake --build /home/merlabros2/RBE595/build/franka_moveit_config -- -j32 -l32
[0.064s] Invoking command in '/home/merlabros2/RBE595/build/franka_moveit_config': CMAKE_PREFIX_PATH=${CMAKE_PREFIX_PATH}:/home/merlabros2/ws_moveit2/install/moveit_configs_utils:/home/merlabros2/ws_moveit2/install/launch_param_builder:/opt/ros/humble /usr/bin/cmake --install /home/merlabros2/RBE595/build/franka_moveit_config
[0.071s] -- Install configuration: ""
[0.071s] -- Up-to-date: /home/merlabros2/RBE595/install/franka_moveit_config/share/ament_index/resource_index/package_run_dependencies/franka_moveit_config
[0.071s] -- Up-to-date: /home/merlabros2/RBE595/install/franka_moveit_config/share/ament_index/resource_index/parent_prefix_path/franka_moveit_config
[0.071s] -- Up-to-date: /home/merlabros2/RBE595/install/franka_moveit_config/share/franka_moveit_config/environment/ament_prefix_path.sh
[0.071s] -- Up-to-date: /home/merlabros2/RBE595/install/franka_moveit_config/share/franka_moveit_config/environment/ament_prefix_path.dsv
[0.071s] -- Up-to-date: /home/merlabros2/RBE595/install/franka_moveit_config/share/franka_moveit_config/environment/path.sh
[0.071s] -- Up-to-date: /home/merlabros2/RBE595/install/franka_moveit_config/share/franka_moveit_config/environment/path.dsv
[0.071s] -- Up-to-date: /home/merlabros2/RBE595/install/franka_moveit_config/share/franka_moveit_config/local_setup.bash
[0.071s] -- Up-to-date: /home/merlabros2/RBE595/install/franka_moveit_config/share/franka_moveit_config/local_setup.sh
[0.071s] -- Up-to-date: /home/merlabros2/RBE595/install/franka_moveit_config/share/franka_moveit_config/local_setup.zsh
[0.071s] -- Up-to-date: /home/merlabros2/RBE595/install/franka_moveit_config/share/franka_moveit_config/local_setup.dsv
[0.071s] -- Up-to-date: /home/merlabros2/RBE595/install/franka_moveit_config/share/franka_moveit_config/package.dsv
[0.071s] -- Up-to-date: /home/merlabros2/RBE595/install/franka_moveit_config/share/ament_index/resource_index/packages/franka_moveit_config
[0.071s] -- Up-to-date: /home/merlabros2/RBE595/install/franka_moveit_config/share/franka_moveit_config/cmake/franka_moveit_configConfig.cmake
[0.071s] -- Up-to-date: /home/merlabros2/RBE595/install/franka_moveit_config/share/franka_moveit_config/cmake/franka_moveit_configConfig-version.cmake
[0.071s] -- Up-to-date: /home/merlabros2/RBE595/install/franka_moveit_config/share/franka_moveit_config/package.xml
[0.071s] -- Up-to-date: /home/merlabros2/RBE595/install/franka_moveit_config/share/franka_moveit_config/launch
[0.071s] -- Up-to-date: /home/merlabros2/RBE595/install/franka_moveit_config/share/franka_moveit_config/launch/warehouse_db.launch.py
[0.071s] -- Up-to-date: /home/merlabros2/RBE595/install/franka_moveit_config/share/franka_moveit_config/launch/rsp.launch.py
[0.071s] -- Up-to-date: /home/merlabros2/RBE595/install/franka_moveit_config/share/franka_moveit_config/launch/demo.launch.py
[0.071s] -- Up-to-date: /home/merlabros2/RBE595/install/franka_moveit_config/share/franka_moveit_config/launch/moveit_rviz.launch.py
[0.071s] -- Up-to-date: /home/merlabros2/RBE595/install/franka_moveit_config/share/franka_moveit_config/launch/move_group.launch.py
[0.071s] -- Up-to-date: /home/merlabros2/RBE595/install/franka_moveit_config/share/franka_moveit_config/launch/spawn_controllers.launch.py
[0.071s] -- Up-to-date: /home/merlabros2/RBE595/install/franka_moveit_config/share/franka_moveit_config/launch/static_virtual_joint_tfs.launch.py
[0.071s] -- Up-to-date: /home/merlabros2/RBE595/install/franka_moveit_config/share/franka_moveit_config/launch/setup_assistant.launch.py
[0.071s] -- Up-to-date: /home/merlabros2/RBE595/install/franka_moveit_config/share/franka_moveit_config/config
[0.071s] -- Up-to-date: /home/merlabros2/RBE595/install/franka_moveit_config/share/franka_moveit_config/config/panda.ros2_control.xacro
[0.071s] -- Up-to-date: /home/merlabros2/RBE595/install/franka_moveit_config/share/franka_moveit_config/config/kinematics.yaml
[0.071s] -- Up-to-date: /home/merlabros2/RBE595/install/franka_moveit_config/share/franka_moveit_config/config/bio_ik_kinematics.yaml
[0.071s] -- Up-to-date: /home/merlabros2/RBE595/install/franka_moveit_config/share/franka_moveit_config/config/sensors_kinect_pointcloud.yaml
[0.071s] -- Up-to-date: /home/merlabros2/RBE595/install/franka_moveit_config/share/franka_moveit_config/config/moveit.rviz
[0.071s] -- Up-to-date: /home/merlabros2/RBE595/install/franka_moveit_config/share/franka_moveit_config/config/panda_arm.xacro
[0.071s] -- Up-to-date: /home/merlabros2/RBE595/install/franka_moveit_config/share/franka_moveit_config/config/panda.srdf
[0.071s] -- Up-to-date: /home/merlabros2/RBE595/install/franka_moveit_config/share/franka_moveit_config/config/panda_arm_hand.srdf.xacro
[0.071s] -- Up-to-date: /home/merlabros2/RBE595/install/franka_moveit_config/share/franka_moveit_config/config/initial_positions.yaml
[0.071s] -- Up-to-date: /home/merlabros2/RBE595/install/franka_moveit_config/share/franka_moveit_config/config/track_ik_kinematics.yaml
[0.071s] -- Up-to-date: /home/merlabros2/RBE595/install/franka_moveit_config/share/franka_moveit_config/config/chomp_planning.yaml
[0.071s] -- Up-to-date: /home/merlabros2/RBE595/install/franka_moveit_config/share/franka_moveit_config/config/pilz_cartesian_limits.yaml
[0.071s] -- Up-to-date: /home/merlabros2/RBE595/install/franka_moveit_config/share/franka_moveit_config/config/joint_limits.yaml
[0.072s] -- Up-to-date: /home/merlabros2/RBE595/install/franka_moveit_config/share/franka_moveit_config/config/stomp_planning
[0.072s] -- Up-to-date: /home/merlabros2/RBE595/install/franka_moveit_config/share/franka_moveit_config/config/sensors_kinect_depthmap.yaml
[0.072s] -- Up-to-date: /home/merlabros2/RBE595/install/franka_moveit_config/share/franka_moveit_config/config/panda_hand.ros2_control.xacro
[0.072s] -- Up-to-date: /home/merlabros2/RBE595/install/franka_moveit_config/share/franka_moveit_config/config/gripper_moveit_controllers.yaml
[0.072s] -- Up-to-date: /home/merlabros2/RBE595/install/franka_moveit_config/share/franka_moveit_config/config/trajopt_planning.yaml
[0.072s] -- Up-to-date: /home/merlabros2/RBE595/install/franka_moveit_config/share/franka_moveit_config/config/lerp_planning.yaml
[0.072s] -- Up-to-date: /home/merlabros2/RBE595/install/franka_moveit_config/share/franka_moveit_config/config/ompl_planning.yaml
[0.072s] -- Up-to-date: /home/merlabros2/RBE595/install/franka_moveit_config/share/franka_moveit_config/config/pilz_industrial_motion_planner_planning.yaml
[0.072s] -- Up-to-date: /home/merlabros2/RBE595/install/franka_moveit_config/share/franka_moveit_config/config/hard_joint_limits.yaml
[0.072s] -- Up-to-date: /home/merlabros2/RBE595/install/franka_moveit_config/share/franka_moveit_config/config/panda.urdf.xacro
[0.072s] -- Up-to-date: /home/merlabros2/RBE595/install/franka_moveit_config/share/franka_moveit_config/config/panda_arm.srdf.xacro
[0.072s] -- Up-to-date: /home/merlabros2/RBE595/install/franka_moveit_config/share/franka_moveit_config/config/hand.xacro
[0.072s] -- Up-to-date: /home/merlabros2/RBE595/install/franka_moveit_config/share/franka_moveit_config/config/moveit_controllers.yaml
[0.072s] -- Up-to-date: /home/merlabros2/RBE595/install/franka_moveit_config/share/franka_moveit_config/config/ros2_controllers.yaml
[0.072s] -- Up-to-date: /home/merlabros2/RBE595/install/franka_moveit_config/share/franka_moveit_config/.setup_assistant
[0.072s] Invoked command in '/home/merlabros2/RBE595/build/franka_moveit_config' returned '0': CMAKE_PREFIX_PATH=${CMAKE_PREFIX_PATH}:/home/merlabros2/ws_moveit2/install/moveit_configs_utils:/home/merlabros2/ws_moveit2/install/launch_param_builder:/opt/ros/humble /usr/bin/cmake --install /home/merlabros2/RBE595/build/franka_moveit_config
