[35m[1mConsolidate compiler generated dependencies of target franka_control__rosidl_generator_c[0m
[  3%] Built target franka_control__cpp
[ 12%] Built target franka_control__rosidl_generator_c
[ 12%] Built target ament_cmake_python_symlink_franka_control
[35m[1mConsolidate compiler generated dependencies of target franka_control__rosidl_typesupport_cpp[0m
[35m[1mConsolidate compiler generated dependencies of target franka_control__rosidl_typesupport_introspection_cpp[0m
[35m[1mConsolidate compiler generated dependencies of target franka_control__rosidl_typesupport_fastrtps_cpp[0m
[35m[1mConsolidate compiler generated dependencies of target franka_control__rosidl_typesupport_fastrtps_c[0m
[35m[1mConsolidate compiler generated dependencies of target franka_control__rosidl_typesupport_c[0m
[35m[1mConsolidate compiler generated dependencies of target franka_control__rosidl_typesupport_introspection_c[0m
[ 27%] Built target franka_control__rosidl_typesupport_fastrtps_cpp
[ 30%] Built target franka_control__rosidl_typesupport_c
[ 39%] Built target franka_control__rosidl_typesupport_introspection_cpp
[ 48%] Built target franka_control__rosidl_typesupport_cpp
[ 57%] Built target franka_control__rosidl_typesupport_introspection_c
[ 66%] Built target franka_control__rosidl_typesupport_fastrtps_c
[ 66%] Built target franka_control
[35m[1mConsolidate compiler generated dependencies of target panda_control_node[0m
[ 69%] Built target franka_control__py
[35m[1mConsolidate compiler generated dependencies of target franka_control__rosidl_generator_py[0m
[ 75%] Built target panda_control_node
[ 81%] Built target franka_control__rosidl_generator_py
[35m[1mConsolidate compiler generated dependencies of target franka_control__rosidl_typesupport_fastrtps_c__pyext[0m
[35m[1mConsolidate compiler generated dependencies of target franka_control__rosidl_typesupport_introspection_c__pyext[0m
[35m[1mConsolidate compiler generated dependencies of target franka_control__rosidl_typesupport_c__pyext[0m
[ 87%] Built target franka_control__rosidl_typesupport_fastrtps_c__pyext
[100%] Built target franka_control__rosidl_typesupport_introspection_c__pyext
[100%] Built target franka_control__rosidl_typesupport_c__pyext
running egg_info
writing franka_control.egg-info/PKG-INFO
writing dependency_links to franka_control.egg-info/dependency_links.txt
writing top-level names to franka_control.egg-info/top_level.txt
reading manifest file 'franka_control.egg-info/SOURCES.txt'
writing manifest file 'franka_control.egg-info/SOURCES.txt'
[100%] Built target ament_cmake_python_build_franka_control_egg
-- Install configuration: ""
-- Execute custom install script
-- Up-to-date symlink: /home/merlabros2/RBE595/install/franka_control/share/ament_index/resource_index/rosidl_interfaces/franka_control
-- Up-to-date symlink: /home/merlabros2/RBE595/install/franka_control/include/franka_control/franka_control/msg/rosidl_generator_c__visibility_control.h
-- Up-to-date symlink: /home/merlabros2/RBE595/install/franka_control/include/franka_control/franka_control/srv/detail/panda_srv__functions.h
-- Up-to-date symlink: /home/merlabros2/RBE595/install/franka_control/include/franka_control/franka_control/srv/detail/panda_srv__struct.h
-- Up-to-date symlink: /home/merlabros2/RBE595/install/franka_control/include/franka_control/franka_control/srv/detail/panda_srv__type_support.h
-- Up-to-date symlink: /home/merlabros2/RBE595/install/franka_control/include/franka_control/franka_control/srv/panda_srv.h
-- Up-to-date symlink: /home/merlabros2/RBE595/install/franka_control/share/franka_control/environment/library_path.sh
-- Up-to-date symlink: /home/merlabros2/RBE595/install/franka_control/share/franka_control/environment/library_path.dsv
-- Up-to-date symlink: /home/merlabros2/RBE595/install/franka_control/include/franka_control/franka_control/msg/rosidl_typesupport_fastrtps_c__visibility_control.h
-- Up-to-date symlink: /home/merlabros2/RBE595/install/franka_control/include/franka_control/franka_control/srv/detail/panda_srv__rosidl_typesupport_fastrtps_c.h
-- Up-to-date symlink: /home/merlabros2/RBE595/install/franka_control/include/franka_control/franka_control/msg/rosidl_generator_cpp__visibility_control.hpp
-- Up-to-date symlink: /home/merlabros2/RBE595/install/franka_control/include/franka_control/franka_control/srv/detail/panda_srv__builder.hpp
-- Up-to-date symlink: /home/merlabros2/RBE595/install/franka_control/include/franka_control/franka_control/srv/detail/panda_srv__struct.hpp
-- Up-to-date symlink: /home/merlabros2/RBE595/install/franka_control/include/franka_control/franka_control/srv/detail/panda_srv__traits.hpp
-- Up-to-date symlink: /home/merlabros2/RBE595/install/franka_control/include/franka_control/franka_control/srv/detail/panda_srv__type_support.hpp
-- Up-to-date symlink: /home/merlabros2/RBE595/install/franka_control/include/franka_control/franka_control/srv/panda_srv.hpp
-- Up-to-date symlink: /home/merlabros2/RBE595/install/franka_control/include/franka_control/franka_control/msg/rosidl_typesupport_fastrtps_cpp__visibility_control.h
-- Up-to-date symlink: /home/merlabros2/RBE595/install/franka_control/include/franka_control/franka_control/srv/detail/panda_srv__rosidl_typesupport_fastrtps_cpp.hpp
-- Up-to-date symlink: /home/merlabros2/RBE595/install/franka_control/include/franka_control/franka_control/msg/rosidl_typesupport_introspection_c__visibility_control.h
-- Up-to-date symlink: /home/merlabros2/RBE595/install/franka_control/include/franka_control/franka_control/srv/detail/panda_srv__rosidl_typesupport_introspection_c.h
-- Up-to-date symlink: /home/merlabros2/RBE595/install/franka_control/include/franka_control/franka_control/srv/detail/panda_srv__rosidl_typesupport_introspection_cpp.hpp
-- Up-to-date symlink: /home/merlabros2/RBE595/install/franka_control/share/franka_control/environment/pythonpath.sh
-- Up-to-date symlink: /home/merlabros2/RBE595/install/franka_control/share/franka_control/environment/pythonpath.dsv
-- Up-to-date symlink: /home/merlabros2/RBE595/install/franka_control/local/lib/python3.10/dist-packages/franka_control-0.0.1-py3.10.egg-info/PKG-INFO
-- Up-to-date symlink: /home/merlabros2/RBE595/install/franka_control/local/lib/python3.10/dist-packages/franka_control-0.0.1-py3.10.egg-info/SOURCES.txt
-- Up-to-date symlink: /home/merlabros2/RBE595/install/franka_control/local/lib/python3.10/dist-packages/franka_control-0.0.1-py3.10.egg-info/dependency_links.txt
-- Up-to-date symlink: /home/merlabros2/RBE595/install/franka_control/local/lib/python3.10/dist-packages/franka_control-0.0.1-py3.10.egg-info/top_level.txt
-- Up-to-date symlink: /home/merlabros2/RBE595/install/franka_control/local/lib/python3.10/dist-packages/franka_control/__init__.py
-- Up-to-date symlink: /home/merlabros2/RBE595/install/franka_control/local/lib/python3.10/dist-packages/franka_control/_franka_control_s.ep.rosidl_typesupport_c.c
-- Up-to-date symlink: /home/merlabros2/RBE595/install/franka_control/local/lib/python3.10/dist-packages/franka_control/_franka_control_s.ep.rosidl_typesupport_fastrtps_c.c
-- Up-to-date symlink: /home/merlabros2/RBE595/install/franka_control/local/lib/python3.10/dist-packages/franka_control/_franka_control_s.ep.rosidl_typesupport_introspection_c.c
-- Up-to-date symlink: /home/merlabros2/RBE595/install/franka_control/local/lib/python3.10/dist-packages/franka_control/franka_control_s__rosidl_typesupport_c.cpython-310-x86_64-linux-gnu.so
-- Up-to-date symlink: /home/merlabros2/RBE595/install/franka_control/local/lib/python3.10/dist-packages/franka_control/franka_control_s__rosidl_typesupport_fastrtps_c.cpython-310-x86_64-linux-gnu.so
-- Up-to-date symlink: /home/merlabros2/RBE595/install/franka_control/local/lib/python3.10/dist-packages/franka_control/franka_control_s__rosidl_typesupport_introspection_c.cpython-310-x86_64-linux-gnu.so
-- Up-to-date symlink: /home/merlabros2/RBE595/install/franka_control/local/lib/python3.10/dist-packages/franka_control/libfranka_control__rosidl_generator_py.so
-- Up-to-date symlink: /home/merlabros2/RBE595/install/franka_control/local/lib/python3.10/dist-packages/franka_control/srv/__init__.py
-- Up-to-date symlink: /home/merlabros2/RBE595/install/franka_control/local/lib/python3.10/dist-packages/franka_control/srv/_panda_srv.py
-- Up-to-date symlink: /home/merlabros2/RBE595/install/franka_control/local/lib/python3.10/dist-packages/franka_control/srv/_panda_srv_s.c
-- Up-to-date symlink: /home/merlabros2/RBE595/install/franka_control/local/lib/python3.10/dist-packages/franka_control/franka_control_s__rosidl_typesupport_fastrtps_c.cpython-310-x86_64-linux-gnu.so
-- Up-to-date symlink: /home/merlabros2/RBE595/install/franka_control/local/lib/python3.10/dist-packages/franka_control/franka_control_s__rosidl_typesupport_introspection_c.cpython-310-x86_64-linux-gnu.so
-- Up-to-date symlink: /home/merlabros2/RBE595/install/franka_control/local/lib/python3.10/dist-packages/franka_control/franka_control_s__rosidl_typesupport_c.cpython-310-x86_64-linux-gnu.so
-- Up-to-date symlink: /home/merlabros2/RBE595/install/franka_control/share/franka_control/srv/PandaSrv.idl
-- Up-to-date symlink: /home/merlabros2/RBE595/install/franka_control/share/franka_control/srv/PandaSrv.srv
-- Up-to-date symlink: /home/merlabros2/RBE595/install/franka_control/share/franka_control/srv/PandaSrv_Request.msg
-- Up-to-date symlink: /home/merlabros2/RBE595/install/franka_control/share/franka_control/srv/PandaSrv_Response.msg
-- Up-to-date symlink: /home/merlabros2/RBE595/install/franka_control/lib/franka_control/panda_control_node
-- Up-to-date symlink: /home/merlabros2/RBE595/install/franka_control/share/ament_index/resource_index/package_run_dependencies/franka_control
-- Up-to-date symlink: /home/merlabros2/RBE595/install/franka_control/share/ament_index/resource_index/parent_prefix_path/franka_control
-- Up-to-date symlink: /home/merlabros2/RBE595/install/franka_control/share/franka_control/environment/ament_prefix_path.sh
-- Up-to-date symlink: /home/merlabros2/RBE595/install/franka_control/share/franka_control/environment/ament_prefix_path.dsv
-- Up-to-date symlink: /home/merlabros2/RBE595/install/franka_control/share/franka_control/environment/path.sh
-- Up-to-date symlink: /home/merlabros2/RBE595/install/franka_control/share/franka_control/environment/path.dsv
-- Up-to-date symlink: /home/merlabros2/RBE595/install/franka_control/share/franka_control/local_setup.bash
-- Up-to-date symlink: /home/merlabros2/RBE595/install/franka_control/share/franka_control/local_setup.sh
-- Up-to-date symlink: /home/merlabros2/RBE595/install/franka_control/share/franka_control/local_setup.zsh
-- Up-to-date symlink: /home/merlabros2/RBE595/install/franka_control/share/franka_control/local_setup.dsv
-- Symlinking: /home/merlabros2/RBE595/install/franka_control/share/franka_control/package.dsv
-- Up-to-date symlink: /home/merlabros2/RBE595/install/franka_control/share/ament_index/resource_index/packages/franka_control
-- Up-to-date symlink: /home/merlabros2/RBE595/install/franka_control/share/franka_control/cmake/rosidl_cmake-extras.cmake
-- Up-to-date symlink: /home/merlabros2/RBE595/install/franka_control/share/franka_control/cmake/ament_cmake_export_dependencies-extras.cmake
-- Up-to-date symlink: /home/merlabros2/RBE595/install/franka_control/share/franka_control/cmake/ament_cmake_export_include_directories-extras.cmake
-- Up-to-date symlink: /home/merlabros2/RBE595/install/franka_control/share/franka_control/cmake/ament_cmake_export_libraries-extras.cmake
-- Up-to-date symlink: /home/merlabros2/RBE595/install/franka_control/share/franka_control/cmake/ament_cmake_export_targets-extras.cmake
-- Up-to-date symlink: /home/merlabros2/RBE595/install/franka_control/share/franka_control/cmake/rosidl_cmake_export_typesupport_targets-extras.cmake
-- Up-to-date symlink: /home/merlabros2/RBE595/install/franka_control/share/franka_control/cmake/rosidl_cmake_export_typesupport_libraries-extras.cmake
-- Up-to-date symlink: /home/merlabros2/RBE595/install/franka_control/share/franka_control/cmake/franka_controlConfig.cmake
-- Up-to-date symlink: /home/merlabros2/RBE595/install/franka_control/share/franka_control/cmake/franka_controlConfig-version.cmake
-- Up-to-date symlink: /home/merlabros2/RBE595/install/franka_control/share/franka_control/package.xml
-- Up-to-date: /home/merlabros2/RBE595/install/franka_control/lib/libfranka_control__rosidl_generator_c.so
-- Up-to-date: /home/merlabros2/RBE595/install/franka_control/lib/libfranka_control__rosidl_typesupport_fastrtps_c.so
-- Up-to-date: /home/merlabros2/RBE595/install/franka_control/lib/libfranka_control__rosidl_typesupport_fastrtps_cpp.so
-- Up-to-date: /home/merlabros2/RBE595/install/franka_control/lib/libfranka_control__rosidl_typesupport_introspection_c.so
-- Up-to-date: /home/merlabros2/RBE595/install/franka_control/lib/libfranka_control__rosidl_typesupport_c.so
-- Up-to-date: /home/merlabros2/RBE595/install/franka_control/lib/libfranka_control__rosidl_typesupport_introspection_cpp.so
-- Up-to-date: /home/merlabros2/RBE595/install/franka_control/lib/libfranka_control__rosidl_typesupport_cpp.so
Listing '/home/merlabros2/RBE595/install/franka_control/local/lib/python3.10/dist-packages/franka_control'...
Listing '/home/merlabros2/RBE595/install/franka_control/local/lib/python3.10/dist-packages/franka_control/srv'...
-- Up-to-date: /home/merlabros2/RBE595/install/franka_control/lib/libfranka_control__rosidl_generator_py.so
-- Up-to-date: /home/merlabros2/RBE595/install/franka_control/share/franka_control/cmake/export_franka_control__rosidl_generator_cExport.cmake
-- Up-to-date: /home/merlabros2/RBE595/install/franka_control/share/franka_control/cmake/export_franka_control__rosidl_generator_cExport-noconfig.cmake
-- Up-to-date: /home/merlabros2/RBE595/install/franka_control/share/franka_control/cmake/export_franka_control__rosidl_typesupport_fastrtps_cExport.cmake
-- Up-to-date: /home/merlabros2/RBE595/install/franka_control/share/franka_control/cmake/export_franka_control__rosidl_typesupport_fastrtps_cExport-noconfig.cmake
-- Up-to-date: /home/merlabros2/RBE595/install/franka_control/share/franka_control/cmake/export_franka_control__rosidl_generator_cppExport.cmake
-- Up-to-date: /home/merlabros2/RBE595/install/franka_control/share/franka_control/cmake/export_franka_control__rosidl_typesupport_fastrtps_cppExport.cmake
-- Up-to-date: /home/merlabros2/RBE595/install/franka_control/share/franka_control/cmake/export_franka_control__rosidl_typesupport_fastrtps_cppExport-noconfig.cmake
-- Up-to-date: /home/merlabros2/RBE595/install/franka_control/share/franka_control/cmake/franka_control__rosidl_typesupport_introspection_cExport.cmake
-- Up-to-date: /home/merlabros2/RBE595/install/franka_control/share/franka_control/cmake/franka_control__rosidl_typesupport_introspection_cExport-noconfig.cmake
-- Up-to-date: /home/merlabros2/RBE595/install/franka_control/share/franka_control/cmake/franka_control__rosidl_typesupport_cExport.cmake
-- Up-to-date: /home/merlabros2/RBE595/install/franka_control/share/franka_control/cmake/franka_control__rosidl_typesupport_cExport-noconfig.cmake
-- Up-to-date: /home/merlabros2/RBE595/install/franka_control/share/franka_control/cmake/franka_control__rosidl_typesupport_introspection_cppExport.cmake
-- Up-to-date: /home/merlabros2/RBE595/install/franka_control/share/franka_control/cmake/franka_control__rosidl_typesupport_introspection_cppExport-noconfig.cmake
-- Up-to-date: /home/merlabros2/RBE595/install/franka_control/share/franka_control/cmake/franka_control__rosidl_typesupport_cppExport.cmake
-- Up-to-date: /home/merlabros2/RBE595/install/franka_control/share/franka_control/cmake/franka_control__rosidl_typesupport_cppExport-noconfig.cmake
-- Up-to-date: /home/merlabros2/RBE595/install/franka_control/share/franka_control/cmake/export_franka_control__rosidl_generator_pyExport.cmake
-- Up-to-date: /home/merlabros2/RBE595/install/franka_control/share/franka_control/cmake/export_franka_control__rosidl_generator_pyExport-noconfig.cmake
