[0.007s] Invoking command in '/home/merlabros2/RBE595/build/franka_control': CMAKE_PREFIX_PATH=${CMAKE_PREFIX_PATH}:/home/merlabros2/RBE595/install/camera_module:/opt/ros/humble /usr/bin/cmake --build /home/merlabros2/RBE595/build/franka_control -- -j32 -l32
[0.033s] [35m[1mConsolidate compiler generated dependencies of target franka_control__rosidl_generator_c[0m
[0.039s] [  3%] Built target franka_control__cpp
[0.043s] [ 12%] Built target franka_control__rosidl_generator_c
[0.046s] [ 12%] Built target ament_cmake_python_symlink_franka_control
[0.050s] [35m[1mConsolidate compiler generated dependencies of target franka_control__rosidl_typesupport_cpp[0m
[0.051s] [35m[1mConsolidate compiler generated dependencies of target franka_control__rosidl_typesupport_introspection_cpp[0m
[0.051s] [35m[1mConsolidate compiler generated dependencies of target franka_control__rosidl_typesupport_fastrtps_cpp[0m
[0.051s] [35m[1mConsolidate compiler generated dependencies of target franka_control__rosidl_typesupport_fastrtps_c[0m
[0.051s] [35m[1mConsolidate compiler generated dependencies of target franka_control__rosidl_typesupport_c[0m
[0.051s] [35m[1mConsolidate compiler generated dependencies of target franka_control__rosidl_typesupport_introspection_c[0m
[0.058s] [ 27%] Built target franka_control__rosidl_typesupport_fastrtps_cpp
[0.058s] [ 30%] Built target franka_control__rosidl_typesupport_c
[0.058s] [ 39%] Built target franka_control__rosidl_typesupport_introspection_cpp
[0.058s] [ 48%] Built target franka_control__rosidl_typesupport_cpp
[0.059s] [ 57%] Built target franka_control__rosidl_typesupport_introspection_c
[0.059s] [ 66%] Built target franka_control__rosidl_typesupport_fastrtps_c
[0.069s] [ 66%] Built target franka_control
[0.077s] [35m[1mConsolidate compiler generated dependencies of target panda_control_node[0m
[0.081s] [ 69%] Built target franka_control__py
[0.086s] [35m[1mConsolidate compiler generated dependencies of target franka_control__rosidl_generator_py[0m
[0.090s] [ 75%] Built target panda_control_node
[0.094s] [ 81%] Built target franka_control__rosidl_generator_py
[0.101s] [35m[1mConsolidate compiler generated dependencies of target franka_control__rosidl_typesupport_fastrtps_c__pyext[0m
[0.101s] [35m[1mConsolidate compiler generated dependencies of target franka_control__rosidl_typesupport_introspection_c__pyext[0m
[0.101s] [35m[1mConsolidate compiler generated dependencies of target franka_control__rosidl_typesupport_c__pyext[0m
[0.109s] [ 87%] Built target franka_control__rosidl_typesupport_fastrtps_c__pyext
[0.109s] [100%] Built target franka_control__rosidl_typesupport_introspection_c__pyext
[0.109s] [100%] Built target franka_control__rosidl_typesupport_c__pyext
[0.210s] running egg_info
[0.216s] writing franka_control.egg-info/PKG-INFO
[0.216s] writing dependency_links to franka_control.egg-info/dependency_links.txt
[0.216s] writing top-level names to franka_control.egg-info/top_level.txt
[0.237s] reading manifest file 'franka_control.egg-info/SOURCES.txt'
[0.237s] writing manifest file 'franka_control.egg-info/SOURCES.txt'
[0.257s] [100%] Built target ament_cmake_python_build_franka_control_egg
[0.262s] Invoked command in '/home/merlabros2/RBE595/build/franka_control' returned '0': CMAKE_PREFIX_PATH=${CMAKE_PREFIX_PATH}:/home/merlabros2/RBE595/install/camera_module:/opt/ros/humble /usr/bin/cmake --build /home/merlabros2/RBE595/build/franka_control -- -j32 -l32
[0.263s] Invoking command in '/home/merlabros2/RBE595/build/franka_control': CMAKE_PREFIX_PATH=${CMAKE_PREFIX_PATH}:/home/merlabros2/RBE595/install/camera_module:/opt/ros/humble /usr/bin/cmake --install /home/merlabros2/RBE595/build/franka_control
[0.267s] -- Install configuration: ""
[0.268s] -- Execute custom install script
[0.268s] -- Up-to-date symlink: /home/merlabros2/RBE595/install/franka_control/share/ament_index/resource_index/rosidl_interfaces/franka_control
[0.268s] -- Up-to-date symlink: /home/merlabros2/RBE595/install/franka_control/include/franka_control/franka_control/msg/rosidl_generator_c__visibility_control.h
[0.268s] -- Up-to-date symlink: /home/merlabros2/RBE595/install/franka_control/include/franka_control/franka_control/srv/detail/panda_srv__functions.h
[0.268s] -- Up-to-date symlink: /home/merlabros2/RBE595/install/franka_control/include/franka_control/franka_control/srv/detail/panda_srv__struct.h
[0.268s] -- Up-to-date symlink: /home/merlabros2/RBE595/install/franka_control/include/franka_control/franka_control/srv/detail/panda_srv__type_support.h
[0.268s] -- Up-to-date symlink: /home/merlabros2/RBE595/install/franka_control/include/franka_control/franka_control/srv/panda_srv.h
[0.268s] -- Up-to-date symlink: /home/merlabros2/RBE595/install/franka_control/share/franka_control/environment/library_path.sh
[0.268s] -- Up-to-date symlink: /home/merlabros2/RBE595/install/franka_control/share/franka_control/environment/library_path.dsv
[0.268s] -- Up-to-date symlink: /home/merlabros2/RBE595/install/franka_control/include/franka_control/franka_control/msg/rosidl_typesupport_fastrtps_c__visibility_control.h
[0.268s] -- Up-to-date symlink: /home/merlabros2/RBE595/install/franka_control/include/franka_control/franka_control/srv/detail/panda_srv__rosidl_typesupport_fastrtps_c.h
[0.268s] -- Up-to-date symlink: /home/merlabros2/RBE595/install/franka_control/include/franka_control/franka_control/msg/rosidl_generator_cpp__visibility_control.hpp
[0.268s] -- Up-to-date symlink: /home/merlabros2/RBE595/install/franka_control/include/franka_control/franka_control/srv/detail/panda_srv__builder.hpp
[0.268s] -- Up-to-date symlink: /home/merlabros2/RBE595/install/franka_control/include/franka_control/franka_control/srv/detail/panda_srv__struct.hpp
[0.269s] -- Up-to-date symlink: /home/merlabros2/RBE595/install/franka_control/include/franka_control/franka_control/srv/detail/panda_srv__traits.hpp
[0.269s] -- Up-to-date symlink: /home/merlabros2/RBE595/install/franka_control/include/franka_control/franka_control/srv/detail/panda_srv__type_support.hpp
[0.269s] -- Up-to-date symlink: /home/merlabros2/RBE595/install/franka_control/include/franka_control/franka_control/srv/panda_srv.hpp
[0.269s] -- Up-to-date symlink: /home/merlabros2/RBE595/install/franka_control/include/franka_control/franka_control/msg/rosidl_typesupport_fastrtps_cpp__visibility_control.h
[0.269s] -- Up-to-date symlink: /home/merlabros2/RBE595/install/franka_control/include/franka_control/franka_control/srv/detail/panda_srv__rosidl_typesupport_fastrtps_cpp.hpp
[0.269s] -- Up-to-date symlink: /home/merlabros2/RBE595/install/franka_control/include/franka_control/franka_control/msg/rosidl_typesupport_introspection_c__visibility_control.h
[0.269s] -- Up-to-date symlink: /home/merlabros2/RBE595/install/franka_control/include/franka_control/franka_control/srv/detail/panda_srv__rosidl_typesupport_introspection_c.h
[0.269s] -- Up-to-date symlink: /home/merlabros2/RBE595/install/franka_control/include/franka_control/franka_control/srv/detail/panda_srv__rosidl_typesupport_introspection_cpp.hpp
[0.269s] -- Up-to-date symlink: /home/merlabros2/RBE595/install/franka_control/share/franka_control/environment/pythonpath.sh
[0.269s] -- Up-to-date symlink: /home/merlabros2/RBE595/install/franka_control/share/franka_control/environment/pythonpath.dsv
[0.269s] -- Up-to-date symlink: /home/merlabros2/RBE595/install/franka_control/local/lib/python3.10/dist-packages/franka_control-0.0.1-py3.10.egg-info/PKG-INFO
[0.269s] -- Up-to-date symlink: /home/merlabros2/RBE595/install/franka_control/local/lib/python3.10/dist-packages/franka_control-0.0.1-py3.10.egg-info/SOURCES.txt
[0.269s] -- Up-to-date symlink: /home/merlabros2/RBE595/install/franka_control/local/lib/python3.10/dist-packages/franka_control-0.0.1-py3.10.egg-info/dependency_links.txt
[0.269s] -- Up-to-date symlink: /home/merlabros2/RBE595/install/franka_control/local/lib/python3.10/dist-packages/franka_control-0.0.1-py3.10.egg-info/top_level.txt
[0.269s] -- Up-to-date symlink: /home/merlabros2/RBE595/install/franka_control/local/lib/python3.10/dist-packages/franka_control/__init__.py
[0.269s] -- Up-to-date symlink: /home/merlabros2/RBE595/install/franka_control/local/lib/python3.10/dist-packages/franka_control/_franka_control_s.ep.rosidl_typesupport_c.c
[0.270s] -- Up-to-date symlink: /home/merlabros2/RBE595/install/franka_control/local/lib/python3.10/dist-packages/franka_control/_franka_control_s.ep.rosidl_typesupport_fastrtps_c.c
[0.270s] -- Up-to-date symlink: /home/merlabros2/RBE595/install/franka_control/local/lib/python3.10/dist-packages/franka_control/_franka_control_s.ep.rosidl_typesupport_introspection_c.c
[0.270s] -- Up-to-date symlink: /home/merlabros2/RBE595/install/franka_control/local/lib/python3.10/dist-packages/franka_control/franka_control_s__rosidl_typesupport_c.cpython-310-x86_64-linux-gnu.so
[0.270s] -- Up-to-date symlink: /home/merlabros2/RBE595/install/franka_control/local/lib/python3.10/dist-packages/franka_control/franka_control_s__rosidl_typesupport_fastrtps_c.cpython-310-x86_64-linux-gnu.so
[0.270s] -- Up-to-date symlink: /home/merlabros2/RBE595/install/franka_control/local/lib/python3.10/dist-packages/franka_control/franka_control_s__rosidl_typesupport_introspection_c.cpython-310-x86_64-linux-gnu.so
[0.270s] -- Up-to-date symlink: /home/merlabros2/RBE595/install/franka_control/local/lib/python3.10/dist-packages/franka_control/libfranka_control__rosidl_generator_py.so
[0.270s] -- Up-to-date symlink: /home/merlabros2/RBE595/install/franka_control/local/lib/python3.10/dist-packages/franka_control/srv/__init__.py
[0.270s] -- Up-to-date symlink: /home/merlabros2/RBE595/install/franka_control/local/lib/python3.10/dist-packages/franka_control/srv/_panda_srv.py
[0.270s] -- Up-to-date symlink: /home/merlabros2/RBE595/install/franka_control/local/lib/python3.10/dist-packages/franka_control/srv/_panda_srv_s.c
[0.270s] -- Up-to-date symlink: /home/merlabros2/RBE595/install/franka_control/local/lib/python3.10/dist-packages/franka_control/franka_control_s__rosidl_typesupport_fastrtps_c.cpython-310-x86_64-linux-gnu.so
[0.270s] -- Up-to-date symlink: /home/merlabros2/RBE595/install/franka_control/local/lib/python3.10/dist-packages/franka_control/franka_control_s__rosidl_typesupport_introspection_c.cpython-310-x86_64-linux-gnu.so
[0.270s] -- Up-to-date symlink: /home/merlabros2/RBE595/install/franka_control/local/lib/python3.10/dist-packages/franka_control/franka_control_s__rosidl_typesupport_c.cpython-310-x86_64-linux-gnu.so
[0.270s] -- Up-to-date symlink: /home/merlabros2/RBE595/install/franka_control/share/franka_control/srv/PandaSrv.idl
[0.270s] -- Up-to-date symlink: /home/merlabros2/RBE595/install/franka_control/share/franka_control/srv/PandaSrv.srv
[0.270s] -- Up-to-date symlink: /home/merlabros2/RBE595/install/franka_control/share/franka_control/srv/PandaSrv_Request.msg
[0.270s] -- Up-to-date symlink: /home/merlabros2/RBE595/install/franka_control/share/franka_control/srv/PandaSrv_Response.msg
[0.270s] -- Up-to-date symlink: /home/merlabros2/RBE595/install/franka_control/lib/franka_control/panda_control_node
[0.270s] -- Up-to-date symlink: /home/merlabros2/RBE595/install/franka_control/share/ament_index/resource_index/package_run_dependencies/franka_control
[0.270s] -- Up-to-date symlink: /home/merlabros2/RBE595/install/franka_control/share/ament_index/resource_index/parent_prefix_path/franka_control
[0.270s] -- Up-to-date symlink: /home/merlabros2/RBE595/install/franka_control/share/franka_control/environment/ament_prefix_path.sh
[0.271s] -- Up-to-date symlink: /home/merlabros2/RBE595/install/franka_control/share/franka_control/environment/ament_prefix_path.dsv
[0.271s] -- Up-to-date symlink: /home/merlabros2/RBE595/install/franka_control/share/franka_control/environment/path.sh
[0.271s] -- Up-to-date symlink: /home/merlabros2/RBE595/install/franka_control/share/franka_control/environment/path.dsv
[0.271s] -- Up-to-date symlink: /home/merlabros2/RBE595/install/franka_control/share/franka_control/local_setup.bash
[0.271s] -- Up-to-date symlink: /home/merlabros2/RBE595/install/franka_control/share/franka_control/local_setup.sh
[0.271s] -- Up-to-date symlink: /home/merlabros2/RBE595/install/franka_control/share/franka_control/local_setup.zsh
[0.271s] -- Up-to-date symlink: /home/merlabros2/RBE595/install/franka_control/share/franka_control/local_setup.dsv
[0.271s] -- Symlinking: /home/merlabros2/RBE595/install/franka_control/share/franka_control/package.dsv
[0.276s] -- Up-to-date symlink: /home/merlabros2/RBE595/install/franka_control/share/ament_index/resource_index/packages/franka_control
[0.276s] -- Up-to-date symlink: /home/merlabros2/RBE595/install/franka_control/share/franka_control/cmake/rosidl_cmake-extras.cmake
[0.276s] -- Up-to-date symlink: /home/merlabros2/RBE595/install/franka_control/share/franka_control/cmake/ament_cmake_export_dependencies-extras.cmake
[0.276s] -- Up-to-date symlink: /home/merlabros2/RBE595/install/franka_control/share/franka_control/cmake/ament_cmake_export_include_directories-extras.cmake
[0.276s] -- Up-to-date symlink: /home/merlabros2/RBE595/install/franka_control/share/franka_control/cmake/ament_cmake_export_libraries-extras.cmake
[0.276s] -- Up-to-date symlink: /home/merlabros2/RBE595/install/franka_control/share/franka_control/cmake/ament_cmake_export_targets-extras.cmake
[0.276s] -- Up-to-date symlink: /home/merlabros2/RBE595/install/franka_control/share/franka_control/cmake/rosidl_cmake_export_typesupport_targets-extras.cmake
[0.276s] -- Up-to-date symlink: /home/merlabros2/RBE595/install/franka_control/share/franka_control/cmake/rosidl_cmake_export_typesupport_libraries-extras.cmake
[0.276s] -- Up-to-date symlink: /home/merlabros2/RBE595/install/franka_control/share/franka_control/cmake/franka_controlConfig.cmake
[0.276s] -- Up-to-date symlink: /home/merlabros2/RBE595/install/franka_control/share/franka_control/cmake/franka_controlConfig-version.cmake
[0.276s] -- Up-to-date symlink: /home/merlabros2/RBE595/install/franka_control/share/franka_control/package.xml
[0.276s] -- Up-to-date: /home/merlabros2/RBE595/install/franka_control/lib/libfranka_control__rosidl_generator_c.so
[0.276s] -- Up-to-date: /home/merlabros2/RBE595/install/franka_control/lib/libfranka_control__rosidl_typesupport_fastrtps_c.so
[0.276s] -- Up-to-date: /home/merlabros2/RBE595/install/franka_control/lib/libfranka_control__rosidl_typesupport_fastrtps_cpp.so
[0.276s] -- Up-to-date: /home/merlabros2/RBE595/install/franka_control/lib/libfranka_control__rosidl_typesupport_introspection_c.so
[0.276s] -- Up-to-date: /home/merlabros2/RBE595/install/franka_control/lib/libfranka_control__rosidl_typesupport_c.so
[0.277s] -- Up-to-date: /home/merlabros2/RBE595/install/franka_control/lib/libfranka_control__rosidl_typesupport_introspection_cpp.so
[0.277s] -- Up-to-date: /home/merlabros2/RBE595/install/franka_control/lib/libfranka_control__rosidl_typesupport_cpp.so
[0.293s] Listing '/home/merlabros2/RBE595/install/franka_control/local/lib/python3.10/dist-packages/franka_control'...
[0.293s] Listing '/home/merlabros2/RBE595/install/franka_control/local/lib/python3.10/dist-packages/franka_control/srv'...
[0.295s] -- Up-to-date: /home/merlabros2/RBE595/install/franka_control/lib/libfranka_control__rosidl_generator_py.so
[0.295s] -- Up-to-date: /home/merlabros2/RBE595/install/franka_control/share/franka_control/cmake/export_franka_control__rosidl_generator_cExport.cmake
[0.295s] -- Up-to-date: /home/merlabros2/RBE595/install/franka_control/share/franka_control/cmake/export_franka_control__rosidl_generator_cExport-noconfig.cmake
[0.295s] -- Up-to-date: /home/merlabros2/RBE595/install/franka_control/share/franka_control/cmake/export_franka_control__rosidl_typesupport_fastrtps_cExport.cmake
[0.295s] -- Up-to-date: /home/merlabros2/RBE595/install/franka_control/share/franka_control/cmake/export_franka_control__rosidl_typesupport_fastrtps_cExport-noconfig.cmake
[0.295s] -- Up-to-date: /home/merlabros2/RBE595/install/franka_control/share/franka_control/cmake/export_franka_control__rosidl_generator_cppExport.cmake
[0.295s] -- Up-to-date: /home/merlabros2/RBE595/install/franka_control/share/franka_control/cmake/export_franka_control__rosidl_typesupport_fastrtps_cppExport.cmake
[0.295s] -- Up-to-date: /home/merlabros2/RBE595/install/franka_control/share/franka_control/cmake/export_franka_control__rosidl_typesupport_fastrtps_cppExport-noconfig.cmake
[0.295s] -- Up-to-date: /home/merlabros2/RBE595/install/franka_control/share/franka_control/cmake/franka_control__rosidl_typesupport_introspection_cExport.cmake
[0.295s] -- Up-to-date: /home/merlabros2/RBE595/install/franka_control/share/franka_control/cmake/franka_control__rosidl_typesupport_introspection_cExport-noconfig.cmake
[0.295s] -- Up-to-date: /home/merlabros2/RBE595/install/franka_control/share/franka_control/cmake/franka_control__rosidl_typesupport_cExport.cmake
[0.295s] -- Up-to-date: /home/merlabros2/RBE595/install/franka_control/share/franka_control/cmake/franka_control__rosidl_typesupport_cExport-noconfig.cmake
[0.295s] -- Up-to-date: /home/merlabros2/RBE595/install/franka_control/share/franka_control/cmake/franka_control__rosidl_typesupport_introspection_cppExport.cmake
[0.295s] -- Up-to-date: /home/merlabros2/RBE595/install/franka_control/share/franka_control/cmake/franka_control__rosidl_typesupport_introspection_cppExport-noconfig.cmake
[0.295s] -- Up-to-date: /home/merlabros2/RBE595/install/franka_control/share/franka_control/cmake/franka_control__rosidl_typesupport_cppExport.cmake
[0.295s] -- Up-to-date: /home/merlabros2/RBE595/install/franka_control/share/franka_control/cmake/franka_control__rosidl_typesupport_cppExport-noconfig.cmake
[0.295s] -- Up-to-date: /home/merlabros2/RBE595/install/franka_control/share/franka_control/cmake/export_franka_control__rosidl_generator_pyExport.cmake
[0.296s] -- Up-to-date: /home/merlabros2/RBE595/install/franka_control/share/franka_control/cmake/export_franka_control__rosidl_generator_pyExport-noconfig.cmake
[0.307s] Invoked command in '/home/merlabros2/RBE595/build/franka_control' returned '0': CMAKE_PREFIX_PATH=${CMAKE_PREFIX_PATH}:/home/merlabros2/RBE595/install/camera_module:/opt/ros/humble /usr/bin/cmake --install /home/merlabros2/RBE595/build/franka_control
