[0.008s] Invoking command in '/home/merlabros2/RBE595/build/camera_interfaces': CMAKE_PREFIX_PATH=${CMAKE_PREFIX_PATH}:/home/merlabros2/RBE595/install/camera_module:/opt/ros/humble /usr/bin/cmake --build /home/merlabros2/RBE595/build/camera_interfaces -- -j32 -l32
[0.029s] [35m[1mConsolidate compiler generated dependencies of target camera_interfaces__rosidl_generator_c[0m
[0.033s] [  3%] Built target camera_interfaces__cpp
[0.036s] [ 12%] Built target camera_interfaces__rosidl_generator_c
[0.037s] [ 12%] Built target ament_cmake_python_symlink_camera_interfaces
[0.039s] [35m[1mConsolidate compiler generated dependencies of target camera_interfaces__rosidl_typesupport_introspection_cpp[0m
[0.041s] [35m[1mConsolidate compiler generated dependencies of target camera_interfaces__rosidl_typesupport_cpp[0m
[0.042s] [35m[1mConsolidate compiler generated dependencies of target camera_interfaces__rosidl_typesupport_fastrtps_cpp[0m
[0.045s] [35m[1mConsolidate compiler generated dependencies of target camera_interfaces__rosidl_typesupport_fastrtps_c[0m
[0.046s] [35m[1mConsolidate compiler generated dependencies of target camera_interfaces__rosidl_typesupport_c[0m
[0.046s] [35m[1mConsolidate compiler generated dependencies of target camera_interfaces__rosidl_typesupport_introspection_c[0m
[0.047s] [ 22%] Built target camera_interfaces__rosidl_typesupport_introspection_cpp
[0.053s] [ 32%] Built target camera_interfaces__rosidl_typesupport_cpp
[0.054s] [ 41%] Built target camera_interfaces__rosidl_typesupport_c
[0.054s] [ 51%] Built target camera_interfaces__rosidl_typesupport_fastrtps_c
[0.055s] [ 61%] Built target camera_interfaces__rosidl_typesupport_fastrtps_cpp
[0.057s] [ 70%] Built target camera_interfaces__rosidl_typesupport_introspection_c
[0.067s] [ 70%] Built target camera_interfaces
[0.079s] [ 74%] Built target camera_interfaces__py
[0.083s] [35m[1mConsolidate compiler generated dependencies of target camera_interfaces__rosidl_generator_py[0m
[0.090s] [ 80%] Built target camera_interfaces__rosidl_generator_py
[0.096s] [35m[1mConsolidate compiler generated dependencies of target camera_interfaces__rosidl_typesupport_fastrtps_c__pyext[0m
[0.096s] [35m[1mConsolidate compiler generated dependencies of target camera_interfaces__rosidl_typesupport_introspection_c__pyext[0m
[0.096s] [35m[1mConsolidate compiler generated dependencies of target camera_interfaces__rosidl_typesupport_c__pyext[0m
[0.102s] [ 87%] Built target camera_interfaces__rosidl_typesupport_c__pyext
[0.103s] [ 93%] Built target camera_interfaces__rosidl_typesupport_fastrtps_c__pyext
[0.104s] [100%] Built target camera_interfaces__rosidl_typesupport_introspection_c__pyext
[0.209s] running egg_info
[0.215s] writing camera_interfaces.egg-info/PKG-INFO
[0.216s] writing dependency_links to camera_interfaces.egg-info/dependency_links.txt
[0.216s] writing top-level names to camera_interfaces.egg-info/top_level.txt
[0.236s] reading manifest file 'camera_interfaces.egg-info/SOURCES.txt'
[0.236s] writing manifest file 'camera_interfaces.egg-info/SOURCES.txt'
[0.255s] [100%] Built target ament_cmake_python_build_camera_interfaces_egg
[0.261s] Invoked command in '/home/merlabros2/RBE595/build/camera_interfaces' returned '0': CMAKE_PREFIX_PATH=${CMAKE_PREFIX_PATH}:/home/merlabros2/RBE595/install/camera_module:/opt/ros/humble /usr/bin/cmake --build /home/merlabros2/RBE595/build/camera_interfaces -- -j32 -l32
[0.262s] Invoking command in '/home/merlabros2/RBE595/build/camera_interfaces': CMAKE_PREFIX_PATH=${CMAKE_PREFIX_PATH}:/home/merlabros2/RBE595/install/camera_module:/opt/ros/humble /usr/bin/cmake --install /home/merlabros2/RBE595/build/camera_interfaces
[0.266s] -- Install configuration: ""
[0.267s] -- Execute custom install script
[0.267s] -- Up-to-date symlink: /home/merlabros2/RBE595/install/camera_interfaces/share/ament_index/resource_index/rosidl_interfaces/camera_interfaces
[0.267s] -- Up-to-date symlink: /home/merlabros2/RBE595/install/camera_interfaces/include/camera_interfaces/camera_interfaces/msg/rosidl_generator_c__visibility_control.h
[0.267s] -- Up-to-date symlink: /home/merlabros2/RBE595/install/camera_interfaces/include/camera_interfaces/camera_interfaces/srv/camera_srv.h
[0.267s] -- Up-to-date symlink: /home/merlabros2/RBE595/install/camera_interfaces/include/camera_interfaces/camera_interfaces/srv/detail/camera_srv__functions.h
[0.267s] -- Up-to-date symlink: /home/merlabros2/RBE595/install/camera_interfaces/include/camera_interfaces/camera_interfaces/srv/detail/camera_srv__struct.h
[0.267s] -- Up-to-date symlink: /home/merlabros2/RBE595/install/camera_interfaces/include/camera_interfaces/camera_interfaces/srv/detail/camera_srv__type_support.h
[0.267s] -- Up-to-date symlink: /home/merlabros2/RBE595/install/camera_interfaces/share/camera_interfaces/environment/library_path.sh
[0.267s] -- Up-to-date symlink: /home/merlabros2/RBE595/install/camera_interfaces/share/camera_interfaces/environment/library_path.dsv
[0.267s] -- Up-to-date symlink: /home/merlabros2/RBE595/install/camera_interfaces/include/camera_interfaces/camera_interfaces/msg/rosidl_typesupport_fastrtps_c__visibility_control.h
[0.267s] -- Up-to-date symlink: /home/merlabros2/RBE595/install/camera_interfaces/include/camera_interfaces/camera_interfaces/srv/detail/camera_srv__rosidl_typesupport_fastrtps_c.h
[0.267s] -- Up-to-date symlink: /home/merlabros2/RBE595/install/camera_interfaces/include/camera_interfaces/camera_interfaces/msg/rosidl_typesupport_introspection_c__visibility_control.h
[0.267s] -- Up-to-date symlink: /home/merlabros2/RBE595/install/camera_interfaces/include/camera_interfaces/camera_interfaces/srv/detail/camera_srv__rosidl_typesupport_introspection_c.h
[0.267s] -- Up-to-date symlink: /home/merlabros2/RBE595/install/camera_interfaces/include/camera_interfaces/camera_interfaces/msg/rosidl_generator_cpp__visibility_control.hpp
[0.267s] -- Up-to-date symlink: /home/merlabros2/RBE595/install/camera_interfaces/include/camera_interfaces/camera_interfaces/srv/camera_srv.hpp
[0.267s] -- Up-to-date symlink: /home/merlabros2/RBE595/install/camera_interfaces/include/camera_interfaces/camera_interfaces/srv/detail/camera_srv__builder.hpp
[0.268s] -- Up-to-date symlink: /home/merlabros2/RBE595/install/camera_interfaces/include/camera_interfaces/camera_interfaces/srv/detail/camera_srv__struct.hpp
[0.268s] -- Up-to-date symlink: /home/merlabros2/RBE595/install/camera_interfaces/include/camera_interfaces/camera_interfaces/srv/detail/camera_srv__traits.hpp
[0.268s] -- Up-to-date symlink: /home/merlabros2/RBE595/install/camera_interfaces/include/camera_interfaces/camera_interfaces/srv/detail/camera_srv__type_support.hpp
[0.268s] -- Up-to-date symlink: /home/merlabros2/RBE595/install/camera_interfaces/include/camera_interfaces/camera_interfaces/msg/rosidl_typesupport_fastrtps_cpp__visibility_control.h
[0.268s] -- Up-to-date symlink: /home/merlabros2/RBE595/install/camera_interfaces/include/camera_interfaces/camera_interfaces/srv/detail/camera_srv__rosidl_typesupport_fastrtps_cpp.hpp
[0.268s] -- Up-to-date symlink: /home/merlabros2/RBE595/install/camera_interfaces/include/camera_interfaces/camera_interfaces/srv/detail/camera_srv__rosidl_typesupport_introspection_cpp.hpp
[0.268s] -- Up-to-date symlink: /home/merlabros2/RBE595/install/camera_interfaces/share/camera_interfaces/environment/pythonpath.sh
[0.268s] -- Up-to-date symlink: /home/merlabros2/RBE595/install/camera_interfaces/share/camera_interfaces/environment/pythonpath.dsv
[0.268s] -- Up-to-date symlink: /home/merlabros2/RBE595/install/camera_interfaces/local/lib/python3.10/dist-packages/camera_interfaces-0.0.1-py3.10.egg-info/PKG-INFO
[0.268s] -- Up-to-date symlink: /home/merlabros2/RBE595/install/camera_interfaces/local/lib/python3.10/dist-packages/camera_interfaces-0.0.1-py3.10.egg-info/SOURCES.txt
[0.268s] -- Up-to-date symlink: /home/merlabros2/RBE595/install/camera_interfaces/local/lib/python3.10/dist-packages/camera_interfaces-0.0.1-py3.10.egg-info/dependency_links.txt
[0.268s] -- Up-to-date symlink: /home/merlabros2/RBE595/install/camera_interfaces/local/lib/python3.10/dist-packages/camera_interfaces-0.0.1-py3.10.egg-info/top_level.txt
[0.268s] -- Up-to-date symlink: /home/merlabros2/RBE595/install/camera_interfaces/local/lib/python3.10/dist-packages/camera_interfaces/__init__.py
[0.268s] -- Up-to-date symlink: /home/merlabros2/RBE595/install/camera_interfaces/local/lib/python3.10/dist-packages/camera_interfaces/_camera_interfaces_s.ep.rosidl_typesupport_c.c
[0.268s] -- Up-to-date symlink: /home/merlabros2/RBE595/install/camera_interfaces/local/lib/python3.10/dist-packages/camera_interfaces/_camera_interfaces_s.ep.rosidl_typesupport_fastrtps_c.c
[0.268s] -- Up-to-date symlink: /home/merlabros2/RBE595/install/camera_interfaces/local/lib/python3.10/dist-packages/camera_interfaces/_camera_interfaces_s.ep.rosidl_typesupport_introspection_c.c
[0.268s] -- Up-to-date symlink: /home/merlabros2/RBE595/install/camera_interfaces/local/lib/python3.10/dist-packages/camera_interfaces/camera_interfaces_s__rosidl_typesupport_c.cpython-310-x86_64-linux-gnu.so
[0.268s] -- Up-to-date symlink: /home/merlabros2/RBE595/install/camera_interfaces/local/lib/python3.10/dist-packages/camera_interfaces/camera_interfaces_s__rosidl_typesupport_fastrtps_c.cpython-310-x86_64-linux-gnu.so
[0.269s] -- Up-to-date symlink: /home/merlabros2/RBE595/install/camera_interfaces/local/lib/python3.10/dist-packages/camera_interfaces/camera_interfaces_s__rosidl_typesupport_introspection_c.cpython-310-x86_64-linux-gnu.so
[0.269s] -- Up-to-date symlink: /home/merlabros2/RBE595/install/camera_interfaces/local/lib/python3.10/dist-packages/camera_interfaces/libcamera_interfaces__rosidl_generator_py.so
[0.269s] -- Up-to-date symlink: /home/merlabros2/RBE595/install/camera_interfaces/local/lib/python3.10/dist-packages/camera_interfaces/srv/__init__.py
[0.269s] -- Up-to-date symlink: /home/merlabros2/RBE595/install/camera_interfaces/local/lib/python3.10/dist-packages/camera_interfaces/srv/_camera_srv.py
[0.269s] -- Up-to-date symlink: /home/merlabros2/RBE595/install/camera_interfaces/local/lib/python3.10/dist-packages/camera_interfaces/srv/_camera_srv_s.c
[0.269s] -- Up-to-date symlink: /home/merlabros2/RBE595/install/camera_interfaces/local/lib/python3.10/dist-packages/camera_interfaces/camera_interfaces_s__rosidl_typesupport_fastrtps_c.cpython-310-x86_64-linux-gnu.so
[0.269s] -- Up-to-date symlink: /home/merlabros2/RBE595/install/camera_interfaces/local/lib/python3.10/dist-packages/camera_interfaces/camera_interfaces_s__rosidl_typesupport_introspection_c.cpython-310-x86_64-linux-gnu.so
[0.269s] -- Up-to-date symlink: /home/merlabros2/RBE595/install/camera_interfaces/local/lib/python3.10/dist-packages/camera_interfaces/camera_interfaces_s__rosidl_typesupport_c.cpython-310-x86_64-linux-gnu.so
[0.269s] -- Up-to-date symlink: /home/merlabros2/RBE595/install/camera_interfaces/share/camera_interfaces/srv/CameraSrv.idl
[0.269s] -- Up-to-date symlink: /home/merlabros2/RBE595/install/camera_interfaces/share/camera_interfaces/srv/CameraSrv.srv
[0.269s] -- Up-to-date symlink: /home/merlabros2/RBE595/install/camera_interfaces/share/camera_interfaces/srv/CameraSrv_Request.msg
[0.269s] -- Up-to-date symlink: /home/merlabros2/RBE595/install/camera_interfaces/share/camera_interfaces/srv/CameraSrv_Response.msg
[0.269s] -- Up-to-date symlink: /home/merlabros2/RBE595/install/camera_interfaces/share/ament_index/resource_index/package_run_dependencies/camera_interfaces
[0.269s] -- Up-to-date symlink: /home/merlabros2/RBE595/install/camera_interfaces/share/ament_index/resource_index/parent_prefix_path/camera_interfaces
[0.269s] -- Up-to-date symlink: /home/merlabros2/RBE595/install/camera_interfaces/share/camera_interfaces/environment/ament_prefix_path.sh
[0.269s] -- Up-to-date symlink: /home/merlabros2/RBE595/install/camera_interfaces/share/camera_interfaces/environment/ament_prefix_path.dsv
[0.269s] -- Up-to-date symlink: /home/merlabros2/RBE595/install/camera_interfaces/share/camera_interfaces/environment/path.sh
[0.269s] -- Up-to-date symlink: /home/merlabros2/RBE595/install/camera_interfaces/share/camera_interfaces/environment/path.dsv
[0.269s] -- Up-to-date symlink: /home/merlabros2/RBE595/install/camera_interfaces/share/camera_interfaces/local_setup.bash
[0.269s] -- Up-to-date symlink: /home/merlabros2/RBE595/install/camera_interfaces/share/camera_interfaces/local_setup.sh
[0.270s] -- Up-to-date symlink: /home/merlabros2/RBE595/install/camera_interfaces/share/camera_interfaces/local_setup.zsh
[0.270s] -- Up-to-date symlink: /home/merlabros2/RBE595/install/camera_interfaces/share/camera_interfaces/local_setup.dsv
[0.270s] -- Symlinking: /home/merlabros2/RBE595/install/camera_interfaces/share/camera_interfaces/package.dsv
[0.273s] -- Up-to-date symlink: /home/merlabros2/RBE595/install/camera_interfaces/share/ament_index/resource_index/packages/camera_interfaces
[0.273s] -- Up-to-date symlink: /home/merlabros2/RBE595/install/camera_interfaces/share/camera_interfaces/cmake/rosidl_cmake-extras.cmake
[0.273s] -- Up-to-date symlink: /home/merlabros2/RBE595/install/camera_interfaces/share/camera_interfaces/cmake/ament_cmake_export_dependencies-extras.cmake
[0.273s] -- Up-to-date symlink: /home/merlabros2/RBE595/install/camera_interfaces/share/camera_interfaces/cmake/ament_cmake_export_include_directories-extras.cmake
[0.273s] -- Up-to-date symlink: /home/merlabros2/RBE595/install/camera_interfaces/share/camera_interfaces/cmake/ament_cmake_export_libraries-extras.cmake
[0.273s] -- Up-to-date symlink: /home/merlabros2/RBE595/install/camera_interfaces/share/camera_interfaces/cmake/ament_cmake_export_targets-extras.cmake
[0.273s] -- Up-to-date symlink: /home/merlabros2/RBE595/install/camera_interfaces/share/camera_interfaces/cmake/rosidl_cmake_export_typesupport_targets-extras.cmake
[0.273s] -- Up-to-date symlink: /home/merlabros2/RBE595/install/camera_interfaces/share/camera_interfaces/cmake/rosidl_cmake_export_typesupport_libraries-extras.cmake
[0.274s] -- Up-to-date symlink: /home/merlabros2/RBE595/install/camera_interfaces/share/camera_interfaces/cmake/camera_interfacesConfig.cmake
[0.274s] -- Up-to-date symlink: /home/merlabros2/RBE595/install/camera_interfaces/share/camera_interfaces/cmake/camera_interfacesConfig-version.cmake
[0.274s] -- Up-to-date symlink: /home/merlabros2/RBE595/install/camera_interfaces/share/camera_interfaces/package.xml
[0.274s] -- Up-to-date: /home/merlabros2/RBE595/install/camera_interfaces/lib/libcamera_interfaces__rosidl_generator_c.so
[0.274s] -- Up-to-date: /home/merlabros2/RBE595/install/camera_interfaces/lib/libcamera_interfaces__rosidl_typesupport_fastrtps_c.so
[0.274s] -- Up-to-date: /home/merlabros2/RBE595/install/camera_interfaces/lib/libcamera_interfaces__rosidl_typesupport_introspection_c.so
[0.274s] -- Up-to-date: /home/merlabros2/RBE595/install/camera_interfaces/lib/libcamera_interfaces__rosidl_typesupport_c.so
[0.274s] -- Up-to-date: /home/merlabros2/RBE595/install/camera_interfaces/lib/libcamera_interfaces__rosidl_typesupport_fastrtps_cpp.so
[0.274s] -- Up-to-date: /home/merlabros2/RBE595/install/camera_interfaces/lib/libcamera_interfaces__rosidl_typesupport_introspection_cpp.so
[0.274s] -- Up-to-date: /home/merlabros2/RBE595/install/camera_interfaces/lib/libcamera_interfaces__rosidl_typesupport_cpp.so
[0.294s] Listing '/home/merlabros2/RBE595/install/camera_interfaces/local/lib/python3.10/dist-packages/camera_interfaces'...
[0.294s] Listing '/home/merlabros2/RBE595/install/camera_interfaces/local/lib/python3.10/dist-packages/camera_interfaces/srv'...
[0.296s] -- Up-to-date: /home/merlabros2/RBE595/install/camera_interfaces/lib/libcamera_interfaces__rosidl_generator_py.so
[0.296s] -- Up-to-date: /home/merlabros2/RBE595/install/camera_interfaces/share/camera_interfaces/cmake/export_camera_interfaces__rosidl_generator_cExport.cmake
[0.296s] -- Up-to-date: /home/merlabros2/RBE595/install/camera_interfaces/share/camera_interfaces/cmake/export_camera_interfaces__rosidl_generator_cExport-noconfig.cmake
[0.296s] -- Up-to-date: /home/merlabros2/RBE595/install/camera_interfaces/share/camera_interfaces/cmake/export_camera_interfaces__rosidl_typesupport_fastrtps_cExport.cmake
[0.296s] -- Up-to-date: /home/merlabros2/RBE595/install/camera_interfaces/share/camera_interfaces/cmake/export_camera_interfaces__rosidl_typesupport_fastrtps_cExport-noconfig.cmake
[0.296s] -- Up-to-date: /home/merlabros2/RBE595/install/camera_interfaces/share/camera_interfaces/cmake/camera_interfaces__rosidl_typesupport_introspection_cExport.cmake
[0.296s] -- Up-to-date: /home/merlabros2/RBE595/install/camera_interfaces/share/camera_interfaces/cmake/camera_interfaces__rosidl_typesupport_introspection_cExport-noconfig.cmake
[0.296s] -- Up-to-date: /home/merlabros2/RBE595/install/camera_interfaces/share/camera_interfaces/cmake/camera_interfaces__rosidl_typesupport_cExport.cmake
[0.296s] -- Up-to-date: /home/merlabros2/RBE595/install/camera_interfaces/share/camera_interfaces/cmake/camera_interfaces__rosidl_typesupport_cExport-noconfig.cmake
[0.296s] -- Up-to-date: /home/merlabros2/RBE595/install/camera_interfaces/share/camera_interfaces/cmake/export_camera_interfaces__rosidl_generator_cppExport.cmake
[0.296s] -- Up-to-date: /home/merlabros2/RBE595/install/camera_interfaces/share/camera_interfaces/cmake/export_camera_interfaces__rosidl_typesupport_fastrtps_cppExport.cmake
[0.296s] -- Up-to-date: /home/merlabros2/RBE595/install/camera_interfaces/share/camera_interfaces/cmake/export_camera_interfaces__rosidl_typesupport_fastrtps_cppExport-noconfig.cmake
[0.297s] -- Up-to-date: /home/merlabros2/RBE595/install/camera_interfaces/share/camera_interfaces/cmake/camera_interfaces__rosidl_typesupport_introspection_cppExport.cmake
[0.297s] -- Up-to-date: /home/merlabros2/RBE595/install/camera_interfaces/share/camera_interfaces/cmake/camera_interfaces__rosidl_typesupport_introspection_cppExport-noconfig.cmake
[0.297s] -- Up-to-date: /home/merlabros2/RBE595/install/camera_interfaces/share/camera_interfaces/cmake/camera_interfaces__rosidl_typesupport_cppExport.cmake
[0.297s] -- Up-to-date: /home/merlabros2/RBE595/install/camera_interfaces/share/camera_interfaces/cmake/camera_interfaces__rosidl_typesupport_cppExport-noconfig.cmake
[0.297s] -- Up-to-date: /home/merlabros2/RBE595/install/camera_interfaces/share/camera_interfaces/cmake/export_camera_interfaces__rosidl_generator_pyExport.cmake
[0.297s] -- Up-to-date: /home/merlabros2/RBE595/install/camera_interfaces/share/camera_interfaces/cmake/export_camera_interfaces__rosidl_generator_pyExport-noconfig.cmake
[0.299s] Invoked command in '/home/merlabros2/RBE595/build/camera_interfaces' returned '0': CMAKE_PREFIX_PATH=${CMAKE_PREFIX_PATH}:/home/merlabros2/RBE595/install/camera_module:/opt/ros/humble /usr/bin/cmake --install /home/merlabros2/RBE595/build/camera_interfaces
