[0.006s] Invoking command in '/home/merlabros2/RBE595/build/franka_description': CMAKE_PREFIX_PATH=/opt/ros/humble /usr/bin/cmake --build /home/merlabros2/RBE595/build/franka_description -- -j32 -l32
[0.027s] Invoked command in '/home/merlabros2/RBE595/build/franka_description' returned '0': CMAKE_PREFIX_PATH=/opt/ros/humble /usr/bin/cmake --build /home/merlabros2/RBE595/build/franka_description -- -j32 -l32
[0.032s] Invoking command in '/home/merlabros2/RBE595/build/franka_description': CMAKE_PREFIX_PATH=/opt/ros/humble /usr/bin/cmake --install /home/merlabros2/RBE595/build/franka_description
[0.037s] -- Install configuration: ""
[0.038s] -- Execute custom install script
[0.038s] -- Up-to-date symlink: /home/merlabros2/RBE595/install/franka_description/share/franka_description/urdf/panda.ros2_control.xacro
[0.038s] -- Up-to-date symlink: /home/merlabros2/RBE595/install/franka_description/share/franka_description/urdf/panda_hand_control.xacro
[0.038s] -- Up-to-date symlink: /home/merlabros2/RBE595/install/franka_description/share/ament_index/resource_index/package_run_dependencies/franka_description
[0.038s] -- Up-to-date symlink: /home/merlabros2/RBE595/install/franka_description/share/ament_index/resource_index/parent_prefix_path/franka_description
[0.038s] -- Up-to-date symlink: /home/merlabros2/RBE595/install/franka_description/share/franka_description/environment/ament_prefix_path.sh
[0.038s] -- Up-to-date symlink: /home/merlabros2/RBE595/install/franka_description/share/franka_description/environment/ament_prefix_path.dsv
[0.038s] -- Up-to-date symlink: /home/merlabros2/RBE595/install/franka_description/share/franka_description/environment/path.sh
[0.039s] -- Up-to-date symlink: /home/merlabros2/RBE595/install/franka_description/share/franka_description/environment/path.dsv
[0.039s] -- Up-to-date symlink: /home/merlabros2/RBE595/install/franka_description/share/franka_description/local_setup.bash
[0.039s] -- Up-to-date symlink: /home/merlabros2/RBE595/install/franka_description/share/franka_description/local_setup.sh
[0.039s] -- Up-to-date symlink: /home/merlabros2/RBE595/install/franka_description/share/franka_description/local_setup.zsh
[0.039s] -- Up-to-date symlink: /home/merlabros2/RBE595/install/franka_description/share/franka_description/local_setup.dsv
[0.039s] -- Symlinking: /home/merlabros2/RBE595/install/franka_description/share/franka_description/package.dsv
[0.043s] -- Up-to-date symlink: /home/merlabros2/RBE595/install/franka_description/share/ament_index/resource_index/packages/franka_description
[0.043s] -- Up-to-date symlink: /home/merlabros2/RBE595/install/franka_description/share/franka_description/cmake/franka_descriptionConfig.cmake
[0.043s] -- Up-to-date symlink: /home/merlabros2/RBE595/install/franka_description/share/franka_description/cmake/franka_descriptionConfig-version.cmake
[0.043s] -- Up-to-date symlink: /home/merlabros2/RBE595/install/franka_description/share/franka_description/package.xml
[0.046s] Invoked command in '/home/merlabros2/RBE595/build/franka_description' returned '0': CMAKE_PREFIX_PATH=/opt/ros/humble /usr/bin/cmake --install /home/merlabros2/RBE595/build/franka_description
