[31mCMake Error at /opt/ros/humble/share/ament_cmake_python/cmake/ament_python_install_package.cmake:122 (add_custom_target):
  add_custom_target cannot create target "ament_cmake_python_copy_camera_pkg"
  because another target with the same name already exists.  The existing
  target is a custom target created in source directory
  "/home/merlabros2/RBE595/src/camera_pkg".  See documentation for policy
  CMP0002 for more details.
Call Stack (most recent call first):
  /opt/ros/humble/share/ament_cmake_python/cmake/ament_python_install_package.cmake:39 (_ament_cmake_python_install_package)
  CMakeLists.txt:19 (ament_python_install_package)

[0m
[31mCMake Error at /opt/ros/humble/share/ament_cmake_python/cmake/ament_python_install_package.cmake:141 (add_custom_target):
  add_custom_target cannot create target
  "ament_cmake_python_build_camera_pkg_egg" because another target with the
  same name already exists.  The existing target is a custom target created
  in source directory "/home/merlabros2/RBE595/src/camera_pkg".  See
  documentation for policy CMP0002 for more details.
Call Stack (most recent call first):
  /opt/ros/humble/share/ament_cmake_python/cmake/ament_python_install_package.cmake:39 (_ament_cmake_python_install_package)
  CMakeLists.txt:19 (ament_python_install_package)

[0m
