[0.006s] Invoking command in '/home/merlabros2/RBE595/build/camera_pkg': CMAKE_PREFIX_PATH=${CMAKE_PREFIX_PATH}:/home/merlabros2/ws_moveit2/install/moveit_configs_utils:/home/merlabros2/ws_moveit2/install/launch_param_builder:/opt/ros/humble /usr/bin/cmake /home/merlabros2/RBE595/src/camera_pkg -DCMAKE_INSTALL_PREFIX=/home/merlabros2/RBE595/install/camera_pkg
[0.044s] -- The C compiler identification is GNU 11.4.0
[0.119s] -- The CXX compiler identification is GNU 11.4.0
[0.123s] -- Detecting C compiler ABI info
[0.195s] -- Detecting C compiler ABI info - done
[0.198s] -- Check for working C compiler: /usr/bin/cc - skipped
[0.198s] -- Detecting C compile features
[0.198s] -- Detecting C compile features - done
[0.200s] -- Detecting CXX compiler ABI info
[0.296s] -- Detecting CXX compiler ABI info - done
[0.302s] -- Check for working CXX compiler: /usr/bin/c++ - skipped
[0.302s] -- Detecting CXX compile features
[0.302s] -- Detecting CXX compile features - done
[0.306s] -- Found ament_cmake: 1.3.12 (/opt/ros/humble/share/ament_cmake/cmake)
[0.435s] -- Found Python3: /usr/bin/python3 (found version "3.10.12") found components: Interpreter 
[0.503s] -- Found rosidl_default_generators: 1.2.0 (/opt/ros/humble/share/rosidl_default_generators/cmake)
[0.510s] -- Using all available rosidl_typesupport_c: rosidl_typesupport_fastrtps_c;rosidl_typesupport_introspection_c
[0.517s] -- Found rosidl_adapter: 3.1.7 (/opt/ros/humble/share/rosidl_adapter/cmake)
[0.553s] -- Using all available rosidl_typesupport_cpp: rosidl_typesupport_fastrtps_cpp;rosidl_typesupport_introspection_cpp
[0.577s] -- Found sensor_msgs: 4.9.0 (/opt/ros/humble/share/sensor_msgs/cmake)
[0.753s] -- Found ament_cmake_ros: 0.10.0 (/opt/ros/humble/share/ament_cmake_ros/cmake)
[0.913s] -- Using all available rosidl_typesupport_c: rosidl_typesupport_fastrtps_c;rosidl_typesupport_introspection_c
[1.154s] -- Using all available rosidl_typesupport_cpp: rosidl_typesupport_fastrtps_cpp;rosidl_typesupport_introspection_cpp
[1.173s] -- Found PythonInterp: /usr/bin/python3 (found suitable version "3.10.12", minimum required is "3.6") 
[1.177s] -- Found python_cmake_module: 0.10.0 (/opt/ros/humble/share/python_cmake_module/cmake)
[1.217s] -- Found PythonLibs: /usr/lib/x86_64-linux-gnu/libpython3.10.so (found suitable version "3.10.12", minimum required is "3.5") 
[1.217s] -- Using PYTHON_EXECUTABLE: /usr/bin/python3
[1.218s] -- Using PYTHON_INCLUDE_DIRS: /usr/include/python3.10
[1.218s] -- Using PYTHON_LIBRARIES: /usr/lib/x86_64-linux-gnu/libpython3.10.so
[1.241s] -- Found PythonExtra: .so  
[1.291s] [31mCMake Error at /opt/ros/humble/share/ament_cmake_python/cmake/ament_python_install_package.cmake:122 (add_custom_target):
[1.291s]   add_custom_target cannot create target "ament_cmake_python_copy_camera_pkg"
[1.291s]   because another target with the same name already exists.  The existing
[1.291s]   target is a custom target created in source directory
[1.291s]   "/home/merlabros2/RBE595/src/camera_pkg".  See documentation for policy
[1.291s]   CMP0002 for more details.
[1.291s] Call Stack (most recent call first):
[1.291s]   /opt/ros/humble/share/ament_cmake_python/cmake/ament_python_install_package.cmake:39 (_ament_cmake_python_install_package)
[1.291s]   CMakeLists.txt:19 (ament_python_install_package)
[1.291s] 
[1.291s] [0m
[1.291s] [31mCMake Error at /opt/ros/humble/share/ament_cmake_python/cmake/ament_python_install_package.cmake:141 (add_custom_target):
[1.291s]   add_custom_target cannot create target
[1.291s]   "ament_cmake_python_build_camera_pkg_egg" because another target with the
[1.291s]   same name already exists.  The existing target is a custom target created
[1.291s]   in source directory "/home/merlabros2/RBE595/src/camera_pkg".  See
[1.291s]   documentation for policy CMP0002 for more details.
[1.291s] Call Stack (most recent call first):
[1.291s]   /opt/ros/humble/share/ament_cmake_python/cmake/ament_python_install_package.cmake:39 (_ament_cmake_python_install_package)
[1.291s]   CMakeLists.txt:19 (ament_python_install_package)
[1.291s] 
[1.291s] [0m
[1.293s] -- Configuring incomplete, errors occurred!
[1.293s] See also "/home/merlabros2/RBE595/build/camera_pkg/CMakeFiles/CMakeOutput.log".
[1.297s] Invoked command in '/home/merlabros2/RBE595/build/camera_pkg' returned '1': CMAKE_PREFIX_PATH=${CMAKE_PREFIX_PATH}:/home/merlabros2/ws_moveit2/install/moveit_configs_utils:/home/merlabros2/ws_moveit2/install/launch_param_builder:/opt/ros/humble /usr/bin/cmake /home/merlabros2/RBE595/src/camera_pkg -DCMAKE_INSTALL_PREFIX=/home/merlabros2/RBE595/install/camera_pkg
