[0.043s] DEBUG:colcon:Command line arguments: ['/usr/bin/colcon', 'build', '--symlink-install']
[0.043s] DEBUG:colcon:Parsed command line arguments: Namespace(log_base=None, log_level=None, verb_name='build', build_base='build', install_base='install', merge_install=False, symlink_install=True, test_result_base=None, continue_on_error=False, executor='parallel', parallel_workers=32, event_handlers=None, ignore_user_meta=False, metas=['./colcon.meta'], base_paths=['.'], packages_ignore=None, packages_ignore_regex=None, paths=None, packages_up_to=None, packages_up_to_regex=None, packages_above=None, packages_above_and_dependencies=None, packages_above_depth=None, packages_select_by_dep=None, packages_skip_by_dep=None, packages_skip_up_to=None, packages_select_build_failed=False, packages_skip_build_finished=False, packages_select_test_failures=False, packages_skip_test_passed=False, packages_select=None, packages_skip=None, packages_select_regex=None, packages_skip_regex=None, packages_start=None, packages_end=None, allow_overriding=[], cmake_args=None, cmake_target=None, cmake_target_skip_unavailable=False, cmake_clean_cache=False, cmake_clean_first=False, cmake_force_configure=False, ament_cmake_args=None, catkin_cmake_args=None, catkin_skip_building_tests=False, mixin_files=None, mixin=None, verb_parser=<colcon_mixin.mixin.mixin_argument.MixinArgumentDecorator object at 0x7c35ccd23fa0>, verb_extension=<colcon_core.verb.build.BuildVerb object at 0x7c35cce9cf10>, main=<bound method BuildVerb.main of <colcon_core.verb.build.BuildVerb object at 0x7c35cce9cf10>>, mixin_verb=('build',))
[0.141s] Level 1:colcon.colcon_core.package_discovery:discover_packages(colcon_meta) check parameters
[0.141s] Level 1:colcon.colcon_core.package_discovery:discover_packages(recursive) check parameters
[0.141s] Level 1:colcon.colcon_core.package_discovery:discover_packages(ignore) check parameters
[0.141s] Level 1:colcon.colcon_core.package_discovery:discover_packages(path) check parameters
[0.141s] Level 1:colcon.colcon_core.package_discovery:discover_packages(colcon_meta) discover
[0.141s] Level 1:colcon.colcon_core.package_discovery:discover_packages(recursive) discover
[0.141s] INFO:colcon.colcon_core.package_discovery:Crawling recursively for packages in '/home/merlabros2/RBE595'
[0.142s] Level 1:colcon.colcon_core.package_identification:_identify(.) by extensions ['ignore', 'ignore_ament_install']
[0.142s] Level 1:colcon.colcon_core.package_identification:_identify(.) by extension 'ignore'
[0.142s] Level 1:colcon.colcon_core.package_identification:_identify(.) by extension 'ignore_ament_install'
[0.142s] Level 1:colcon.colcon_core.package_identification:_identify(.) by extensions ['colcon_pkg']
[0.142s] Level 1:colcon.colcon_core.package_identification:_identify(.) by extension 'colcon_pkg'
[0.142s] Level 1:colcon.colcon_core.package_identification:_identify(.) by extensions ['colcon_meta']
[0.142s] Level 1:colcon.colcon_core.package_identification:_identify(.) by extension 'colcon_meta'
[0.142s] Level 1:colcon.colcon_core.package_identification:_identify(.) by extensions ['ros']
[0.142s] Level 1:colcon.colcon_core.package_identification:_identify(.) by extension 'ros'
[0.147s] Level 1:colcon.colcon_core.package_identification:_identify(.) by extensions ['cmake', 'python']
[0.147s] Level 1:colcon.colcon_core.package_identification:_identify(.) by extension 'cmake'
[0.147s] Level 1:colcon.colcon_core.package_identification:_identify(.) by extension 'python'
[0.147s] Level 1:colcon.colcon_core.package_identification:_identify(.) by extensions ['python_setup_py']
[0.147s] Level 1:colcon.colcon_core.package_identification:_identify(.) by extension 'python_setup_py'
[0.147s] Level 1:colcon.colcon_core.package_identification:_identify(build) by extensions ['ignore', 'ignore_ament_install']
[0.148s] Level 1:colcon.colcon_core.package_identification:_identify(build) by extension 'ignore'
[0.148s] Level 1:colcon.colcon_core.package_identification:_identify(build) ignored
[0.148s] Level 1:colcon.colcon_core.package_identification:_identify(install) by extensions ['ignore', 'ignore_ament_install']
[0.148s] Level 1:colcon.colcon_core.package_identification:_identify(install) by extension 'ignore'
[0.148s] Level 1:colcon.colcon_core.package_identification:_identify(install) ignored
[0.148s] Level 1:colcon.colcon_core.package_identification:_identify(log) by extensions ['ignore', 'ignore_ament_install']
[0.148s] Level 1:colcon.colcon_core.package_identification:_identify(log) by extension 'ignore'
[0.148s] Level 1:colcon.colcon_core.package_identification:_identify(log) ignored
[0.148s] Level 1:colcon.colcon_core.package_identification:_identify(src) by extensions ['ignore', 'ignore_ament_install']
[0.148s] Level 1:colcon.colcon_core.package_identification:_identify(src) by extension 'ignore'
[0.148s] Level 1:colcon.colcon_core.package_identification:_identify(src) by extension 'ignore_ament_install'
[0.148s] Level 1:colcon.colcon_core.package_identification:_identify(src) by extensions ['colcon_pkg']
[0.148s] Level 1:colcon.colcon_core.package_identification:_identify(src) by extension 'colcon_pkg'
[0.148s] Level 1:colcon.colcon_core.package_identification:_identify(src) by extensions ['colcon_meta']
[0.148s] Level 1:colcon.colcon_core.package_identification:_identify(src) by extension 'colcon_meta'
[0.148s] Level 1:colcon.colcon_core.package_identification:_identify(src) by extensions ['ros']
[0.148s] Level 1:colcon.colcon_core.package_identification:_identify(src) by extension 'ros'
[0.148s] Level 1:colcon.colcon_core.package_identification:_identify(src) by extensions ['cmake', 'python']
[0.148s] Level 1:colcon.colcon_core.package_identification:_identify(src) by extension 'cmake'
[0.148s] Level 1:colcon.colcon_core.package_identification:_identify(src) by extension 'python'
[0.148s] Level 1:colcon.colcon_core.package_identification:_identify(src) by extensions ['python_setup_py']
[0.148s] Level 1:colcon.colcon_core.package_identification:_identify(src) by extension 'python_setup_py'
[0.148s] Level 1:colcon.colcon_core.package_identification:_identify(src/camera_interfaces) by extensions ['ignore', 'ignore_ament_install']
[0.148s] Level 1:colcon.colcon_core.package_identification:_identify(src/camera_interfaces) by extension 'ignore'
[0.148s] Level 1:colcon.colcon_core.package_identification:_identify(src/camera_interfaces) by extension 'ignore_ament_install'
[0.148s] Level 1:colcon.colcon_core.package_identification:_identify(src/camera_interfaces) by extensions ['colcon_pkg']
[0.148s] Level 1:colcon.colcon_core.package_identification:_identify(src/camera_interfaces) by extension 'colcon_pkg'
[0.148s] Level 1:colcon.colcon_core.package_identification:_identify(src/camera_interfaces) by extensions ['colcon_meta']
[0.148s] Level 1:colcon.colcon_core.package_identification:_identify(src/camera_interfaces) by extension 'colcon_meta'
[0.148s] Level 1:colcon.colcon_core.package_identification:_identify(src/camera_interfaces) by extensions ['ros']
[0.148s] Level 1:colcon.colcon_core.package_identification:_identify(src/camera_interfaces) by extension 'ros'
[0.149s] DEBUG:colcon.colcon_core.package_identification:Package 'src/camera_interfaces' with type 'ros.ament_cmake' and name 'camera_interfaces'
[0.149s] Level 1:colcon.colcon_core.package_identification:_identify(src/camera_module) by extensions ['ignore', 'ignore_ament_install']
[0.149s] Level 1:colcon.colcon_core.package_identification:_identify(src/camera_module) by extension 'ignore'
[0.150s] Level 1:colcon.colcon_core.package_identification:_identify(src/camera_module) by extension 'ignore_ament_install'
[0.150s] Level 1:colcon.colcon_core.package_identification:_identify(src/camera_module) by extensions ['colcon_pkg']
[0.150s] Level 1:colcon.colcon_core.package_identification:_identify(src/camera_module) by extension 'colcon_pkg'
[0.150s] Level 1:colcon.colcon_core.package_identification:_identify(src/camera_module) by extensions ['colcon_meta']
[0.150s] Level 1:colcon.colcon_core.package_identification:_identify(src/camera_module) by extension 'colcon_meta'
[0.150s] Level 1:colcon.colcon_core.package_identification:_identify(src/camera_module) by extensions ['ros']
[0.150s] Level 1:colcon.colcon_core.package_identification:_identify(src/camera_module) by extension 'ros'
[0.150s] DEBUG:colcon.colcon_core.package_identification:Package 'src/camera_module' with type 'ros.ament_python' and name 'camera_module'
[0.150s] Level 1:colcon.colcon_core.package_identification:_identify(src/franka_control) by extensions ['ignore', 'ignore_ament_install']
[0.150s] Level 1:colcon.colcon_core.package_identification:_identify(src/franka_control) by extension 'ignore'
[0.150s] Level 1:colcon.colcon_core.package_identification:_identify(src/franka_control) by extension 'ignore_ament_install'
[0.150s] Level 1:colcon.colcon_core.package_identification:_identify(src/franka_control) by extensions ['colcon_pkg']
[0.150s] Level 1:colcon.colcon_core.package_identification:_identify(src/franka_control) by extension 'colcon_pkg'
[0.150s] Level 1:colcon.colcon_core.package_identification:_identify(src/franka_control) by extensions ['colcon_meta']
[0.150s] Level 1:colcon.colcon_core.package_identification:_identify(src/franka_control) by extension 'colcon_meta'
[0.150s] Level 1:colcon.colcon_core.package_identification:_identify(src/franka_control) by extensions ['ros']
[0.150s] Level 1:colcon.colcon_core.package_identification:_identify(src/franka_control) by extension 'ros'
[0.150s] DEBUG:colcon.colcon_core.package_identification:Package 'src/franka_control' with type 'ros.ament_cmake' and name 'franka_control'
[0.150s] Level 1:colcon.colcon_core.package_identification:_identify(src/franka_description) by extensions ['ignore', 'ignore_ament_install']
[0.151s] Level 1:colcon.colcon_core.package_identification:_identify(src/franka_description) by extension 'ignore'
[0.151s] Level 1:colcon.colcon_core.package_identification:_identify(src/franka_description) by extension 'ignore_ament_install'
[0.151s] Level 1:colcon.colcon_core.package_identification:_identify(src/franka_description) by extensions ['colcon_pkg']
[0.151s] Level 1:colcon.colcon_core.package_identification:_identify(src/franka_description) by extension 'colcon_pkg'
[0.151s] Level 1:colcon.colcon_core.package_identification:_identify(src/franka_description) by extensions ['colcon_meta']
[0.151s] Level 1:colcon.colcon_core.package_identification:_identify(src/franka_description) by extension 'colcon_meta'
[0.151s] Level 1:colcon.colcon_core.package_identification:_identify(src/franka_description) by extensions ['ros']
[0.151s] Level 1:colcon.colcon_core.package_identification:_identify(src/franka_description) by extension 'ros'
[0.151s] DEBUG:colcon.colcon_core.package_identification:Package 'src/franka_description' with type 'ros.ament_cmake' and name 'franka_description'
[0.151s] Level 1:colcon.colcon_core.package_identification:_identify(src/franka_moveit_config) by extensions ['ignore', 'ignore_ament_install']
[0.151s] Level 1:colcon.colcon_core.package_identification:_identify(src/franka_moveit_config) by extension 'ignore'
[0.151s] Level 1:colcon.colcon_core.package_identification:_identify(src/franka_moveit_config) by extension 'ignore_ament_install'
[0.151s] Level 1:colcon.colcon_core.package_identification:_identify(src/franka_moveit_config) by extensions ['colcon_pkg']
[0.151s] Level 1:colcon.colcon_core.package_identification:_identify(src/franka_moveit_config) by extension 'colcon_pkg'
[0.151s] Level 1:colcon.colcon_core.package_identification:_identify(src/franka_moveit_config) by extensions ['colcon_meta']
[0.151s] Level 1:colcon.colcon_core.package_identification:_identify(src/franka_moveit_config) by extension 'colcon_meta'
[0.151s] Level 1:colcon.colcon_core.package_identification:_identify(src/franka_moveit_config) by extensions ['ros']
[0.151s] Level 1:colcon.colcon_core.package_identification:_identify(src/franka_moveit_config) by extension 'ros'
[0.151s] DEBUG:colcon.colcon_core.package_identification:Package 'src/franka_moveit_config' with type 'ros.ament_cmake' and name 'franka_moveit_config'
[0.151s] Level 1:colcon.colcon_core.package_discovery:discover_packages(recursive) using defaults
[0.151s] Level 1:colcon.colcon_core.package_discovery:discover_packages(ignore) discover
[0.151s] Level 1:colcon.colcon_core.package_discovery:discover_packages(ignore) using defaults
[0.151s] Level 1:colcon.colcon_core.package_discovery:discover_packages(path) discover
[0.151s] Level 1:colcon.colcon_core.package_discovery:discover_packages(path) using defaults
[0.160s] Level 1:colcon.colcon_core.package_discovery:discover_packages(prefix_path) check parameters
[0.160s] Level 1:colcon.colcon_core.package_discovery:discover_packages(prefix_path) discover
[0.161s] DEBUG:colcon.colcon_installed_package_information.package_discovery:Found 399 installed packages in /opt/ros/humble
[0.162s] Level 1:colcon.colcon_core.package_discovery:discover_packages(prefix_path) using defaults
[0.179s] Level 5:colcon.colcon_core.verb:set package 'camera_interfaces' build argument 'cmake_args' from command line to 'None'
[0.179s] Level 5:colcon.colcon_core.verb:set package 'camera_interfaces' build argument 'cmake_target' from command line to 'None'
[0.179s] Level 5:colcon.colcon_core.verb:set package 'camera_interfaces' build argument 'cmake_target_skip_unavailable' from command line to 'False'
[0.179s] Level 5:colcon.colcon_core.verb:set package 'camera_interfaces' build argument 'cmake_clean_cache' from command line to 'False'
[0.179s] Level 5:colcon.colcon_core.verb:set package 'camera_interfaces' build argument 'cmake_clean_first' from command line to 'False'
[0.179s] Level 5:colcon.colcon_core.verb:set package 'camera_interfaces' build argument 'cmake_force_configure' from command line to 'False'
[0.179s] Level 5:colcon.colcon_core.verb:set package 'camera_interfaces' build argument 'ament_cmake_args' from command line to 'None'
[0.179s] Level 5:colcon.colcon_core.verb:set package 'camera_interfaces' build argument 'catkin_cmake_args' from command line to 'None'
[0.179s] Level 5:colcon.colcon_core.verb:set package 'camera_interfaces' build argument 'catkin_skip_building_tests' from command line to 'False'
[0.179s] DEBUG:colcon.colcon_core.verb:Building package 'camera_interfaces' with the following arguments: {'ament_cmake_args': None, 'build_base': '/home/merlabros2/RBE595/build/camera_interfaces', 'catkin_cmake_args': None, 'catkin_skip_building_tests': False, 'cmake_args': None, 'cmake_clean_cache': False, 'cmake_clean_first': False, 'cmake_force_configure': False, 'cmake_target': None, 'cmake_target_skip_unavailable': False, 'install_base': '/home/merlabros2/RBE595/install/camera_interfaces', 'merge_install': False, 'path': '/home/merlabros2/RBE595/src/camera_interfaces', 'symlink_install': True, 'test_result_base': None}
[0.179s] Level 5:colcon.colcon_core.verb:set package 'franka_control' build argument 'cmake_args' from command line to 'None'
[0.179s] Level 5:colcon.colcon_core.verb:set package 'franka_control' build argument 'cmake_target' from command line to 'None'
[0.179s] Level 5:colcon.colcon_core.verb:set package 'franka_control' build argument 'cmake_target_skip_unavailable' from command line to 'False'
[0.179s] Level 5:colcon.colcon_core.verb:set package 'franka_control' build argument 'cmake_clean_cache' from command line to 'False'
[0.179s] Level 5:colcon.colcon_core.verb:set package 'franka_control' build argument 'cmake_clean_first' from command line to 'False'
[0.179s] Level 5:colcon.colcon_core.verb:set package 'franka_control' build argument 'cmake_force_configure' from command line to 'False'
[0.179s] Level 5:colcon.colcon_core.verb:set package 'franka_control' build argument 'ament_cmake_args' from command line to 'None'
[0.179s] Level 5:colcon.colcon_core.verb:set package 'franka_control' build argument 'catkin_cmake_args' from command line to 'None'
[0.179s] Level 5:colcon.colcon_core.verb:set package 'franka_control' build argument 'catkin_skip_building_tests' from command line to 'False'
[0.179s] DEBUG:colcon.colcon_core.verb:Building package 'franka_control' with the following arguments: {'ament_cmake_args': None, 'build_base': '/home/merlabros2/RBE595/build/franka_control', 'catkin_cmake_args': None, 'catkin_skip_building_tests': False, 'cmake_args': None, 'cmake_clean_cache': False, 'cmake_clean_first': False, 'cmake_force_configure': False, 'cmake_target': None, 'cmake_target_skip_unavailable': False, 'install_base': '/home/merlabros2/RBE595/install/franka_control', 'merge_install': False, 'path': '/home/merlabros2/RBE595/src/franka_control', 'symlink_install': True, 'test_result_base': None}
[0.179s] Level 5:colcon.colcon_core.verb:set package 'franka_description' build argument 'cmake_args' from command line to 'None'
[0.180s] Level 5:colcon.colcon_core.verb:set package 'franka_description' build argument 'cmake_target' from command line to 'None'
[0.180s] Level 5:colcon.colcon_core.verb:set package 'franka_description' build argument 'cmake_target_skip_unavailable' from command line to 'False'
[0.180s] Level 5:colcon.colcon_core.verb:set package 'franka_description' build argument 'cmake_clean_cache' from command line to 'False'
[0.180s] Level 5:colcon.colcon_core.verb:set package 'franka_description' build argument 'cmake_clean_first' from command line to 'False'
[0.180s] Level 5:colcon.colcon_core.verb:set package 'franka_description' build argument 'cmake_force_configure' from command line to 'False'
[0.180s] Level 5:colcon.colcon_core.verb:set package 'franka_description' build argument 'ament_cmake_args' from command line to 'None'
[0.180s] Level 5:colcon.colcon_core.verb:set package 'franka_description' build argument 'catkin_cmake_args' from command line to 'None'
[0.180s] Level 5:colcon.colcon_core.verb:set package 'franka_description' build argument 'catkin_skip_building_tests' from command line to 'False'
[0.180s] DEBUG:colcon.colcon_core.verb:Building package 'franka_description' with the following arguments: {'ament_cmake_args': None, 'build_base': '/home/merlabros2/RBE595/build/franka_description', 'catkin_cmake_args': None, 'catkin_skip_building_tests': False, 'cmake_args': None, 'cmake_clean_cache': False, 'cmake_clean_first': False, 'cmake_force_configure': False, 'cmake_target': None, 'cmake_target_skip_unavailable': False, 'install_base': '/home/merlabros2/RBE595/install/franka_description', 'merge_install': False, 'path': '/home/merlabros2/RBE595/src/franka_description', 'symlink_install': True, 'test_result_base': None}
[0.180s] Level 5:colcon.colcon_core.verb:set package 'franka_moveit_config' build argument 'cmake_args' from command line to 'None'
[0.180s] Level 5:colcon.colcon_core.verb:set package 'franka_moveit_config' build argument 'cmake_target' from command line to 'None'
[0.180s] Level 5:colcon.colcon_core.verb:set package 'franka_moveit_config' build argument 'cmake_target_skip_unavailable' from command line to 'False'
[0.180s] Level 5:colcon.colcon_core.verb:set package 'franka_moveit_config' build argument 'cmake_clean_cache' from command line to 'False'
[0.180s] Level 5:colcon.colcon_core.verb:set package 'franka_moveit_config' build argument 'cmake_clean_first' from command line to 'False'
[0.180s] Level 5:colcon.colcon_core.verb:set package 'franka_moveit_config' build argument 'cmake_force_configure' from command line to 'False'
[0.180s] Level 5:colcon.colcon_core.verb:set package 'franka_moveit_config' build argument 'ament_cmake_args' from command line to 'None'
[0.180s] Level 5:colcon.colcon_core.verb:set package 'franka_moveit_config' build argument 'catkin_cmake_args' from command line to 'None'
[0.180s] Level 5:colcon.colcon_core.verb:set package 'franka_moveit_config' build argument 'catkin_skip_building_tests' from command line to 'False'
[0.180s] DEBUG:colcon.colcon_core.verb:Building package 'franka_moveit_config' with the following arguments: {'ament_cmake_args': None, 'build_base': '/home/merlabros2/RBE595/build/franka_moveit_config', 'catkin_cmake_args': None, 'catkin_skip_building_tests': False, 'cmake_args': None, 'cmake_clean_cache': False, 'cmake_clean_first': False, 'cmake_force_configure': False, 'cmake_target': None, 'cmake_target_skip_unavailable': False, 'install_base': '/home/merlabros2/RBE595/install/franka_moveit_config', 'merge_install': False, 'path': '/home/merlabros2/RBE595/src/franka_moveit_config', 'symlink_install': True, 'test_result_base': None}
[0.180s] Level 5:colcon.colcon_core.verb:set package 'camera_module' build argument 'cmake_args' from command line to 'None'
[0.180s] Level 5:colcon.colcon_core.verb:set package 'camera_module' build argument 'cmake_target' from command line to 'None'
[0.180s] Level 5:colcon.colcon_core.verb:set package 'camera_module' build argument 'cmake_target_skip_unavailable' from command line to 'False'
[0.180s] Level 5:colcon.colcon_core.verb:set package 'camera_module' build argument 'cmake_clean_cache' from command line to 'False'
[0.180s] Level 5:colcon.colcon_core.verb:set package 'camera_module' build argument 'cmake_clean_first' from command line to 'False'
[0.180s] Level 5:colcon.colcon_core.verb:set package 'camera_module' build argument 'cmake_force_configure' from command line to 'False'
[0.180s] Level 5:colcon.colcon_core.verb:set package 'camera_module' build argument 'ament_cmake_args' from command line to 'None'
[0.180s] Level 5:colcon.colcon_core.verb:set package 'camera_module' build argument 'catkin_cmake_args' from command line to 'None'
[0.180s] Level 5:colcon.colcon_core.verb:set package 'camera_module' build argument 'catkin_skip_building_tests' from command line to 'False'
[0.180s] DEBUG:colcon.colcon_core.verb:Building package 'camera_module' with the following arguments: {'ament_cmake_args': None, 'build_base': '/home/merlabros2/RBE595/build/camera_module', 'catkin_cmake_args': None, 'catkin_skip_building_tests': False, 'cmake_args': None, 'cmake_clean_cache': False, 'cmake_clean_first': False, 'cmake_force_configure': False, 'cmake_target': None, 'cmake_target_skip_unavailable': False, 'install_base': '/home/merlabros2/RBE595/install/camera_module', 'merge_install': False, 'path': '/home/merlabros2/RBE595/src/camera_module', 'symlink_install': True, 'test_result_base': None}
[0.180s] INFO:colcon.colcon_core.executor:Executing jobs using 'parallel' executor
[0.181s] DEBUG:colcon.colcon_parallel_executor.executor.parallel:run_until_complete
[0.181s] INFO:colcon.colcon_ros.task.ament_cmake.build:Building ROS package in '/home/merlabros2/RBE595/src/camera_interfaces' with build type 'ament_cmake'
[0.181s] INFO:colcon.colcon_cmake.task.cmake.build:Building CMake package in '/home/merlabros2/RBE595/src/camera_interfaces'
[0.182s] INFO:colcon.colcon_core.plugin_system:Skipping extension 'colcon_core.shell.bat': Not used on non-Windows systems
[0.182s] INFO:colcon.colcon_core.shell:Skip shell extension 'powershell' for command environment: Not usable outside of PowerShell
[0.182s] DEBUG:colcon.colcon_core.shell:Skip shell extension 'dsv' for command environment
[0.183s] INFO:colcon.colcon_ros.task.ament_cmake.build:Building ROS package in '/home/merlabros2/RBE595/src/franka_control' with build type 'ament_cmake'
[0.183s] INFO:colcon.colcon_cmake.task.cmake.build:Building CMake package in '/home/merlabros2/RBE595/src/franka_control'
[0.183s] INFO:colcon.colcon_core.shell:Skip shell extension 'powershell' for command environment: Not usable outside of PowerShell
[0.183s] DEBUG:colcon.colcon_core.shell:Skip shell extension 'dsv' for command environment
[0.185s] INFO:colcon.colcon_ros.task.ament_cmake.build:Building ROS package in '/home/merlabros2/RBE595/src/franka_description' with build type 'ament_cmake'
[0.185s] INFO:colcon.colcon_cmake.task.cmake.build:Building CMake package in '/home/merlabros2/RBE595/src/franka_description'
[0.185s] INFO:colcon.colcon_core.shell:Skip shell extension 'powershell' for command environment: Not usable outside of PowerShell
[0.185s] DEBUG:colcon.colcon_core.shell:Skip shell extension 'dsv' for command environment
[0.186s] INFO:colcon.colcon_ros.task.ament_cmake.build:Building ROS package in '/home/merlabros2/RBE595/src/franka_moveit_config' with build type 'ament_cmake'
[0.186s] INFO:colcon.colcon_cmake.task.cmake.build:Building CMake package in '/home/merlabros2/RBE595/src/franka_moveit_config'
[0.186s] INFO:colcon.colcon_core.shell:Skip shell extension 'powershell' for command environment: Not usable outside of PowerShell
[0.186s] DEBUG:colcon.colcon_core.shell:Skip shell extension 'dsv' for command environment
[0.189s] DEBUG:colcon.colcon_core.event_handler.log_command:Invoking command in '/home/merlabros2/RBE595/build/camera_interfaces': CMAKE_PREFIX_PATH=/opt/ros/humble /usr/bin/cmake --build /home/merlabros2/RBE595/build/camera_interfaces -- -j32 -l32
[0.190s] DEBUG:colcon.colcon_core.event_handler.log_command:Invoking command in '/home/merlabros2/RBE595/build/franka_control': CMAKE_PREFIX_PATH=/opt/ros/humble /usr/bin/cmake --build /home/merlabros2/RBE595/build/franka_control -- -j32 -l32
[0.191s] DEBUG:colcon.colcon_core.event_handler.log_command:Invoking command in '/home/merlabros2/RBE595/build/franka_description': CMAKE_PREFIX_PATH=/opt/ros/humble /usr/bin/cmake /home/merlabros2/RBE595/src/franka_description -DAMENT_CMAKE_SYMLINK_INSTALL=1 -DCMAKE_INSTALL_PREFIX=/home/merlabros2/RBE595/install/franka_description
[0.193s] DEBUG:colcon.colcon_core.event_handler.log_command:Invoking command in '/home/merlabros2/RBE595/build/franka_moveit_config': CMAKE_PREFIX_PATH=/opt/ros/humble /usr/bin/cmake --build /home/merlabros2/RBE595/build/franka_moveit_config -- -j32 -l32
[0.214s] DEBUG:colcon.colcon_core.event_handler.log_command:Invoked command in '/home/merlabros2/RBE595/build/franka_moveit_config' returned '0': CMAKE_PREFIX_PATH=/opt/ros/humble /usr/bin/cmake --build /home/merlabros2/RBE595/build/franka_moveit_config -- -j32 -l32
[0.219s] DEBUG:colcon.colcon_core.event_handler.log_command:Invoking command in '/home/merlabros2/RBE595/build/franka_moveit_config': CMAKE_PREFIX_PATH=/opt/ros/humble /usr/bin/cmake --install /home/merlabros2/RBE595/build/franka_moveit_config
[0.233s] Level 1:colcon.colcon_core.environment:create_environment_scripts_only(franka_moveit_config)
[0.234s] DEBUG:colcon.colcon_core.event_handler.log_command:Invoked command in '/home/merlabros2/RBE595/build/franka_moveit_config' returned '0': CMAKE_PREFIX_PATH=/opt/ros/humble /usr/bin/cmake --install /home/merlabros2/RBE595/build/franka_moveit_config
[0.237s] Level 1:colcon.colcon_core.environment:checking '/home/merlabros2/RBE595/install/franka_moveit_config' for CMake module files
[0.238s] Level 1:colcon.colcon_core.environment:checking '/home/merlabros2/RBE595/install/franka_moveit_config' for CMake config files
[0.238s] Level 1:colcon.colcon_core.shell:create_environment_hook('franka_moveit_config', 'cmake_prefix_path')
[0.238s] INFO:colcon.colcon_core.shell:Creating environment hook '/home/merlabros2/RBE595/install/franka_moveit_config/share/franka_moveit_config/hook/cmake_prefix_path.ps1'
[0.238s] INFO:colcon.colcon_core.shell:Creating environment descriptor '/home/merlabros2/RBE595/install/franka_moveit_config/share/franka_moveit_config/hook/cmake_prefix_path.dsv'
[0.239s] INFO:colcon.colcon_core.shell:Creating environment hook '/home/merlabros2/RBE595/install/franka_moveit_config/share/franka_moveit_config/hook/cmake_prefix_path.sh'
[0.239s] Level 1:colcon.colcon_core.environment:checking '/home/merlabros2/RBE595/install/franka_moveit_config/bin'
[0.239s] Level 1:colcon.colcon_core.environment:checking '/home/merlabros2/RBE595/install/franka_moveit_config/lib/pkgconfig/franka_moveit_config.pc'
[0.239s] Level 1:colcon.colcon_core.environment:checking '/home/merlabros2/RBE595/install/franka_moveit_config/lib/python3.10/site-packages'
[0.239s] Level 1:colcon.colcon_core.environment:checking '/home/merlabros2/RBE595/install/franka_moveit_config/bin'
[0.239s] INFO:colcon.colcon_core.shell:Creating package script '/home/merlabros2/RBE595/install/franka_moveit_config/share/franka_moveit_config/package.ps1'
[0.240s] INFO:colcon.colcon_core.shell:Creating package descriptor '/home/merlabros2/RBE595/install/franka_moveit_config/share/franka_moveit_config/package.dsv'
[0.240s] INFO:colcon.colcon_core.shell:Creating package script '/home/merlabros2/RBE595/install/franka_moveit_config/share/franka_moveit_config/package.sh'
[0.241s] INFO:colcon.colcon_core.shell:Creating package script '/home/merlabros2/RBE595/install/franka_moveit_config/share/franka_moveit_config/package.bash'
[0.241s] INFO:colcon.colcon_core.shell:Creating package script '/home/merlabros2/RBE595/install/franka_moveit_config/share/franka_moveit_config/package.zsh'
[0.241s] Level 1:colcon.colcon_core.environment:create_file_with_runtime_dependencies(/home/merlabros2/RBE595/install/franka_moveit_config/share/colcon-core/packages/franka_moveit_config)
[0.241s] Level 1:colcon.colcon_core.environment:create_environment_scripts_only(franka_moveit_config)
[0.241s] Level 1:colcon.colcon_core.environment:checking '/home/merlabros2/RBE595/install/franka_moveit_config' for CMake module files
[0.242s] Level 1:colcon.colcon_core.environment:checking '/home/merlabros2/RBE595/install/franka_moveit_config' for CMake config files
[0.242s] Level 1:colcon.colcon_core.shell:create_environment_hook('franka_moveit_config', 'cmake_prefix_path')
[0.242s] INFO:colcon.colcon_core.shell:Creating environment hook '/home/merlabros2/RBE595/install/franka_moveit_config/share/franka_moveit_config/hook/cmake_prefix_path.ps1'
[0.242s] INFO:colcon.colcon_core.shell:Creating environment descriptor '/home/merlabros2/RBE595/install/franka_moveit_config/share/franka_moveit_config/hook/cmake_prefix_path.dsv'
[0.242s] INFO:colcon.colcon_core.shell:Creating environment hook '/home/merlabros2/RBE595/install/franka_moveit_config/share/franka_moveit_config/hook/cmake_prefix_path.sh'
[0.242s] Level 1:colcon.colcon_core.environment:checking '/home/merlabros2/RBE595/install/franka_moveit_config/bin'
[0.242s] Level 1:colcon.colcon_core.environment:checking '/home/merlabros2/RBE595/install/franka_moveit_config/lib/pkgconfig/franka_moveit_config.pc'
[0.243s] Level 1:colcon.colcon_core.environment:checking '/home/merlabros2/RBE595/install/franka_moveit_config/lib/python3.10/site-packages'
[0.243s] Level 1:colcon.colcon_core.environment:checking '/home/merlabros2/RBE595/install/franka_moveit_config/bin'
[0.243s] INFO:colcon.colcon_core.shell:Creating package script '/home/merlabros2/RBE595/install/franka_moveit_config/share/franka_moveit_config/package.ps1'
[0.243s] INFO:colcon.colcon_core.shell:Creating package descriptor '/home/merlabros2/RBE595/install/franka_moveit_config/share/franka_moveit_config/package.dsv'
[0.243s] INFO:colcon.colcon_core.shell:Creating package script '/home/merlabros2/RBE595/install/franka_moveit_config/share/franka_moveit_config/package.sh'
[0.243s] INFO:colcon.colcon_core.shell:Creating package script '/home/merlabros2/RBE595/install/franka_moveit_config/share/franka_moveit_config/package.bash'
[0.244s] INFO:colcon.colcon_core.shell:Creating package script '/home/merlabros2/RBE595/install/franka_moveit_config/share/franka_moveit_config/package.zsh'
[0.244s] Level 1:colcon.colcon_core.environment:create_file_with_runtime_dependencies(/home/merlabros2/RBE595/install/franka_moveit_config/share/colcon-core/packages/franka_moveit_config)
[0.435s] DEBUG:colcon.colcon_core.event_handler.log_command:Invoked command in '/home/merlabros2/RBE595/build/camera_interfaces' returned '0': CMAKE_PREFIX_PATH=/opt/ros/humble /usr/bin/cmake --build /home/merlabros2/RBE595/build/camera_interfaces -- -j32 -l32
[0.437s] DEBUG:colcon.colcon_core.event_handler.log_command:Invoking command in '/home/merlabros2/RBE595/build/camera_interfaces': CMAKE_PREFIX_PATH=/opt/ros/humble /usr/bin/cmake --install /home/merlabros2/RBE595/build/camera_interfaces
[0.438s] DEBUG:colcon.colcon_core.event_handler.log_command:Invoked command in '/home/merlabros2/RBE595/build/franka_control' returned '0': CMAKE_PREFIX_PATH=/opt/ros/humble /usr/bin/cmake --build /home/merlabros2/RBE595/build/franka_control -- -j32 -l32
[0.439s] DEBUG:colcon.colcon_core.event_handler.log_command:Invoking command in '/home/merlabros2/RBE595/build/franka_control': CMAKE_PREFIX_PATH=/opt/ros/humble /usr/bin/cmake --install /home/merlabros2/RBE595/build/franka_control
[0.471s] Level 1:colcon.colcon_core.environment:create_environment_scripts_only(franka_control)
[0.471s] Level 1:colcon.colcon_core.environment:checking '/home/merlabros2/RBE595/install/franka_control' for CMake module files
[0.471s] DEBUG:colcon.colcon_core.event_handler.log_command:Invoked command in '/home/merlabros2/RBE595/build/franka_control' returned '0': CMAKE_PREFIX_PATH=/opt/ros/humble /usr/bin/cmake --install /home/merlabros2/RBE595/build/franka_control
[0.472s] Level 1:colcon.colcon_core.environment:checking '/home/merlabros2/RBE595/install/franka_control' for CMake config files
[0.472s] Level 1:colcon.colcon_core.shell:create_environment_hook('franka_control', 'cmake_prefix_path')
[0.472s] INFO:colcon.colcon_core.shell:Creating environment hook '/home/merlabros2/RBE595/install/franka_control/share/franka_control/hook/cmake_prefix_path.ps1'
[0.472s] INFO:colcon.colcon_core.shell:Creating environment descriptor '/home/merlabros2/RBE595/install/franka_control/share/franka_control/hook/cmake_prefix_path.dsv'
[0.473s] INFO:colcon.colcon_core.shell:Creating environment hook '/home/merlabros2/RBE595/install/franka_control/share/franka_control/hook/cmake_prefix_path.sh'
[0.473s] Level 1:colcon.colcon_core.environment:checking '/home/merlabros2/RBE595/install/franka_control/lib'
[0.473s] Level 1:colcon.colcon_core.shell:create_environment_hook('franka_control', 'ld_library_path_lib')
[0.473s] INFO:colcon.colcon_core.shell:Creating environment hook '/home/merlabros2/RBE595/install/franka_control/share/franka_control/hook/ld_library_path_lib.ps1'
[0.473s] INFO:colcon.colcon_core.shell:Creating environment descriptor '/home/merlabros2/RBE595/install/franka_control/share/franka_control/hook/ld_library_path_lib.dsv'
[0.473s] INFO:colcon.colcon_core.shell:Creating environment hook '/home/merlabros2/RBE595/install/franka_control/share/franka_control/hook/ld_library_path_lib.sh'
[0.473s] Level 1:colcon.colcon_core.environment:checking '/home/merlabros2/RBE595/install/franka_control/bin'
[0.473s] Level 1:colcon.colcon_core.environment:checking '/home/merlabros2/RBE595/install/franka_control/lib/pkgconfig/franka_control.pc'
[0.473s] Level 1:colcon.colcon_core.environment:checking '/home/merlabros2/RBE595/install/franka_control/lib/python3.10/site-packages'
[0.474s] Level 1:colcon.colcon_core.environment:checking '/home/merlabros2/RBE595/install/franka_control/bin'
[0.474s] INFO:colcon.colcon_core.shell:Creating package script '/home/merlabros2/RBE595/install/franka_control/share/franka_control/package.ps1'
[0.474s] INFO:colcon.colcon_core.shell:Creating package descriptor '/home/merlabros2/RBE595/install/franka_control/share/franka_control/package.dsv'
[0.474s] INFO:colcon.colcon_core.shell:Creating package script '/home/merlabros2/RBE595/install/franka_control/share/franka_control/package.sh'
[0.474s] INFO:colcon.colcon_core.shell:Creating package script '/home/merlabros2/RBE595/install/franka_control/share/franka_control/package.bash'
[0.474s] INFO:colcon.colcon_core.shell:Creating package script '/home/merlabros2/RBE595/install/franka_control/share/franka_control/package.zsh'
[0.474s] Level 1:colcon.colcon_core.environment:create_file_with_runtime_dependencies(/home/merlabros2/RBE595/install/franka_control/share/colcon-core/packages/franka_control)
[0.475s] Level 1:colcon.colcon_core.environment:create_environment_scripts_only(franka_control)
[0.475s] Level 1:colcon.colcon_core.environment:checking '/home/merlabros2/RBE595/install/franka_control' for CMake module files
[0.475s] Level 1:colcon.colcon_core.environment:checking '/home/merlabros2/RBE595/install/franka_control' for CMake config files
[0.475s] Level 1:colcon.colcon_core.shell:create_environment_hook('franka_control', 'cmake_prefix_path')
[0.475s] INFO:colcon.colcon_core.shell:Creating environment hook '/home/merlabros2/RBE595/install/franka_control/share/franka_control/hook/cmake_prefix_path.ps1'
[0.476s] INFO:colcon.colcon_core.shell:Creating environment descriptor '/home/merlabros2/RBE595/install/franka_control/share/franka_control/hook/cmake_prefix_path.dsv'
[0.476s] INFO:colcon.colcon_core.shell:Creating environment hook '/home/merlabros2/RBE595/install/franka_control/share/franka_control/hook/cmake_prefix_path.sh'
[0.476s] Level 1:colcon.colcon_core.environment:checking '/home/merlabros2/RBE595/install/franka_control/lib'
[0.476s] Level 1:colcon.colcon_core.shell:create_environment_hook('franka_control', 'ld_library_path_lib')
[0.476s] INFO:colcon.colcon_core.shell:Creating environment hook '/home/merlabros2/RBE595/install/franka_control/share/franka_control/hook/ld_library_path_lib.ps1'
[0.476s] INFO:colcon.colcon_core.shell:Creating environment descriptor '/home/merlabros2/RBE595/install/franka_control/share/franka_control/hook/ld_library_path_lib.dsv'
[0.476s] INFO:colcon.colcon_core.shell:Creating environment hook '/home/merlabros2/RBE595/install/franka_control/share/franka_control/hook/ld_library_path_lib.sh'
[0.476s] Level 1:colcon.colcon_core.environment:checking '/home/merlabros2/RBE595/install/franka_control/bin'
[0.476s] Level 1:colcon.colcon_core.environment:checking '/home/merlabros2/RBE595/install/franka_control/lib/pkgconfig/franka_control.pc'
[0.476s] Level 1:colcon.colcon_core.environment:checking '/home/merlabros2/RBE595/install/franka_control/lib/python3.10/site-packages'
[0.477s] Level 1:colcon.colcon_core.environment:checking '/home/merlabros2/RBE595/install/franka_control/bin'
[0.477s] INFO:colcon.colcon_core.shell:Creating package script '/home/merlabros2/RBE595/install/franka_control/share/franka_control/package.ps1'
[0.477s] INFO:colcon.colcon_core.shell:Creating package descriptor '/home/merlabros2/RBE595/install/franka_control/share/franka_control/package.dsv'
[0.477s] INFO:colcon.colcon_core.shell:Creating package script '/home/merlabros2/RBE595/install/franka_control/share/franka_control/package.sh'
[0.477s] INFO:colcon.colcon_core.shell:Creating package script '/home/merlabros2/RBE595/install/franka_control/share/franka_control/package.bash'
[0.477s] INFO:colcon.colcon_core.shell:Creating package script '/home/merlabros2/RBE595/install/franka_control/share/franka_control/package.zsh'
[0.478s] Level 1:colcon.colcon_core.environment:create_file_with_runtime_dependencies(/home/merlabros2/RBE595/install/franka_control/share/colcon-core/packages/franka_control)
[0.478s] Level 1:colcon.colcon_core.environment:create_environment_scripts_only(camera_interfaces)
[0.478s] Level 1:colcon.colcon_core.environment:checking '/home/merlabros2/RBE595/install/camera_interfaces' for CMake module files
[0.478s] DEBUG:colcon.colcon_core.event_handler.log_command:Invoked command in '/home/merlabros2/RBE595/build/camera_interfaces' returned '0': CMAKE_PREFIX_PATH=/opt/ros/humble /usr/bin/cmake --install /home/merlabros2/RBE595/build/camera_interfaces
[0.478s] Level 1:colcon.colcon_core.environment:checking '/home/merlabros2/RBE595/install/camera_interfaces' for CMake config files
[0.479s] Level 1:colcon.colcon_core.shell:create_environment_hook('camera_interfaces', 'cmake_prefix_path')
[0.479s] INFO:colcon.colcon_core.shell:Creating environment hook '/home/merlabros2/RBE595/install/camera_interfaces/share/camera_interfaces/hook/cmake_prefix_path.ps1'
[0.479s] INFO:colcon.colcon_core.shell:Creating environment descriptor '/home/merlabros2/RBE595/install/camera_interfaces/share/camera_interfaces/hook/cmake_prefix_path.dsv'
[0.479s] INFO:colcon.colcon_core.shell:Creating environment hook '/home/merlabros2/RBE595/install/camera_interfaces/share/camera_interfaces/hook/cmake_prefix_path.sh'
[0.479s] Level 1:colcon.colcon_core.environment:checking '/home/merlabros2/RBE595/install/camera_interfaces/lib'
[0.479s] Level 1:colcon.colcon_core.shell:create_environment_hook('camera_interfaces', 'ld_library_path_lib')
[0.479s] INFO:colcon.colcon_core.shell:Creating environment hook '/home/merlabros2/RBE595/install/camera_interfaces/share/camera_interfaces/hook/ld_library_path_lib.ps1'
[0.479s] INFO:colcon.colcon_core.shell:Creating environment descriptor '/home/merlabros2/RBE595/install/camera_interfaces/share/camera_interfaces/hook/ld_library_path_lib.dsv'
[0.480s] INFO:colcon.colcon_core.shell:Creating environment hook '/home/merlabros2/RBE595/install/camera_interfaces/share/camera_interfaces/hook/ld_library_path_lib.sh'
[0.480s] Level 1:colcon.colcon_core.environment:checking '/home/merlabros2/RBE595/install/camera_interfaces/bin'
[0.480s] Level 1:colcon.colcon_core.environment:checking '/home/merlabros2/RBE595/install/camera_interfaces/lib/pkgconfig/camera_interfaces.pc'
[0.480s] Level 1:colcon.colcon_core.environment:checking '/home/merlabros2/RBE595/install/camera_interfaces/lib/python3.10/site-packages'
[0.480s] Level 1:colcon.colcon_core.environment:checking '/home/merlabros2/RBE595/install/camera_interfaces/bin'
[0.480s] INFO:colcon.colcon_core.shell:Creating package script '/home/merlabros2/RBE595/install/camera_interfaces/share/camera_interfaces/package.ps1'
[0.480s] INFO:colcon.colcon_core.shell:Creating package descriptor '/home/merlabros2/RBE595/install/camera_interfaces/share/camera_interfaces/package.dsv'
[0.480s] INFO:colcon.colcon_core.shell:Creating package script '/home/merlabros2/RBE595/install/camera_interfaces/share/camera_interfaces/package.sh'
[0.481s] INFO:colcon.colcon_core.shell:Creating package script '/home/merlabros2/RBE595/install/camera_interfaces/share/camera_interfaces/package.bash'
[0.481s] INFO:colcon.colcon_core.shell:Creating package script '/home/merlabros2/RBE595/install/camera_interfaces/share/camera_interfaces/package.zsh'
[0.481s] Level 1:colcon.colcon_core.environment:create_file_with_runtime_dependencies(/home/merlabros2/RBE595/install/camera_interfaces/share/colcon-core/packages/camera_interfaces)
[0.481s] Level 1:colcon.colcon_core.environment:create_environment_scripts_only(camera_interfaces)
[0.481s] Level 1:colcon.colcon_core.environment:checking '/home/merlabros2/RBE595/install/camera_interfaces' for CMake module files
[0.481s] Level 1:colcon.colcon_core.environment:checking '/home/merlabros2/RBE595/install/camera_interfaces' for CMake config files
[0.482s] Level 1:colcon.colcon_core.shell:create_environment_hook('camera_interfaces', 'cmake_prefix_path')
[0.482s] INFO:colcon.colcon_core.shell:Creating environment hook '/home/merlabros2/RBE595/install/camera_interfaces/share/camera_interfaces/hook/cmake_prefix_path.ps1'
[0.482s] INFO:colcon.colcon_core.shell:Creating environment descriptor '/home/merlabros2/RBE595/install/camera_interfaces/share/camera_interfaces/hook/cmake_prefix_path.dsv'
[0.482s] INFO:colcon.colcon_core.shell:Creating environment hook '/home/merlabros2/RBE595/install/camera_interfaces/share/camera_interfaces/hook/cmake_prefix_path.sh'
[0.482s] Level 1:colcon.colcon_core.environment:checking '/home/merlabros2/RBE595/install/camera_interfaces/lib'
[0.482s] Level 1:colcon.colcon_core.shell:create_environment_hook('camera_interfaces', 'ld_library_path_lib')
[0.482s] INFO:colcon.colcon_core.shell:Creating environment hook '/home/merlabros2/RBE595/install/camera_interfaces/share/camera_interfaces/hook/ld_library_path_lib.ps1'
[0.482s] INFO:colcon.colcon_core.shell:Creating environment descriptor '/home/merlabros2/RBE595/install/camera_interfaces/share/camera_interfaces/hook/ld_library_path_lib.dsv'
[0.483s] INFO:colcon.colcon_core.shell:Creating environment hook '/home/merlabros2/RBE595/install/camera_interfaces/share/camera_interfaces/hook/ld_library_path_lib.sh'
[0.483s] Level 1:colcon.colcon_core.environment:checking '/home/merlabros2/RBE595/install/camera_interfaces/bin'
[0.483s] Level 1:colcon.colcon_core.environment:checking '/home/merlabros2/RBE595/install/camera_interfaces/lib/pkgconfig/camera_interfaces.pc'
[0.483s] Level 1:colcon.colcon_core.environment:checking '/home/merlabros2/RBE595/install/camera_interfaces/lib/python3.10/site-packages'
[0.483s] Level 1:colcon.colcon_core.environment:checking '/home/merlabros2/RBE595/install/camera_interfaces/bin'
[0.483s] INFO:colcon.colcon_core.shell:Creating package script '/home/merlabros2/RBE595/install/camera_interfaces/share/camera_interfaces/package.ps1'
[0.483s] INFO:colcon.colcon_core.shell:Creating package descriptor '/home/merlabros2/RBE595/install/camera_interfaces/share/camera_interfaces/package.dsv'
[0.483s] INFO:colcon.colcon_core.shell:Creating package script '/home/merlabros2/RBE595/install/camera_interfaces/share/camera_interfaces/package.sh'
[0.484s] INFO:colcon.colcon_core.shell:Creating package script '/home/merlabros2/RBE595/install/camera_interfaces/share/camera_interfaces/package.bash'
[0.484s] INFO:colcon.colcon_core.shell:Creating package script '/home/merlabros2/RBE595/install/camera_interfaces/share/camera_interfaces/package.zsh'
[0.484s] Level 1:colcon.colcon_core.environment:create_file_with_runtime_dependencies(/home/merlabros2/RBE595/install/camera_interfaces/share/colcon-core/packages/camera_interfaces)
[0.484s] INFO:colcon.colcon_ros.task.ament_python.build:Building ROS package in '/home/merlabros2/RBE595/src/camera_module' with build type 'ament_python'
[0.484s] Level 1:colcon.colcon_core.shell:create_environment_hook('camera_module', 'ament_prefix_path')
[0.484s] INFO:colcon.colcon_core.shell:Creating environment hook '/home/merlabros2/RBE595/install/camera_module/share/camera_module/hook/ament_prefix_path.ps1'
[0.484s] INFO:colcon.colcon_core.shell:Creating environment descriptor '/home/merlabros2/RBE595/install/camera_module/share/camera_module/hook/ament_prefix_path.dsv'
[0.484s] INFO:colcon.colcon_core.shell:Creating environment hook '/home/merlabros2/RBE595/install/camera_module/share/camera_module/hook/ament_prefix_path.sh'
[0.485s] INFO:colcon.colcon_core.shell:Skip shell extension 'powershell' for command environment: Not usable outside of PowerShell
[0.485s] DEBUG:colcon.colcon_core.shell:Skip shell extension 'dsv' for command environment
[0.639s] INFO:colcon.colcon_core.task.python.build:Building Python package in '/home/merlabros2/RBE595/src/camera_module'
[0.639s] INFO:colcon.colcon_core.shell:Skip shell extension 'powershell' for command environment: Not usable outside of PowerShell
[0.639s] DEBUG:colcon.colcon_core.shell:Skip shell extension 'dsv' for command environment
[0.729s] DEBUG:colcon.colcon_core.event_handler.log_command:Invoked command in '/home/merlabros2/RBE595/build/franka_description' returned '0': CMAKE_PREFIX_PATH=/opt/ros/humble /usr/bin/cmake /home/merlabros2/RBE595/src/franka_description -DAMENT_CMAKE_SYMLINK_INSTALL=1 -DCMAKE_INSTALL_PREFIX=/home/merlabros2/RBE595/install/franka_description
[0.730s] DEBUG:colcon.colcon_core.event_handler.log_command:Invoking command in '/home/merlabros2/RBE595/build/franka_description': CMAKE_PREFIX_PATH=/opt/ros/humble /usr/bin/cmake --build /home/merlabros2/RBE595/build/franka_description -- -j32 -l32
[0.751s] DEBUG:colcon.colcon_core.event_handler.log_command:Invoked command in '/home/merlabros2/RBE595/build/franka_description' returned '0': CMAKE_PREFIX_PATH=/opt/ros/humble /usr/bin/cmake --build /home/merlabros2/RBE595/build/franka_description -- -j32 -l32
[0.752s] DEBUG:colcon.colcon_core.event_handler.log_command:Invoking command in '/home/merlabros2/RBE595/build/franka_description': CMAKE_PREFIX_PATH=/opt/ros/humble /usr/bin/cmake --install /home/merlabros2/RBE595/build/franka_description
[0.823s] Level 1:colcon.colcon_core.environment:create_environment_scripts_only(franka_description)
[0.823s] DEBUG:colcon.colcon_core.event_handler.log_command:Invoked command in '/home/merlabros2/RBE595/build/franka_description' returned '0': CMAKE_PREFIX_PATH=/opt/ros/humble /usr/bin/cmake --install /home/merlabros2/RBE595/build/franka_description
[0.823s] Level 1:colcon.colcon_core.environment:checking '/home/merlabros2/RBE595/install/franka_description' for CMake module files
[0.823s] Level 1:colcon.colcon_core.environment:checking '/home/merlabros2/RBE595/install/franka_description' for CMake config files
[0.823s] Level 1:colcon.colcon_core.shell:create_environment_hook('franka_description', 'cmake_prefix_path')
[0.823s] INFO:colcon.colcon_core.shell:Creating environment hook '/home/merlabros2/RBE595/install/franka_description/share/franka_description/hook/cmake_prefix_path.ps1'
[0.824s] INFO:colcon.colcon_core.shell:Creating environment descriptor '/home/merlabros2/RBE595/install/franka_description/share/franka_description/hook/cmake_prefix_path.dsv'
[0.824s] INFO:colcon.colcon_core.shell:Creating environment hook '/home/merlabros2/RBE595/install/franka_description/share/franka_description/hook/cmake_prefix_path.sh'
[0.824s] Level 1:colcon.colcon_core.environment:checking '/home/merlabros2/RBE595/install/franka_description/bin'
[0.824s] Level 1:colcon.colcon_core.environment:checking '/home/merlabros2/RBE595/install/franka_description/lib/pkgconfig/franka_description.pc'
[0.824s] Level 1:colcon.colcon_core.environment:checking '/home/merlabros2/RBE595/install/franka_description/lib/python3.10/site-packages'
[0.824s] Level 1:colcon.colcon_core.environment:checking '/home/merlabros2/RBE595/install/franka_description/bin'
[0.824s] INFO:colcon.colcon_core.shell:Creating package script '/home/merlabros2/RBE595/install/franka_description/share/franka_description/package.ps1'
[0.824s] INFO:colcon.colcon_core.shell:Creating package descriptor '/home/merlabros2/RBE595/install/franka_description/share/franka_description/package.dsv'
[0.825s] INFO:colcon.colcon_core.shell:Creating package script '/home/merlabros2/RBE595/install/franka_description/share/franka_description/package.sh'
[0.825s] INFO:colcon.colcon_core.shell:Creating package script '/home/merlabros2/RBE595/install/franka_description/share/franka_description/package.bash'
[0.825s] INFO:colcon.colcon_core.shell:Creating package script '/home/merlabros2/RBE595/install/franka_description/share/franka_description/package.zsh'
[0.825s] Level 1:colcon.colcon_core.environment:create_file_with_runtime_dependencies(/home/merlabros2/RBE595/install/franka_description/share/colcon-core/packages/franka_description)
[0.825s] Level 1:colcon.colcon_core.environment:create_environment_scripts_only(franka_description)
[0.825s] Level 1:colcon.colcon_core.environment:checking '/home/merlabros2/RBE595/install/franka_description' for CMake module files
[0.825s] Level 1:colcon.colcon_core.environment:checking '/home/merlabros2/RBE595/install/franka_description' for CMake config files
[0.825s] Level 1:colcon.colcon_core.shell:create_environment_hook('franka_description', 'cmake_prefix_path')
[0.825s] INFO:colcon.colcon_core.shell:Creating environment hook '/home/merlabros2/RBE595/install/franka_description/share/franka_description/hook/cmake_prefix_path.ps1'
[0.826s] INFO:colcon.colcon_core.shell:Creating environment descriptor '/home/merlabros2/RBE595/install/franka_description/share/franka_description/hook/cmake_prefix_path.dsv'
[0.826s] INFO:colcon.colcon_core.shell:Creating environment hook '/home/merlabros2/RBE595/install/franka_description/share/franka_description/hook/cmake_prefix_path.sh'
[0.826s] Level 1:colcon.colcon_core.environment:checking '/home/merlabros2/RBE595/install/franka_description/bin'
[0.826s] Level 1:colcon.colcon_core.environment:checking '/home/merlabros2/RBE595/install/franka_description/lib/pkgconfig/franka_description.pc'
[0.826s] Level 1:colcon.colcon_core.environment:checking '/home/merlabros2/RBE595/install/franka_description/lib/python3.10/site-packages'
[0.826s] Level 1:colcon.colcon_core.environment:checking '/home/merlabros2/RBE595/install/franka_description/bin'
[0.826s] INFO:colcon.colcon_core.shell:Creating package script '/home/merlabros2/RBE595/install/franka_description/share/franka_description/package.ps1'
[0.826s] INFO:colcon.colcon_core.shell:Creating package descriptor '/home/merlabros2/RBE595/install/franka_description/share/franka_description/package.dsv'
[0.827s] INFO:colcon.colcon_core.shell:Creating package script '/home/merlabros2/RBE595/install/franka_description/share/franka_description/package.sh'
[0.827s] INFO:colcon.colcon_core.shell:Creating package script '/home/merlabros2/RBE595/install/franka_description/share/franka_description/package.bash'
[0.827s] INFO:colcon.colcon_core.shell:Creating package script '/home/merlabros2/RBE595/install/franka_description/share/franka_description/package.zsh'
[0.827s] Level 1:colcon.colcon_core.environment:create_file_with_runtime_dependencies(/home/merlabros2/RBE595/install/franka_description/share/colcon-core/packages/franka_description)
[0.910s] DEBUG:colcon.colcon_core.event_handler.log_command:Invoking command in '/home/merlabros2/RBE595/build/camera_module': AMENT_PREFIX_PATH=/home/merlabros2/RBE595/install/camera_interfaces:${AMENT_PREFIX_PATH} CMAKE_PREFIX_PATH=/home/merlabros2/RBE595/install/camera_interfaces LD_LIBRARY_PATH=/home/merlabros2/RBE595/install/camera_interfaces/lib:${LD_LIBRARY_PATH} PYTHONPATH=/home/merlabros2/RBE595/build/camera_module/prefix_override:/usr/lib/python3/dist-packages/colcon_core/task/python/colcon_distutils_commands:/home/merlabros2/RBE595/install/camera_module/lib/python3.10/site-packages:/home/merlabros2/RBE595/install/camera_interfaces/local/lib/python3.10/dist-packages:${PYTHONPATH} /usr/bin/python3 -W ignore:setup.py install is deprecated -W ignore:easy_install command is deprecated setup.py develop --editable --build-directory /home/merlabros2/RBE595/build/camera_module/build --no-deps symlink_data
[1.202s] Level 1:colcon.colcon_core.shell:create_environment_hook('camera_module', 'pythonpath_develop')
[1.203s] DEBUG:colcon.colcon_core.event_handler.log_command:Invoked command in '/home/merlabros2/RBE595/build/camera_module' returned '0': AMENT_PREFIX_PATH=/home/merlabros2/RBE595/install/camera_interfaces:${AMENT_PREFIX_PATH} CMAKE_PREFIX_PATH=/home/merlabros2/RBE595/install/camera_interfaces LD_LIBRARY_PATH=/home/merlabros2/RBE595/install/camera_interfaces/lib:${LD_LIBRARY_PATH} PYTHONPATH=/home/merlabros2/RBE595/build/camera_module/prefix_override:/usr/lib/python3/dist-packages/colcon_core/task/python/colcon_distutils_commands:/home/merlabros2/RBE595/install/camera_module/lib/python3.10/site-packages:/home/merlabros2/RBE595/install/camera_interfaces/local/lib/python3.10/dist-packages:${PYTHONPATH} /usr/bin/python3 -W ignore:setup.py install is deprecated -W ignore:easy_install command is deprecated setup.py develop --editable --build-directory /home/merlabros2/RBE595/build/camera_module/build --no-deps symlink_data
[1.203s] INFO:colcon.colcon_core.shell:Creating environment hook '/home/merlabros2/RBE595/build/camera_module/share/camera_module/hook/pythonpath_develop.ps1'
[1.203s] INFO:colcon.colcon_core.shell:Creating environment descriptor '/home/merlabros2/RBE595/build/camera_module/share/camera_module/hook/pythonpath_develop.dsv'
[1.203s] INFO:colcon.colcon_core.shell:Creating environment hook '/home/merlabros2/RBE595/build/camera_module/share/camera_module/hook/pythonpath_develop.sh'
[1.204s] Level 1:colcon.colcon_core.environment:checking '/home/merlabros2/RBE595/install/camera_module' for CMake module files
[1.204s] Level 1:colcon.colcon_core.environment:checking '/home/merlabros2/RBE595/install/camera_module' for CMake config files
[1.204s] Level 1:colcon.colcon_core.environment:checking '/home/merlabros2/RBE595/install/camera_module/lib'
[1.204s] Level 1:colcon.colcon_core.environment:checking '/home/merlabros2/RBE595/install/camera_module/bin'
[1.204s] Level 1:colcon.colcon_core.environment:checking '/home/merlabros2/RBE595/install/camera_module/lib/pkgconfig/camera_module.pc'
[1.204s] Level 1:colcon.colcon_core.environment:checking '/home/merlabros2/RBE595/install/camera_module/lib/python3.10/site-packages'
[1.204s] Level 1:colcon.colcon_core.shell:create_environment_hook('camera_module', 'pythonpath')
[1.204s] INFO:colcon.colcon_core.shell:Creating environment hook '/home/merlabros2/RBE595/install/camera_module/share/camera_module/hook/pythonpath.ps1'
[1.204s] INFO:colcon.colcon_core.shell:Creating environment descriptor '/home/merlabros2/RBE595/install/camera_module/share/camera_module/hook/pythonpath.dsv'
[1.205s] INFO:colcon.colcon_core.shell:Creating environment hook '/home/merlabros2/RBE595/install/camera_module/share/camera_module/hook/pythonpath.sh'
[1.205s] Level 1:colcon.colcon_core.environment:checking '/home/merlabros2/RBE595/install/camera_module/bin'
[1.205s] Level 1:colcon.colcon_core.environment:create_environment_scripts_only(camera_module)
[1.205s] INFO:colcon.colcon_core.shell:Creating package script '/home/merlabros2/RBE595/install/camera_module/share/camera_module/package.ps1'
[1.205s] INFO:colcon.colcon_core.shell:Creating package descriptor '/home/merlabros2/RBE595/install/camera_module/share/camera_module/package.dsv'
[1.205s] INFO:colcon.colcon_core.shell:Creating package script '/home/merlabros2/RBE595/install/camera_module/share/camera_module/package.sh'
[1.206s] INFO:colcon.colcon_core.shell:Creating package script '/home/merlabros2/RBE595/install/camera_module/share/camera_module/package.bash'
[1.206s] INFO:colcon.colcon_core.shell:Creating package script '/home/merlabros2/RBE595/install/camera_module/share/camera_module/package.zsh'
[1.206s] Level 1:colcon.colcon_core.environment:create_file_with_runtime_dependencies(/home/merlabros2/RBE595/install/camera_module/share/colcon-core/packages/camera_module)
[1.206s] DEBUG:colcon.colcon_parallel_executor.executor.parallel:closing loop
[1.206s] DEBUG:colcon.colcon_parallel_executor.executor.parallel:loop closed
[1.206s] DEBUG:colcon.colcon_parallel_executor.executor.parallel:run_until_complete finished with '0'
[1.206s] DEBUG:colcon.colcon_core.event_reactor:joining thread
[1.210s] INFO:colcon.colcon_core.plugin_system:Skipping extension 'colcon_notification.desktop_notification.terminal_notifier': Not used on non-Darwin systems
[1.210s] INFO:colcon.colcon_core.plugin_system:Skipping extension 'colcon_notification.desktop_notification.win32': Not used on non-Windows systems
[1.210s] INFO:colcon.colcon_notification.desktop_notification:Sending desktop notification using 'notify2'
[1.214s] DEBUG:colcon.colcon_core.event_reactor:joined thread
[1.214s] INFO:colcon.colcon_core.shell:Creating prefix script '/home/merlabros2/RBE595/install/local_setup.ps1'
[1.215s] INFO:colcon.colcon_core.shell:Creating prefix util module '/home/merlabros2/RBE595/install/_local_setup_util_ps1.py'
[1.215s] INFO:colcon.colcon_core.shell:Creating prefix chain script '/home/merlabros2/RBE595/install/setup.ps1'
[1.215s] INFO:colcon.colcon_core.shell:Creating prefix script '/home/merlabros2/RBE595/install/local_setup.sh'
[1.216s] INFO:colcon.colcon_core.shell:Creating prefix util module '/home/merlabros2/RBE595/install/_local_setup_util_sh.py'
[1.216s] INFO:colcon.colcon_core.shell:Creating prefix chain script '/home/merlabros2/RBE595/install/setup.sh'
[1.216s] INFO:colcon.colcon_core.shell:Creating prefix script '/home/merlabros2/RBE595/install/local_setup.bash'
[1.216s] INFO:colcon.colcon_core.shell:Creating prefix chain script '/home/merlabros2/RBE595/install/setup.bash'
[1.217s] INFO:colcon.colcon_core.shell:Creating prefix script '/home/merlabros2/RBE595/install/local_setup.zsh'
[1.217s] INFO:colcon.colcon_core.shell:Creating prefix chain script '/home/merlabros2/RBE595/install/setup.zsh'
