[  3%] [34m[1mGenerating C code for ROS interfaces[0m
[  6%] [34m[1mGenerating C++ code for ROS interfaces[0m
[  6%] Built target ament_cmake_python_copy_franka_control
running egg_info
creating franka_control.egg-info
writing franka_control.egg-info/PKG-INFO
writing dependency_links to franka_control.egg-info/dependency_links.txt
writing top-level names to franka_control.egg-info/top_level.txt
writing manifest file 'franka_control.egg-info/SOURCES.txt'
reading manifest file 'franka_control.egg-info/SOURCES.txt'
writing manifest file 'franka_control.egg-info/SOURCES.txt'
[  6%] Built target franka_control__cpp
[  6%] Built target ament_cmake_python_build_franka_control_egg
[  9%] [32mBuilding C object CMakeFiles/franka_control__rosidl_generator_c.dir/rosidl_generator_c/franka_control/srv/detail/panda_srv__functions.c.o[0m
[ 12%] [34m[1mGenerating C++ type support dispatch for ROS interfaces[0m
[ 15%] [34m[1mGenerating C++ type support for eProsima Fast-RTPS[0m
[ 18%] [34m[1mGenerating C++ introspection for ROS interfaces[0m
[ 21%] [32m[1mLinking C shared library libfranka_control__rosidl_generator_c.so[0m
[ 21%] Built target franka_control__rosidl_generator_c
[ 30%] [34m[1mGenerating C type support for eProsima Fast-RTPS[0m
[ 30%] [34m[1mGenerating C introspection for ROS interfaces[0m
[ 30%] [34m[1mGenerating C type support dispatch for ROS interfaces[0m
[ 33%] [32mBuilding CXX object CMakeFiles/franka_control__rosidl_typesupport_cpp.dir/rosidl_typesupport_cpp/franka_control/srv/panda_srv__type_support.cpp.o[0m
[ 36%] [32mBuilding CXX object CMakeFiles/franka_control__rosidl_typesupport_introspection_cpp.dir/rosidl_typesupport_introspection_cpp/franka_control/srv/detail/panda_srv__type_support.cpp.o[0m
[ 39%] [32mBuilding CXX object CMakeFiles/franka_control__rosidl_typesupport_fastrtps_cpp.dir/rosidl_typesupport_fastrtps_cpp/franka_control/srv/detail/dds_fastrtps/panda_srv__type_support.cpp.o[0m
[ 42%] [32mBuilding CXX object CMakeFiles/franka_control__rosidl_typesupport_c.dir/rosidl_typesupport_c/franka_control/srv/panda_srv__type_support.cpp.o[0m
[ 45%] [32mBuilding C object CMakeFiles/franka_control__rosidl_typesupport_introspection_c.dir/rosidl_typesupport_introspection_c/franka_control/srv/detail/panda_srv__type_support.c.o[0m
[ 48%] [32mBuilding CXX object CMakeFiles/franka_control__rosidl_typesupport_fastrtps_c.dir/rosidl_typesupport_fastrtps_c/franka_control/srv/detail/panda_srv__type_support_c.cpp.o[0m
[ 51%] [32m[1mLinking CXX shared library libfranka_control__rosidl_typesupport_c.so[0m
[ 54%] [32m[1mLinking C shared library libfranka_control__rosidl_typesupport_introspection_c.so[0m
[ 57%] [32m[1mLinking CXX shared library libfranka_control__rosidl_typesupport_cpp.so[0m
[ 57%] Built target franka_control__rosidl_typesupport_c
[ 57%] Built target franka_control__rosidl_typesupport_introspection_c
[ 57%] Built target franka_control__rosidl_typesupport_cpp
[ 60%] [32mBuilding CXX object CMakeFiles/panda_control_node.dir/src/panda_control_node.cpp.o[0m
[ 63%] [32m[1mLinking CXX shared library libfranka_control__rosidl_typesupport_introspection_cpp.so[0m
[ 66%] [32m[1mLinking CXX shared library libfranka_control__rosidl_typesupport_fastrtps_cpp.so[0m
[ 66%] Built target franka_control__rosidl_typesupport_introspection_cpp
[ 69%] [32m[1mLinking CXX shared library libfranka_control__rosidl_typesupport_fastrtps_c.so[0m
[ 69%] Built target franka_control__rosidl_typesupport_fastrtps_cpp
[ 69%] Built target franka_control__rosidl_typesupport_fastrtps_c
[ 69%] Built target franka_control
[ 72%] [34m[1mGenerating Python code for ROS interfaces[0m
[ 72%] Built target franka_control__py
[ 75%] [32mBuilding C object CMakeFiles/franka_control__rosidl_generator_py.dir/rosidl_generator_py/franka_control/srv/_panda_srv_s.c.o[0m
[ 78%] [32m[1mLinking C shared library rosidl_generator_py/franka_control/libfranka_control__rosidl_generator_py.so[0m
[ 78%] Built target franka_control__rosidl_generator_py
[ 84%] [32mBuilding C object CMakeFiles/franka_control__rosidl_typesupport_c__pyext.dir/rosidl_generator_py/franka_control/_franka_control_s.ep.rosidl_typesupport_c.c.o[0m
[ 84%] [32mBuilding C object CMakeFiles/franka_control__rosidl_typesupport_fastrtps_c__pyext.dir/rosidl_generator_py/franka_control/_franka_control_s.ep.rosidl_typesupport_fastrtps_c.c.o[0m
[ 87%] [32mBuilding C object CMakeFiles/franka_control__rosidl_typesupport_introspection_c__pyext.dir/rosidl_generator_py/franka_control/_franka_control_s.ep.rosidl_typesupport_introspection_c.c.o[0m
[ 90%] [32m[1mLinking C shared library rosidl_generator_py/franka_control/franka_control_s__rosidl_typesupport_introspection_c.cpython-310-x86_64-linux-gnu.so[0m
[ 93%] [32m[1mLinking C shared library rosidl_generator_py/franka_control/franka_control_s__rosidl_typesupport_fastrtps_c.cpython-310-x86_64-linux-gnu.so[0m
[ 96%] [32m[1mLinking C shared library rosidl_generator_py/franka_control/franka_control_s__rosidl_typesupport_c.cpython-310-x86_64-linux-gnu.so[0m
[ 96%] Built target franka_control__rosidl_typesupport_introspection_c__pyext
[ 96%] Built target franka_control__rosidl_typesupport_fastrtps_c__pyext
[ 96%] Built target franka_control__rosidl_typesupport_c__pyext
[100%] [32m[1mLinking CXX executable panda_control_node[0m
[100%] Built target panda_control_node
